

 *********** PARTITION NUMBER  1 ******************************************************************************************

   PROJ=d          MASS=  2.0000 Z=   1.0,        # STATES=    1T, TARG=13C      MASS= 13.0000 Z=   6.0,     Q-VALUE =   0.0000 MEV.

     1:  J= 1.0+ (B# 1), E=  0.0000, K= 0.0              Potl#  1       J= 0.5- (B#-1), E=  0.0000, K= 0.5    


 ************************************************************************************************************************************

 The following POTENTIALS are defined :

  KP#       TYPE      IT    SHAPE      at     V1        r1        a1        V2        r2        a2        A-in     A-used


                                            A#1       A#2        r0c       ac                                                h @ 1
    1    0=Coulomb       0=CHARGE (WS)  1     2.000    13.000    0.8460    0.0000    0.0000    0.0000     0.000    47.095   0.10000

    1    1=Volume        0=Woods-Saxon  2   76.2622    0.8056    0.7475    1.1814    2.4981    2.3934     0.000    47.095

    1    2=Surface       0=Woods-Saxon  3    0.0000    0.0000    0.0000   12.7314    1.0378    0.5524     0.000    47.095

 Incoming partition  1 in excitation state # 1,   Laboratory Energy given for partition  1 Nucleus 1 in Excitation pair 1

0Lab. ENERGY ranges :
   18.000

 Largest real,imaginary parts of any form factor at R=   19.00 are   7.58E-02  1.80E-02 MeV
 Finished all Couplings @    6.70433044E-04           3

 Symmetric Hamiltonian
1***********************************************************************************************************************************
************************************************************************************************************************************

        INCOMING d        ;    LABORATORY d        ENERGY =   18.000     MeV.

 ***********************************************************************************************************************************
 ***********************************************************************************************************************************


  NOTE: Coulomb excitation cut off below   0.180 deg by JTMAX, and below   1.587 deg by Rmax

 Allocate arrays for            3  channels, of which            2  need wfs.
 Allocate arrays for            3  channels, of which            3  need wfs.
 Reaction Xsec    23.5+/23 @ 1 =   0.174 , Out:   0.000#
 Reaction Xsec    23.5+/23 @ 2 =   0.174 , Out:   0.000#
 Reaction Xsec    23.5+/25 @ 3 =   0.014 , Out:   0.000#
 Reaction Xsec    23.5-/22 @ 1 =   0.520 , Out:   0.000#
 Reaction Xsec    23.5-/24 @ 2 =   0.052 , Out:   0.000#
 Reaction Xsec    23.5-/24 @ 3 =   0.052 , Out:   0.000#
 Finished all CC sets @    4.57668304E-03
0CUMULATIVE REACTION cross section                 = 3154.65058  <L> =     8.82  <L**2> =     97.6
0CUMULATIVE outgoing cross sections in partition 1 :    0.00000
0Cumulative ABSORBTION by Imaginary Potentials     = 3154.65058  <L> =     8.82  <L**2> =     97.6
   Fusion for specific d        M-states : 3130.807013 3154.574686 3130.807013
0CUMULATIVE OUTGOING cross section                 =    0.00000
 To convert to S-factors (MeV.mb = keV.b),  multiply by  1.1288E+02


 CROSS SECTIONS FOR OUTGOING d        & 13C      in state #   1 with spins & parities 1.0  + &  0.5  -;  0

     1.00 deg.: X-S =   3.1762E+07 mb/sr,
+                                         /R =   9.6082E-01
     2.00 deg.: X-S =   1.8069E+06 mb/sr,
+                                         /R =   8.7440E-01
     3.00 deg.: X-S =   3.2481E+05 mb/sr,
+                                         /R =   7.9555E-01
     4.00 deg.: X-S =   9.8529E+04 mb/sr,
+                                         /R =   7.6244E-01
     5.00 deg.: X-S =   4.2219E+04 mb/sr,
+                                         /R =   7.9725E-01
     6.00 deg.: X-S =   2.3131E+04 mb/sr,
+                                         /R =   9.0523E-01
     7.00 deg.: X-S =   1.4841E+04 mb/sr,
+                                         /R =   1.0753E+00
     8.00 deg.: X-S =   1.0391E+04 mb/sr,
+                                         /R =   1.2834E+00
     9.00 deg.: X-S =  7582.837094 mb/sr,
+                                         /R =   1.4989E+00
    10.00 deg.: X-S =  5618.424203 mb/sr,
+                                         /R =   1.6911E+00
    11.00 deg.: X-S =  4170.426347 mb/sr,
+                                         /R =   1.8358E+00
    12.00 deg.: X-S =  3082.316784 mb/sr,
+                                         /R =   1.9195E+00
    13.00 deg.: X-S =  2264.111636 mb/sr,
+                                         /R =   1.9395E+00
    14.00 deg.: X-S =  1654.027178 mb/sr,
+                                         /R =   1.9032E+00
    15.00 deg.: X-S =  1204.416452 mb/sr,
+                                         /R =   1.8236E+00
    16.00 deg.: X-S =   876.806047 mb/sr,
+                                         /R =   1.7159E+00
    17.00 deg.: X-S =   640.144631 mb/sr,
+                                         /R =   1.5939E+00
    18.00 deg.: X-S =   469.947722 mb/sr,
+                                         /R =   1.4681E+00
    19.00 deg.: X-S =   347.510137 mb/sr,
+                                         /R =   1.3451E+00
    20.00 deg.: X-S =   258.992652 mb/sr,
+                                         /R =   1.2284E+00
    21.00 deg.: X-S =   194.436798 mb/sr,
+                                         /R =   1.1186E+00
    22.00 deg.: X-S =   146.822621 mb/sr,
+                                         /R =   1.0152E+00
    23.00 deg.: X-S =   111.260836 mb/sr,
+                                         /R =   9.1691E-01
    24.00 deg.: X-S =    84.360667 mb/sr,
+                                         /R =   8.2228E-01
    25.00 deg.: X-S =    63.769249 mb/sr,
+                                         /R =   7.3000E-01
    26.00 deg.: X-S =    47.851177 mb/sr,
+                                         /R =   6.3916E-01
    27.00 deg.: X-S =    35.468522 mb/sr,
+                                         /R =   5.4947E-01
    28.00 deg.: X-S =    25.826863 mb/sr,
+                                         /R =   4.6146E-01
    29.00 deg.: X-S =    18.363884 mb/sr,
+                                         /R =   3.7647E-01
    30.00 deg.: X-S =    12.667679 mb/sr,
+                                         /R =   2.9651E-01
    31.00 deg.: X-S =     8.418768 mb/sr,
+                                         /R =   2.2398E-01
    32.00 deg.: X-S =     5.352523 mb/sr,
+                                         /R =   1.6117E-01
    33.00 deg.: X-S =     3.238556 mb/sr,
+                                         /R =   1.0992E-01
    34.00 deg.: X-S =     1.872545 mb/sr,
+                                         /R =   7.1373E-02
    35.00 deg.: X-S =     1.075411 mb/sr,
+                                         /R =   4.5867E-02
    36.00 deg.: X-S =     0.695206 mb/sr,
+                                         /R =   3.3068E-02
    37.00 deg.: X-S =     0.608494 mb/sr,
+                                         /R =   3.2175E-02
    38.00 deg.: X-S =     0.719616 mb/sr,
+                                         /R =   4.2173E-02
    39.00 deg.: X-S =     0.957693 mb/sr,
+                                         /R =   6.2025E-02
    40.00 deg.: X-S =     1.272028 mb/sr,
+                                         /R =   9.0796E-02
    41.00 deg.: X-S =     1.626864 mb/sr,
+                                         /R =   1.2765E-01
    42.00 deg.: X-S =     1.996338 mb/sr,
+                                         /R =   1.7176E-01
    43.00 deg.: X-S =     2.360229 mb/sr,
+                                         /R =   2.2214E-01
    44.00 deg.: X-S =     2.700862 mb/sr,
+                                         /R =   2.7744E-01
    45.00 deg.: X-S =     3.001354 mb/sr,
+                                         /R =   3.3577E-01
    46.00 deg.: X-S =     3.245210 mb/sr,
+                                         /R =   3.9456E-01
    47.00 deg.: X-S =     3.417143 mb/sr,
+                                         /R =   4.5063E-01
    48.00 deg.: X-S =     3.504753 mb/sr,
+                                         /R =   5.0035E-01
    49.00 deg.: X-S =     3.500552 mb/sr,
+                                         /R =   5.4002E-01
    50.00 deg.: X-S =     3.403726 mb/sr,
+                                         /R =   5.6638E-01
    51.00 deg.: X-S =     3.221084 mb/sr,
+                                         /R =   5.7717E-01
    52.00 deg.: X-S =     2.966832 mb/sr,
+                                         /R =   5.7151E-01
    53.00 deg.: X-S =     2.661138 mb/sr,
+                                         /R =   5.5022E-01
    54.00 deg.: X-S =     2.327723 mb/sr,
+                                         /R =   5.1580E-01
    55.00 deg.: X-S =     1.990970 mb/sr,
+                                         /R =   4.7212E-01
    56.00 deg.: X-S =     1.673112 mb/sr,
+                                         /R =   4.2396E-01
    57.00 deg.: X-S =     1.392006 mb/sr,
+                                         /R =   3.7641E-01
    58.00 deg.: X-S =     1.159813 mb/sr,
+                                         /R =   3.3422E-01
    59.00 deg.: X-S =     0.982673 mb/sr,
+                                         /R =   3.0139E-01
    60.00 deg.: X-S =     0.861264 mb/sr,
+                                         /R =   2.8079E-01
    61.00 deg.: X-S =     0.791964 mb/sr,
+                                         /R =   2.7412E-01
    62.00 deg.: X-S =     0.768288 mb/sr,
+                                         /R =   2.8200E-01
    63.00 deg.: X-S =     0.782309 mb/sr,
+                                         /R =   3.0415E-01
    64.00 deg.: X-S =     0.825829 mb/sr,
+                                         /R =   3.3970E-01
    65.00 deg.: X-S =     0.891202 mb/sr,
+                                         /R =   3.8744E-01
    66.00 deg.: X-S =     0.971772 mb/sr,
+                                         /R =   4.4603E-01
    67.00 deg.: X-S =     1.062002 mb/sr,
+                                         /R =   5.1410E-01
    68.00 deg.: X-S =     1.157362 mb/sr,
+                                         /R =   5.9031E-01
    69.00 deg.: X-S =     1.254096 mb/sr,
+                                         /R =   6.7330E-01
    70.00 deg.: X-S =     1.348946 mb/sr,
+                                         /R =   7.6159E-01
    71.00 deg.: X-S =     1.438901 mb/sr,
+                                         /R =   8.5351E-01
    72.00 deg.: X-S =     1.521024 mb/sr,
+                                         /R =   9.4705E-01
    73.00 deg.: X-S =     1.592368 mb/sr,
+                                         /R =   1.0398E+00
    74.00 deg.: X-S =     1.649997 mb/sr,
+                                         /R =   1.1290E+00
    75.00 deg.: X-S =     1.691100 mb/sr,
+                                         /R =   1.2115E+00
    76.00 deg.: X-S =     1.713175 mb/sr,
+                                         /R =   1.2839E+00
    77.00 deg.: X-S =     1.714260 mb/sr,
+                                         /R =   1.3429E+00
    78.00 deg.: X-S =     1.693154 mb/sr,
+                                         /R =   1.3853E+00
    79.00 deg.: X-S =     1.649616 mb/sr,
+                                         /R =   1.4086E+00
    80.00 deg.: X-S =     1.584479 mb/sr,
+                                         /R =   1.4110E+00
    81.00 deg.: X-S =     1.499661 mb/sr,
+                                         /R =   1.3917E+00
    82.00 deg.: X-S =     1.398068 mb/sr,
+                                         /R =   1.3510E+00
    83.00 deg.: X-S =     1.283388 mb/sr,
+                                         /R =   1.2906E+00
    84.00 deg.: X-S =     1.159802 mb/sr,
+                                         /R =   1.2128E+00
    85.00 deg.: X-S =     1.031663 mb/sr,
+                                         /R =   1.1211E+00
    86.00 deg.: X-S =     0.903165 mb/sr,
+                                         /R =   1.0192E+00
    87.00 deg.: X-S =     0.778070 mb/sr,
+                                         /R =   9.1123E-01
    88.00 deg.: X-S =     0.659505 mb/sr,
+                                         /R =   8.0106E-01
    89.00 deg.: X-S =     0.549856 mb/sr,
+                                         /R =   6.9224E-01
    90.00 deg.: X-S =     0.450760 mb/sr,
+                                         /R =   5.8782E-01
    91.00 deg.: X-S =     0.363170 mb/sr,
+                                         /R =   4.9028E-01
    92.00 deg.: X-S =     0.287479 mb/sr,
+                                         /R =   4.0152E-01
    93.00 deg.: X-S =     0.223670 mb/sr,
+                                         /R =   3.2301E-01
    94.00 deg.: X-S =     0.171459 mb/sr,
+                                         /R =   2.5588E-01
    95.00 deg.: X-S =     0.130419 mb/sr,
+                                         /R =   2.0101E-01
    96.00 deg.: X-S =     0.100061 mb/sr,
+                                         /R =   1.5919E-01
    97.00 deg.: X-S =     0.079884 mb/sr,
+                                         /R =   1.3111E-01
    98.00 deg.: X-S =     0.069377 mb/sr,
+                                         /R =   1.1741E-01
    99.00 deg.: X-S =     0.068005 mb/sr,
+                                         /R =   1.1860E-01
   100.00 deg.: X-S =     0.075177 mb/sr,
+                                         /R =   1.3504E-01
   101.00 deg.: X-S =     0.090205 mb/sr,
+                                         /R =   1.6681E-01
   102.00 deg.: X-S =     0.112287 mb/sr,
+                                         /R =   2.1365E-01
   103.00 deg.: X-S =     0.140488 mb/sr,
+                                         /R =   2.7490E-01
   104.00 deg.: X-S =     0.173743 mb/sr,
+                                         /R =   3.4946E-01
   105.00 deg.: X-S =     0.210884 mb/sr,
+                                         /R =   4.3579E-01
   106.00 deg.: X-S =     0.250669 mb/sr,
+                                         /R =   5.3193E-01
   107.00 deg.: X-S =     0.291827 mb/sr,
+                                         /R =   6.3563E-01
   108.00 deg.: X-S =     0.333104 mb/sr,
+                                         /R =   7.4434E-01
   109.00 deg.: X-S =     0.373310 mb/sr,
+                                         /R =   8.5541E-01
   110.00 deg.: X-S =     0.411359 mb/sr,
+                                         /R =   9.6614E-01
   111.00 deg.: X-S =     0.446304 mb/sr,
+                                         /R =   1.0739E+00
   112.00 deg.: X-S =     0.477358 mb/sr,
+                                         /R =   1.1763E+00
   113.00 deg.: X-S =     0.503912 mb/sr,
+                                         /R =   1.2710E+00
   114.00 deg.: X-S =     0.525542 mb/sr,
+                                         /R =   1.3562E+00
   115.00 deg.: X-S =     0.542002 mb/sr,
+                                         /R =   1.4305E+00
   116.00 deg.: X-S =     0.553224 mb/sr,
+                                         /R =   1.4926E+00
   117.00 deg.: X-S =     0.559295 mb/sr,
+                                         /R =   1.5419E+00
   118.00 deg.: X-S =     0.560445 mb/sr,
+                                         /R =   1.5782E+00
   119.00 deg.: X-S =     0.557023 mb/sr,
+                                         /R =   1.6015E+00
   120.00 deg.: X-S =     0.549466 mb/sr,
+                                         /R =   1.6122E+00
   121.00 deg.: X-S =     0.538273 mb/sr,
+                                         /R =   1.6112E+00
   122.00 deg.: X-S =     0.523974 mb/sr,
+                                         /R =   1.5994E+00
   123.00 deg.: X-S =     0.507100 mb/sr,
+                                         /R =   1.5778E+00
   124.00 deg.: X-S =     0.488157 mb/sr,
+                                         /R =   1.5476E+00
   125.00 deg.: X-S =     0.467604 mb/sr,
+                                         /R =   1.5099E+00
   126.00 deg.: X-S =     0.445841 mb/sr,
+                                         /R =   1.4658E+00
   127.00 deg.: X-S =     0.423200 mb/sr,
+                                         /R =   1.4160E+00
   128.00 deg.: X-S =     0.399945 mb/sr,
+                                         /R =   1.3615E+00
   129.00 deg.: X-S =     0.376282 mb/sr,
+                                         /R =   1.3027E+00
   130.00 deg.: X-S =     0.352366 mb/sr,
+                                         /R =   1.2401E+00
   131.00 deg.: X-S =     0.328319 mb/sr,
+                                         /R =   1.1742E+00
   132.00 deg.: X-S =     0.304243 mb/sr,
+                                         /R =   1.1054E+00
   133.00 deg.: X-S =     0.280231 mb/sr,
+                                         /R =   1.0339E+00
   134.00 deg.: X-S =     0.256377 mb/sr,
+                                         /R =   9.6017E-01
   135.00 deg.: X-S =     0.232783 mb/sr,
+                                         /R =   8.8466E-01
   136.00 deg.: X-S =     0.209557 mb/sr,
+                                         /R =   8.0784E-01
   137.00 deg.: X-S =     0.186816 mb/sr,
+                                         /R =   7.3028E-01
   138.00 deg.: X-S =     0.164686 mb/sr,
+                                         /R =   6.5257E-01
   139.00 deg.: X-S =     0.143294 mb/sr,
+                                         /R =   5.7536E-01
   140.00 deg.: X-S =     0.122778 mb/sr,
+                                         /R =   4.9937E-01
   141.00 deg.: X-S =     0.103277 mb/sr,
+                                         /R =   4.2536E-01
   142.00 deg.: X-S =     0.084945 mb/sr,
+                                         /R =   3.5414E-01
   143.00 deg.: X-S =     0.067944 mb/sr,
+                                         /R =   2.8664E-01
   144.00 deg.: X-S =     0.052452 mb/sr,
+                                         /R =   2.2385E-01
   145.00 deg.: X-S =     0.038663 mb/sr,
+                                         /R =   1.6685E-01
   146.00 deg.: X-S =     0.026783 mb/sr,
+                                         /R =   1.1685E-01
   147.00 deg.: X-S =     0.017030 mb/sr,
+                                         /R =   7.5080E-02
   148.00 deg.: X-S =     0.009621 mb/sr,
+                                         /R =   4.2850E-02
   149.00 deg.: X-S =     0.004769 mb/sr,
+                                         /R =   2.1448E-02
   150.00 deg.: X-S =     0.002667 mb/sr,
+                                         /R =   1.2109E-02
   151.00 deg.: X-S =     0.003484 mb/sr,
+                                         /R =   1.5965E-02
   152.00 deg.: X-S =     0.007353 mb/sr,
+                                         /R =   3.3996E-02
   153.00 deg.: X-S =     0.014368 mb/sr,
+                                         /R =   6.7001E-02
   154.00 deg.: X-S =     0.024582 mb/sr,
+                                         /R =   1.1558E-01
   155.00 deg.: X-S =     0.038006 mb/sr,
+                                         /R =   1.8011E-01
   156.00 deg.: X-S =     0.054613 mb/sr,
+                                         /R =   2.6078E-01
   157.00 deg.: X-S =     0.074340 mb/sr,
+                                         /R =   3.5757E-01
   158.00 deg.: X-S =     0.097090 mb/sr,
+                                         /R =   4.7024E-01
   159.00 deg.: X-S =     0.122733 mb/sr,
+                                         /R =   5.9839E-01
   160.00 deg.: X-S =     0.151106 mb/sr,
+                                         /R =   7.4140E-01
   161.00 deg.: X-S =     0.182009 mb/sr,
+                                         /R =   8.9839E-01
   162.00 deg.: X-S =     0.215198 mb/sr,
+                                         /R =   1.0683E+00
   163.00 deg.: X-S =     0.250382 mb/sr,
+                                         /R =   1.2496E+00
   164.00 deg.: X-S =     0.287215 mb/sr,
+                                         /R =   1.4407E+00
   165.00 deg.: X-S =     0.325299 mb/sr,
+                                         /R =   1.6395E+00
   166.00 deg.: X-S =     0.364177 mb/sr,
+                                         /R =   1.8437E+00
   167.00 deg.: X-S =     0.403350 mb/sr,
+                                         /R =   2.0504E+00
   168.00 deg.: X-S =     0.442278 mb/sr,
+                                         /R =   2.2569E+00
   169.00 deg.: X-S =     0.480403 mb/sr,
+                                         /R =   2.4601E+00
   170.00 deg.: X-S =     0.517166 mb/sr,
+                                         /R =   2.6569E+00
   171.00 deg.: X-S =     0.552023 mb/sr,
+                                         /R =   2.8442E+00
   172.00 deg.: X-S =     0.584469 mb/sr,
+                                         /R =   3.0192E+00
   173.00 deg.: X-S =     0.614049 mb/sr,
+                                         /R =   3.1792E+00
   174.00 deg.: X-S =     0.640372 mb/sr,
+                                         /R =   3.3221E+00
   175.00 deg.: X-S =     0.663112 mb/sr,
+                                         /R =   3.4458E+00
   176.00 deg.: X-S =     0.682015 mb/sr,
+                                         /R =   3.5489E+00
   177.00 deg.: X-S =     0.696889 mb/sr,
+                                         /R =   3.6302E+00
   178.00 deg.: X-S =     0.707599 mb/sr,
+                                         /R =   3.6888E+00
   179.00 deg.: X-S =     0.714057 mb/sr,
+                                         /R =   3.7242E+00
   179.99 deg.: X-S =     0.716214 mb/sr,
+                                         /R =   3.7360E+00
     5.78 deg.: X-S =   2.5974E+04 mb/sr,
+                                         /R =   8.7553E-01
    10.40 deg.: X-S =  4988.254938 mb/sr,
+                                         /R =   1.7557E+00
    18.47 deg.: X-S =   407.769928 mb/sr,
+                                         /R =   1.4100E+00
    24.21 deg.: X-S =    79.621219 mb/sr,
+                                         /R =   8.0293E-01
    25.35 deg.: X-S =    57.667411 mb/sr,
+                                         /R =   6.9770E-01
    26.50 deg.: X-S =    41.298859 mb/sr,
+                                         /R =   5.9434E-01
    28.78 deg.: X-S =    19.813894 mb/sr,
+                                         /R =   3.9448E-01
    31.07 deg.: X-S =     8.186159 mb/sr,
+                                         /R =   2.1958E-01
    33.34 deg.: X-S =     2.696777 mb/sr,
+                                         /R =   9.5276E-02
    34.48 deg.: X-S =     1.430541 mb/sr,
+                                         /R =   5.7561E-02
    36.75 deg.: X-S =     0.608420 mb/sr,
+                                         /R =   3.1330E-02
    39.01 deg.: X-S =     0.960245 mb/sr,
+                                         /R =   6.2246E-02
    41.27 deg.: X-S =     1.724619 mb/sr,
+                                         /R =   1.3871E-01
    43.52 deg.: X-S =     2.539973 mb/sr,
+                                         /R =   2.5016E-01
    45.76 deg.: X-S =     3.192701 mb/sr,
+                                         /R =   3.8057E-01
    48.00 deg.: X-S =     3.504625 mb/sr,
+                                         /R =   5.0021E-01
    50.23 deg.: X-S =     3.369558 mb/sr,
+                                         /R =   5.7024E-01
    52.45 deg.: X-S =     2.834877 mb/sr,
+                                         /R =   5.6379E-01
    54.66 deg.: X-S =     2.103715 mb/sr,
+                                         /R =   4.8763E-01
    56.87 deg.: X-S =     1.426512 mb/sr,
+                                         /R =   3.8247E-01
    59.07 deg.: X-S =     0.972962 mb/sr,
+                                         /R =   2.9963E-01
    61.26 deg.: X-S =     0.781893 mb/sr,
+                                         /R =   2.7475E-01
    63.44 deg.: X-S =     0.798084 mb/sr,
+                                         /R =   3.1803E-01
    65.61 deg.: X-S =     0.938592 mb/sr,
+                                         /R =   4.2174E-01
    67.77 deg.: X-S =     1.134989 mb/sr,
+                                         /R =   5.7197E-01
    72.06 deg.: X-S =     1.525867 mb/sr,
+                                         /R =   9.5295E-01
                                           Integrated72416.6236 mb, over [   1.000, 180.000] at    18.0000 MeV 
 Finished all xsecs @    8.53157043E-03

  The following files have been created:
   3:local copy of User input.           13:total cross sections/state.        
  16:tables of cross sections.           39:cross sections for each Ecm.       
  40:all cross sectns. for each Elab.    56:Fusion for each Jtotal.            
 201:Separate cross sections.           

 PARAMETERS : MAXQRN   MFNL   MLOC  LMAX1 MCLIST
    ALLOWED :      1      9      3    220      5
    REQUIRED:      0      0      3     26      3


 ACCURACY ANALYSIS at    18.000 MeV :

  Elastic h*k = 0.114 so OK       compared with 0.200

   Real(S-el) > 0.01 first at J =       0.5
   Real(S-el) > 0.10 first at J =       2.5
   Real(S-el) > 0.50 first at J =       5.5
   Real(S-el) > 0.90 first at J =      12.5
   Real(S-el) > 0.99 first at J =      18.5
   R-turn =    20.93 fm    at J =      23.5

 Forward-angle excitation cut off below   1.504 deg by max JT =      23.5
                              and below   1.587 deg by max R.

