SFRESCO - FRES 3.2: Search Coupled Reaction Channels

 Please give search file name
 SFresco search file = search.info                                       

 Fresco input file = fresco.in                                         
   and output file = fresco.out                                        
 Search on  6 variables for   1 datasets,
  MINUIT RELEASE 96.03  INITIALIZED.   DIMENSIONS 100/ 50  EPSMAC=  0.89E-15

  Define SEARCH VARIABLES:

   Variable  1=V_vol      is potential KP= 1, line= 2 col= 1
     value from Fresco input, step  0.0100, min,max   0.0000  0.0000

   Variable  2=r0_vol     is potential KP= 1, line= 2 col= 2
     value from Fresco input, step  0.0100, min,max   0.7000  2.0000

   Variable  3=a_vol      is potential KP= 1, line= 2 col= 3
     value from Fresco input, step  0.0100, min,max   0.0000  0.0000

   Variable  4=W_vol      is potential KP= 1, line= 2 col= 4
     value from Fresco input, step 15.0000, min,max   0.7000  2.0000

   Variable  5=rw_vol     is potential KP= 1, line= 2 col= 5
     value from Fresco input, step  0.1000, min,max   0.4000  2.0000

   Variable  6=aw_vol     is potential KP= 1, line= 2 col= 6
     value from Fresco input, step  0.1000, min,max   0.3000  1.3000

  Read definition of data set            1
  Read DATA SET  1 from file d_9Be.exp                                         
    of type  0  in mb    with absolute errors, CM  for state/excit  1  1,  idir= 0

  Angular cross section T00 for energy  35.000 MeV
  To open file for dataset            1 : d_9Be.exp                                         
  Read data set            1
            98  data points for lab energy    35.0000000    
  Angle CM  Datum     Absolute error
   19.512   380.3       57.04    
   20.725   251.3       25.13    
   21.695   108.7       10.87    
   22.907   70.23       7.023    
   23.149   111.4       11.14    
   24.117   42.57       4.257    
   26.534   16.56       1.656    
   26.775   41.86       4.186    
   26.775   45.98       4.598    
   28.945   13.68       1.368    
   29.186   18.20       1.820    
   30.148   16.99       1.699    
   31.350   23.02       2.302    
   31.590   13.84       1.384    
   32.191   13.99       1.399    
   32.550   28.73       2.873    
   32.790   17.07       1.707    
   33.749   32.17       3.217    
   33.988   22.75       2.275    
   34.587   27.05       2.705    
   34.587   25.35       2.535    
   36.141   41.90       4.190    
   36.379   33.22       3.322    
   38.525   42.67       4.267    
   38.763   38.31       3.831    
   39.714   42.89       4.289    
   39.952   40.84       4.084    
   42.086   40.13       4.013    
   42.086   37.88       3.788    
   42.323   44.48       4.448    
   42.323   40.79       4.079    
   42.323   39.95       3.994    
   43.505   22.20       2.220    
   44.686   25.01       2.501    
   45.628   29.56       2.956    
   45.864   32.38       3.238    
   46.108   25.48       2.548    
   47.039   23.60       2.360    
   47.304   22.55       2.255    
   48.499   20.46       2.046    
   48.499   20.16       2.016    
   49.149   20.36       2.036    
   49.383   23.80       2.380    
   49.691   17.36       1.736    
   50.551   18.86       1.887    
   50.551   19.48       1.948    
   50.882   15.64       1.564    
   51.484   15.13       1.513    
   51.717   17.77       1.777    
   52.070   13.26       1.326    
   52.880   15.52       1.552    
   54.041   13.93       1.393    
   54.441   10.71       1.071    
   55.198   11.68       1.168    
   55.623   9.614      0.9614    
   55.776   11.06       1.106    
   56.353   10.59       1.059    
   56.353   10.48       1.048    
   56.803   8.632      0.8632    
   57.506   9.290      0.9290    
   57.981   7.950      0.7950    
   58.081   6.318      0.6318    
   58.081   8.506      0.8506    
   59.157   7.461      0.7461    
   59.801   7.866      0.7866    
   60.373   7.676      0.7676    
   61.500   6.666      0.6666    
   62.085   7.057      0.7057    
   63.223   6.709      0.6709    
   63.833   6.171      0.6171    
   64.996   6.035      0.6035    
   65.488   6.708      0.6708    
   65.488   6.343      0.6343    
   65.488   6.202      0.6202    
   67.314   6.268      0.6268    
   67.314   5.732      0.5732    
   67.314   5.558      0.5558    
   68.863   5.307      0.5307    
   70.770   4.908      0.4908    
   72.207   5.050      0.5050    
   74.199   4.398      0.4398    
   74.420   4.466      0.4466    
   74.420   4.505      0.4505    
   76.470   3.878      0.3878    
   76.619   3.977      0.3977    
   78.804   3.411      0.3411    
   82.053   2.864      0.2864    
   84.201   2.546      0.2546    
   86.334   2.178      0.2178    
   90.554   1.490      0.1490    
   94.713   1.060      0.1060    
   97.790  0.9137      0.9137E-01
  101.840  0.7197      0.7197E-01
  102.840  0.6539      0.6539E-01
  104.830  0.5153      0.5153E-01
  106.810  0.3674      0.3674E-01
  107.790  0.6379      0.6379E-01
  109.740  0.6470      0.6470E-01

  FRESCO output to fresco.out*

 Calculate scattering at energies
   35.000

    Var   1=V_vol      value    89.142998
    Var   2=r0_vol     value     0.728000
    Var   3=a_vol      value     0.880000
    Var   4=W_vol      value     3.100000
    Var   5=rw_vol     value     0.842000
    Var   6=aw_vol     value     0.647000

  Total ChiSq/N =   112.6471 from    112.647

 PARAMETER DEFINITIONS:
    NO.   NAME         VALUE      STEP SIZE      LIMITS
     1 'V_vol     '    89.143      0.10000E-01     no limits
     2 'r0_vol    '   0.72800      0.10000E-01    0.70000       2.0000    
     3 'a_vol     '   0.88000      0.10000E-01     no limits
     4 'W_vol     '    3.1000       15.000        0.70000       2.0000    
 MINUIT WARNING IN PARAM DEF
 ============== STARTING VALUE OUTSIDE LIMITS.
 MINUIT WARNING IN PARAMETR
 ============== VARIABLE   4 BROUGHT BACK INSIDE LIMITS.  
 MINUIT WARNING IN PARAMETR
 ============== VARIABLE   4 BROUGHT BACK INSIDE LIMITS.  
 MINUIT WARNING IN PARAMETR
 ============== VARIABLE   4 BROUGHT BACK INSIDE LIMITS.  
     5 'rw_vol    '   0.84200      0.10000        0.40000       2.0000    
     6 'aw_vol    '   0.64700      0.10000        0.30000       1.3000    
sfresco> 
   Call MINUIT
   with NOGradient, STRategy=0, ERRordef=  0.0102
 **********
 **    1 **SET NOGRADIENT 
 **********
 **********
 **    2 **SET STRAT    0.000    
 **********

 NOW USING STRATEGY  0: MINIMIZE THE NUMBER OF CALLS TO FUNCTION

 **********
 **    3 **SET ERRORDEF  0.1020E-01
 **********
minuit>  **********
 **    4 **#FIX    1.000    
 **********
           UNKNOWN COMMAND IGNORED:#FIX 
minuit>  **********
 **    5 **#FIX    2.000    
 **********
           UNKNOWN COMMAND IGNORED:#FIX 
minuit>  **********
 **    6 **#FIX    3.000    
 **********
           UNKNOWN COMMAND IGNORED:#FIX 
minuit>  **********
 **    7 **MIGRAD 
 **********

 FIRST CALL TO USER FUNCTION AT NEW START POINT, WITH IFLAG=4.
 MINUIT WARNING IN MIGrad  
 ============== VARIABLE   4 BROUGHT BACK INSIDE LIMITS.  
 START MIGRAD MINIMIZATION.  STRATEGY 0.  CONVERGENCE WHEN EDM .LT. 0.10E-05

 FCN=   36.72812     FROM MIGRAD    STATUS=INITIATE      43 CALLS       44 TOTAL
                     EDM= unknown      STRATEGY= 0      NO ERROR MATRIX       

  EXT PARAMETER               CURRENT GUESS       STEP         FIRST   
  NO.   NAME        VALUE          ERROR          SIZE      DERIVATIVE 
   1    V_vol       89.143       0.10000E-01    0.0000        3.5945    
   2    r0_vol     0.72800       0.10000E-01    0.0000        139.97    
   3    a_vol      0.88000       0.10000E-01    0.0000        302.97    
   4    W_vol       2.0000        15.000        0.0000      -0.47422E-01
   5    rw_vol      1.4277       0.10000       0.75257       -94.082    
   6    aw_vol     0.64700       0.10000        0.0000       -12.010    
                               ERR DEF= 0.102E-01

 MIGRAD MINIMIZATION HAS CONVERGED.

 FCN=   5.256215     FROM MIGRAD    STATUS=CONVERGED    336 CALLS      337 TOTAL
                     EDM=  0.30E-07  STRATEGY=0  ERROR MATRIX UNCERTAINTY=  5.4%

  EXT PARAMETER                APPROXIMATE        STEP         FIRST   
  NO.   NAME        VALUE          ERROR          SIZE      DERIVATIVE 
   1    V_vol       76.740       0.47016       0.31334E-02   0.68832E-04
   2    r0_vol     0.70000       0.29217E-02  -0.89201E-03** at limit **
   3    a_vol      0.80749       0.45769E-02  -0.10812E-04   0.31266E-02
   4    W_vol       2.0000       0.26961E-03  -0.40148E-05   0.46758E-04
   5    rw_vol      1.1484       0.22840E-01   0.12585E-03  -0.95186E-03
   6    aw_vol      1.3000       0.73558E-02  -0.22438E-03** at limit **
                               ERR DEF= 0.102E-01

 EXTERNAL ERROR MATRIX.    NDIM=  50    NPAR=  6    ERR DEF= 0.102E-01
  0.221E+00-0.379E-09 0.328E-03-0.590E-08 0.635E-02-0.235E-06
 -0.379E-09 0.127E-14-0.142E-11 0.311E-13 0.938E-11-0.659E-14
  0.328E-03-0.142E-11 0.209E-04 0.927E-09 0.526E-04 0.996E-09
 -0.590E-08 0.311E-13 0.927E-09 0.393E-08 0.166E-08 0.655E-12
  0.635E-02 0.938E-11 0.526E-04 0.166E-08 0.522E-03-0.358E-08
 -0.235E-06-0.659E-14 0.996E-09 0.655E-12-0.358E-08 0.158E-09
 ERR MATRIX APPROXIMATE

 PARAMETER  CORRELATION COEFFICIENTS
       NO.  GLOBAL     1     2     3     4     5     6
        1  0.61608  1.000-0.023 0.152-0.000 0.591-0.040
        2  0.05015 -0.023 1.000-0.009 0.014 0.012-0.015
        3  0.53535  0.152-0.009 1.000 0.003 0.503 0.017
        4  0.01432 -0.000 0.014 0.003 1.000 0.001 0.001
        5  0.72467  0.591 0.012 0.503 0.001 1.000-0.012
        6  0.04886 -0.040-0.015 0.017 0.001-0.012 1.000
 ERR MATRIX APPROXIMATE
minuit>  **********
 **    8 **END 
 **********

 CALL TO USER FUNCTION WITH IFLAG = 3

 END OF MINUIT COMMAND INPUT.    RETURN TO USER PROGRAM.

sfresco>     Var   1=V_vol      value    76.740250, step   0.0100, error   0.4702
    Var   2=r0_vol     value     0.700000, step   0.0100, error   0.0029
    Var   3=a_vol      value     0.807487, step   0.0100, error   0.0046
    Var   4=W_vol      value     1.999996, step  15.0000, error   0.0003
    Var   5=rw_vol     value     1.148443, step   0.1000, error   0.0228
    Var   6=aw_vol     value     1.300000, step   0.1000, error   0.0074
sfresco> 
  Dataset            1  <d_9Be.exp>
    Angle   Datum      Abs. error  Theory         Chi
   19.512  380.27      57.040      321.35          1.0671
   20.725  251.32      25.132      219.43          1.6100
   21.695  108.70      10.870      155.64         18.6502
   22.907  70.228      7.0228      95.427         12.8751
   23.149  111.36      11.136      85.726          5.2986
   24.117  42.568      4.2568      53.733          6.8799
   26.534  16.562      1.6562      12.012          7.5463
   26.775  41.857      4.1857      10.143         57.4057
   26.775  45.981      4.5981      10.143         60.7465
   28.945  13.680      1.3680      5.4057         36.5840
   29.186  18.196      1.8196      5.8796         45.8155
   30.148  16.988      1.6988      9.0135         22.0352
   31.350  23.017      2.3017      14.756         12.8826
   31.590  13.836      1.3836      16.034          2.5242
   32.191  13.990      1.3990      19.314         14.4846
   32.550  28.734      2.8734      21.288          6.7143
   32.790  17.069      1.7069      22.600         10.4993
   33.749  32.173      3.2173      27.646          1.9802
   33.988  22.745      2.2745      28.830          7.1573
   34.587  27.052      2.7052      31.626          2.8586
   34.587  25.354      2.5354      31.626          6.1191
   36.141  41.901      4.1901      37.464          1.1216
   36.379  33.218      3.3218      38.155          2.2087
   38.525  42.668      4.2668      41.823          0.0392
   38.763  38.308      3.8308      41.953          0.9053
   39.714  42.888      4.2888      41.965          0.0463
   39.952  40.840      4.0840      41.849          0.0610
   42.086  40.131      4.0131      39.020          0.0766
   42.086  37.875      3.7875      39.020          0.0915
   42.323  44.484      4.4484      38.542          1.7842
   42.323  40.786      4.0786      38.542          0.3027
   42.323  39.945      3.9945      38.542          0.1234
   43.505  22.197      2.2197      35.807         37.5972
   44.686  25.007      2.5007      32.664          9.3746
   45.628  29.560      2.9560      30.005          0.0226
   45.864  32.379      3.2379      29.330          0.8866
   46.108  25.480      2.5480      28.632          1.5307
   47.039  23.601      2.3601      25.991          1.0254
   47.304  22.553      2.2553      25.252          1.4317
   48.499  20.458      2.0458      22.040          0.5982
   48.499  20.158      2.0158      22.040          0.8719
   49.149  20.357      2.0357      20.403          0.0005
   49.383  23.795      2.3795      19.836          2.7676
   49.691  17.361      1.7361      19.110          1.0146
   50.551  18.865      1.8865      17.204          0.7749
   50.551  19.484      1.9484      17.204          1.3689
   50.882  15.638      1.5638      16.522          0.3193
   51.484  15.126      1.5126      15.355          0.0229
   51.717  17.774      1.7774      14.929          2.5620
   52.070  13.259      1.3259      14.312          0.6307
   52.880  15.522      1.5522      13.021          2.5952
   54.041  13.934      1.3934      11.466          3.1364
   54.441  10.710      1.0710      11.007          0.0767
   55.198  11.682      1.1682      10.236          1.5332
   55.623  9.6143     0.96143      9.8559          0.0632
   55.776  11.064      1.1064      9.7281          1.4579
   56.353  10.593      1.0593      9.2858          1.5229
   56.353  10.484      1.0484      9.2858          1.3063
   56.803  8.6319     0.86319      8.9816          0.1642
   57.506  9.2898     0.92898      8.5712          0.5984
   57.981  7.9499     0.79499      8.3338          0.2332
   58.081  6.3176     0.63176      8.2876          9.7238
   58.081  8.5057     0.85057      8.2876          0.0657
   59.157  7.4608     0.74608      7.8627          0.2902
   59.801  7.8660     0.78660      7.6624          0.0670
   60.373  7.6758     0.76758      7.5114          0.0459
   61.500  6.6659     0.66659      7.2705          0.8226
   62.085  7.0567     0.70567      7.1669          0.0244
   63.223  6.7090     0.67090      6.9904          0.1759
   63.833  6.1715     0.61715      6.9030          1.4051
   64.996  6.0348     0.60348      6.7384          1.3592
   65.488  6.7085     0.67085      6.6664          0.0039
   65.488  6.3435     0.63435      6.6664          0.2591
   65.488  6.2018     0.62018      6.6664          0.5612
   67.314  6.2677     0.62677      6.3708          0.0271
   67.314  5.7319     0.57319      6.3708          1.2424
   67.314  5.5580     0.55580      6.3708          2.1386
   68.863  5.3072     0.53072      6.0716          2.0746
   70.770  4.9077     0.49077      5.6354          2.1988
   72.207  5.0500     0.50500      5.2618          0.1759
   74.199  4.3978     0.43978      4.6968          0.4623
   74.420  4.4661     0.44661      4.6318          0.1377
   74.420  4.5045     0.45045      4.6318          0.0799
   76.470  3.8781     0.38781      4.0202          0.1342
   76.619  3.9769     0.39769      3.9756          0.0000
   78.804  3.4110     0.34110      3.3359          0.0485
   82.053  2.8639     0.28639      2.4839          1.7602
   84.201  2.5463     0.25463      2.0190          4.2888
   86.334  2.1780     0.21780      1.6444          6.0024
   90.554  1.4903     0.14903      1.1365          5.6371
   94.713  1.0598     0.10598     0.85215          3.8389
   97.790 0.91368     0.91368E-01 0.71591          4.6851
  101.840 0.71969     0.71969E-01 0.57881          3.8318
  102.840 0.65390     0.65390E-01 0.54893          2.5772
  104.830 0.51532     0.51532E-01 0.49256          0.1951
  106.810 0.36744     0.36744E-01 0.43991          3.8895
  107.790 0.63790     0.63790E-01 0.41496         12.2141
  109.740 0.64703     0.64703E-01 0.36736         18.6827

  Total ChiSq/N =     5.2562 from      5.256
sfresco> 
  ChiSq/N =     5.256 from      5.256
  xmgr file written: search.plot                                       
sfresco> 