This is pdfTeX, Version 3.14159265-2.6-1.40.18 (TeX Live 2017/Debian) (preloaded format=latex 2018.12.3)  3 DEC 2018 18:18
entering extended mode
 restricted \write18 enabled.
 %&-line parsing enabled.
**lukyanov_naum.tex
(./lukyanov_naum.tex
LaTeX2e <2017-04-15>
Babel <3.18> and hyphenation patterns for 9 language(s) loaded.
(./ws-procs9x6.cls
Document Class: ws-procs9x6 1994/07/13 v1.2u Standard LaTeX document class
\minute=\count79
\hour=\count80
\trimheight=\dimen102
\trimwidth=\dimen103
\typeheight=\dimen104
\typewidth=\dimen105
\tempdimen=\dimen106
\tablewidth=\dimen107
\normaltextheight=\dimen108
\tempbox=\box26
\tablewd=\dimen109
\trimheight=\dimen110
\trimwidth=\dimen111
\typeheight=\dimen112
\c@part=\count81
\c@ptitl=\count82
\@tempcntc=\count83
\c@section=\count84
\c@subsection=\count85
\c@subsubsection=\count86
\c@paragraph=\count87
\c@subparagraph=\count88
\abovecaptionskip=\skip41
\belowcaptionskip=\skip42
\captionbox=\box27
\c@figure=\count89
\c@table=\count90
\c@algorithm=\count91
\c@assertion=\count92
\c@assumption=\count93
\c@claim=\count94
\c@condition=\count95
\c@conjecture=\count96
\c@convention=\count97
\c@corollary=\count98
\c@criterion=\count99
\c@definition=\count100
\c@example=\count101
\c@lemma=\count102
\c@notation=\count103
\c@observation=\count104
\c@problem=\count105
\c@prop=\count106
\c@proposition=\count107
\c@question=\count108
\c@remark=\count109
\c@theorem=\count110
(/usr/share/texlive/texmf-dist/tex/latex/amsmath/amsmath.sty
Package: amsmath 2017/09/02 v2.17a AMS math features
\@mathmargin=\skip43

For additional information on amsmath, use the `?' option.
(/usr/share/texlive/texmf-dist/tex/latex/amsmath/amstext.sty
Package: amstext 2000/06/29 v2.01 AMS text

(/usr/share/texlive/texmf-dist/tex/latex/amsmath/amsgen.sty
File: amsgen.sty 1999/11/30 v2.0 generic functions
\@emptytoks=\toks14
\ex@=\dimen113
))
(/usr/share/texlive/texmf-dist/tex/latex/amsmath/amsbsy.sty
Package: amsbsy 1999/11/29 v1.2d Bold Symbols
\pmbraise@=\dimen114
)
(/usr/share/texlive/texmf-dist/tex/latex/amsmath/amsopn.sty
Package: amsopn 2016/03/08 v2.02 operator names
)
\inf@bad=\count111
LaTeX Info: Redefining \frac on input line 213.
\uproot@=\count112
\leftroot@=\count113
LaTeX Info: Redefining \overline on input line 375.
\classnum@=\count114
\DOTSCASE@=\count115
LaTeX Info: Redefining \ldots on input line 472.
LaTeX Info: Redefining \dots on input line 475.
LaTeX Info: Redefining \cdots on input line 596.
\Mathstrutbox@=\box28
\strutbox@=\box29
\big@size=\dimen115
LaTeX Font Info:    Redeclaring font encoding OML on input line 712.
LaTeX Font Info:    Redeclaring font encoding OMS on input line 713.
\macc@depth=\count116
\c@MaxMatrixCols=\count117
\dotsspace@=\muskip10
\c@parentequation=\count118
\dspbrk@lvl=\count119
\tag@help=\toks15
\row@=\count120
\column@=\count121
\maxfields@=\count122
\andhelp@=\toks16
\eqnshift@=\dimen116
\alignsep@=\dimen117
\tagshift@=\dimen118
\tagwidth@=\dimen119
\totwidth@=\dimen120
\lineht@=\dimen121
\@envbody=\toks17
\multlinegap=\skip44
\multlinetaggap=\skip45
\mathdisplay@stack=\toks18
LaTeX Info: Redefining \[ on input line 2817.
LaTeX Info: Redefining \] on input line 2818.
)
(/usr/share/texlive/texmf-dist/tex/latex/amsfonts/amssymb.sty
Package: amssymb 2013/01/14 v3.01 AMS font symbols

(/usr/share/texlive/texmf-dist/tex/latex/amsfonts/amsfonts.sty
Package: amsfonts 2013/01/14 v3.01 Basic AMSFonts support
\symAMSa=\mathgroup4
\symAMSb=\mathgroup5
LaTeX Font Info:    Overwriting math alphabet `\mathfrak' in version `bold'
(Font)                  U/euf/m/n --> U/euf/b/n on input line 106.
))
\bibindent=\dimen122

(/usr/share/texlive/texmf-dist/tex/latex/natbib/natbib.sty
Package: natbib 2010/09/13 8.31b (PWD, AO)
\bibhang=\skip46
\bibsep=\skip47
LaTeX Info: Redefining \cite on input line 694.
\c@NAT@ctr=\count123
)
\c@appendixc=\count124
\c@subappendixc=\count125
\c@subsubappendixc=\count126
\projecttitle=\toks19

(/usr/share/texlive/texmf-dist/tex/latex/cite/chapterbib.sty
\c@inputfile=\count127
Package: chapterbib 2010/09/18  v 1.17
)
(./ws-rotating.sty
Package: ws-rotating 1997/09/26, v2.13 Rotation package

(/usr/share/texlive/texmf-dist/tex/latex/graphics/graphicx.sty
Package: graphicx 2017/06/01 v1.1a Enhanced LaTeX Graphics (DPC,SPQR)

(/usr/share/texlive/texmf-dist/tex/latex/graphics/keyval.sty
Package: keyval 2014/10/28 v1.15 key=value parser (DPC)
\KV@toks@=\toks20
)
(/usr/share/texlive/texmf-dist/tex/latex/graphics/graphics.sty
Package: graphics 2017/06/25 v1.2c Standard LaTeX Graphics (DPC,SPQR)

(/usr/share/texlive/texmf-dist/tex/latex/graphics/trig.sty
Package: trig 2016/01/03 v1.10 sin cos tan (DPC)
)
(/usr/share/texlive/texmf-dist/tex/latex/graphics-cfg/graphics.cfg
File: graphics.cfg 2016/06/04 v1.11 sample graphics configuration
)
Package graphics Info: Driver file: dvips.def on input line 99.

(/usr/share/texlive/texmf-dist/tex/latex/graphics-def/dvips.def
File: dvips.def 2017/06/20 v3.1d Graphics/color driver for dvips
))
\Gin@req@height=\dimen123
\Gin@req@width=\dimen124
)
(/usr/share/texlive/texmf-dist/tex/latex/base/ifthen.sty
Package: ifthen 2014/09/29 v1.1c Standard LaTeX ifthen package (DPC)
)
\c@r@tfl@t=\count128
\rot@float@box=\box30
)
(/usr/share/texlive/texmf-dist/tex/latex/base/makeidx.sty
Package: makeidx 2014/09/29 v1.0m Standard LaTeX package
)
(/usr/share/texlive/texmf-dist/tex/latex/url/url.sty
\Urlmuskip=\muskip11
Package: url 2013/09/16  ver 3.4  Verb mode for urls, etc.
) (./ws-crop9x6.sty
Package: ws-crop9x6 2014/01/20 WSPC Crop 9x6

(/usr/share/texlive/texmf-dist/tex/latex/crop/crop.sty
Package: crop 2003/05/20 v1.9 crop marks (mf)
\stockwidth=\dimen125
\stockheight=\dimen126
\CROP@index=\count129

(/usr/share/texlive/texmf-dist/tex/latex/graphics/color.sty
Package: color 2016/07/10 v1.1e Standard LaTeX Color (DPC)

(/usr/share/texlive/texmf-dist/tex/latex/graphics-cfg/color.cfg
File: color.cfg 2016/01/02 v1.6 sample color configuration
)
Package color Info: Driver file: dvips.def on input line 147.

(/usr/share/texlive/texmf-dist/tex/latex/graphics/dvipsnam.def
File: dvipsnam.def 2016/06/17 v3.0m Driver-dependent file (DPC,SPQR)
))
\CROP@offset=\count130
)))
(./lukyanov_naum.aux

LaTeX Warning: Label `figure' multiply defined.


LaTeX Warning: Label `figure' multiply defined.


LaTeX Warning: Label `figure' multiply defined.

)
\openout1 = `lukyanov_naum.aux'.

LaTeX Font Info:    Checking defaults for OML/cmm/m/it on input line 7.
LaTeX Font Info:    ... okay on input line 7.
LaTeX Font Info:    Checking defaults for T1/cmr/m/n on input line 7.
LaTeX Font Info:    ... okay on input line 7.
LaTeX Font Info:    Checking defaults for OT1/cmr/m/n on input line 7.
LaTeX Font Info:    ... okay on input line 7.
LaTeX Font Info:    Checking defaults for OMS/cmsy/m/n on input line 7.
LaTeX Font Info:    ... okay on input line 7.
LaTeX Font Info:    Checking defaults for OMX/cmex/m/n on input line 7.
LaTeX Font Info:    ... okay on input line 7.
LaTeX Font Info:    Checking defaults for U/cmr/m/n on input line 7.
LaTeX Font Info:    ... okay on input line 7.


Package chapterbib Warning: The sectionbib option changes "\section *" to "\sec
tion *" in \thebibliography on input line 7.

Package crop Info: requested driver: `' on input line 7.
Package crop Info: detected driver: `dvips' on input line 7.
Package crop Info: using `dvips' graphics driver on input line 7.
LaTeX Font Info:    Try loading font information for U+msa on input line 8.
(/usr/share/texlive/texmf-dist/tex/latex/amsfonts/umsa.fd
File: umsa.fd 2013/01/14 v3.01 AMS symbols A
)
LaTeX Font Info:    Try loading font information for U+msb on input line 8.

(/usr/share/texlive/texmf-dist/tex/latex/amsfonts/umsb.fd
File: umsb.fd 2013/01/14 v3.01 AMS symbols B
) [1

] [2]
File: dE_E.eps Graphic file (type eps)
 <dE_E.eps>
File: d_Etot_Fig2.eps Graphic file (type eps)

<d_Etot_Fig2.eps> [3]
File: d_elastic_factor--lines.eps Graphic file (type eps)
 <d_elastic_factor--lines.eps>
File: p_d_He-transfer-3.eps Graphic file (type eps)
 <p_d_He-transfer-3.eps>
[4]
File: fig4_obman.eps Graphic file (type eps)
 <fig4_obman.eps> [5] [6] [7] [8]
Missing character: There is no â in font cmr10!
Missing character: There is no € in font cmr10!
Missing character: There is no “ in font cmr10!
 [9] (./lukyanov_naum.aux)

LaTeX Warning: There were multiply-defined labels.

 ) 
Here is how much of TeX's memory you used:
 2791 strings out of 494806
 33118 string characters out of 6178026
 94382 words of memory out of 5000000
 6093 multiletter control sequences out of 15000+600000
 13174 words of font info for 49 fonts, out of 8000000 for 9000
 81 hyphenation exceptions out of 8191
 39i,9n,30p,1349b,294s stack positions out of 5000i,500n,10000p,200000b,80000s

Output written on lukyanov_naum.dvi (9 pages, 28672 bytes).
