 FRESCO - FRES 2.9: Coupled Reaction Channels
 Assuming NAMELIST input.

 2H+13C at 14.5 MeV;                                                             

   0.100  60.000   0.500   0.000   0.000   0.000   0.000   0.000   0.000   0.000

 Centre-of-mass Range is    602 * 0.1000 fm., Maximum at  60.00 fm., Interpolating NL forms every  0.50 fm.
 Non - locality width is      4 * 0.1000 fm., Maximum of   0.30 fm., Centred at  0.00 fm.
 2-Nucleon Separation of      0 * 0.5000 fm., Maximum of   0.00 fm., Minimum at  0.00 fm.
 Maximum single particle bins of 60.0000 fm.
               M,Mint =  601 601


 Range of total J is     0.0 <= J <=    30.0 (at least     0.0) and Absorbtion =>     0.0010 mb.
 Dry Run = F, CC set limits =  0  0, Relativistic kinematics =  , Both/Far/Near Analyses =  1

 Cross Sections (and up to T0 for 0=projectile) for Theta from  10.0 to-120.0 in steps of  1.0 degrees.  Coordinates = 0 (Mads)

 Lower Radial Cutoff = maximum of -1.60*L*h &       0.0 fm.,  Lower Cutoff for Couplings =   0.0  fm.


 Iterate Couplings between   0 and   1 times, to  0.000 % if sooner.                                          
  Block solved exactly =   2 chs., with Pade = 0 & Isocen =  =0, NOSOL = F, initwf =  0
  NL quadrature with   18 Gaussian points, Calculate multipoles up to    36 from   0
  M-transfers for lp+lt greater than or equal to  6, Angular Integration Cutoff below  2.7778 %


 Trace switches are :  CHANS =  1, LISTCC =  0, TRENEG =  0, CDETR =  0, SMATS =  2, XSTABL =  1, NLPL =  0

                       WAVES =  0, LAMPL =  0, VEFF =  0, KFUS =  0, WDISK =  0, BPM =  0, MELFIL =  0

                       CDCC =  0, NFUS =  0

 Using unit mass = 1.000000 amu and 1/fine-structure constant = 137.03599 ( 1.000000 * true ) with hc = 197.32705 MeV.fm,
  thus 2*amu/hbar^2 = 0.0478450 = 1/20.9008 and Coulomb constant = 0.1574855 so e^2 = 1.43997, and nuclear magneton= 0.1261183

 Now pre-scan input and save to file 3



 *********** PARTITION NUMBER  1 ******************************************************************************************

   PROJ=d          MASS=  2.0000 Z=   1.0,        # STATES=    2T, TARG=C13      MASS= 13.0000 Z=   6.0,     Q-VALUE =  -0.0000 MEV.

     1:  J= 1.0+ (B# 1), E=  0.0000, K= 0.0              Potl# 11       J= 0.5- (B#-1), E=  0.0000, K= 0.5    

     2:  J= 1.0+ (B# 1), E=  0.0000, K= 0.0              Potl# 11       J= 0.5+ (B# 1), E=  3.0890, K= 0.5    
                                  (Just State  1)


 *********** PARTITION NUMBER  2 ******************************************************************************************

   PROJ=3-H        MASS=  3.0000 Z=   1.0,        # STATES=   -1T, TARG=12-C     MASS= 12.0000 Z=   6.0,     Q-VALUE =   1.3109 MEV.

     1:  J= 0.5+ (B# 1), E=  0.0000, K= 0.5              Potl#  1       J= 0.0+ (B# 1), E=  0.0000, K= 0.0    
0****** WARNING : COMPARED WITH PARTITION  1, THIS PARTITION HAS TOTAL MASS & CHARGE EXCESSES   0.00141 &   0.0000


 ************************************************************************************************************************************

 The following POTENTIALS are defined :

  KP#       TYPE      IT    SHAPE      at     V1        r1        a1        V2        r2        a2        A-in     A-used


                                            A#1       A#2        r0c       ac                                                h @ 2
    1    0=Coulomb       0=CHARGE (WS)  1    13.000     2.000    0.8460    0.0000    0.0000    0.0000     0.000    47.095   0.10000

    1    1=Volume        0=Woods-Saxon  2   90.1390    0.7680    0.7180    0.0000    0.0000    0.0000     0.000    47.095

    1    2=Surface       0=Woods-Saxon  3    0.0000    0.0000    0.0000    2.0000    0.8260    0.9170     0.000    47.095
   --------------------------------------------------------------------------------------------------------------------

                                            A#1       A#2        r0c       ac                                                h @ 0
    2    0=Coulomb       0=CHARGE (WS)  4     0.000    13.000    1.5000    0.0000    0.0000    0.0000     0.000    13.000   0.10000

    2    1=Volume        0=Woods-Saxon  5  102.5000    1.0000    0.8000    2.0000    0.9000    0.6000     0.000    13.000

    2    2=Surface       0=Woods-Saxon  6    0.0000    0.0000    0.0000    2.0400    2.0000    0.6000     0.000    13.000
   --------------------------------------------------------------------------------------------------------------------

                                            A#1       A#2        r0c       ac                                                h @ 1
   11    0=Coulomb       0=CHARGE (WS)  7     2.000    13.000    0.8090    0.0000    0.0000    0.0000     0.000    47.095   0.10000
   --------------------------------------------------------------------------------------------------------------------

                                            A#1       A#2        r0c       ac                                                h @ 0
   12    0=Coulomb       0=CHARGE (WS)  8    12.000     2.000    1.5000    0.0000    0.0000    0.0000     0.000    44.714   0.10000

   12    1=Volume        0=Woods-Saxon  9   96.1390    0.6770    0.8000    0.0000    1.2000    0.5000     0.000    44.714

   12    2=Surface       0=Woods-Saxon 10    0.0000    0.7680    0.7180   41.2450    0.9220    0.5680     0.000    44.714
   --------------------------------------------------------------------------------------------------------------------

                                            A#1       A#2        r0c       ac                                                h @ 0
    8    0=Coulomb       0=CHARGE (WS) 11     2.000     0.000    0.6500    0.0000    0.0000    0.0000     0.000     2.000   0.10000

    8    2=Surface       0=Woods-Saxon 12   12.0000    1.1000    0.8000    8.2450    1.1000    0.9000     0.000     2.000
   --------------------------------------------------------------------------------------------------------------------

                                            A#1       A#2        r0c       ac                                                h @ 0
   14    0=Coulomb       0=CHARGE (WS) 13     0.000    12.000    1.2500    0.0000    0.0000    0.0000     0.000    12.000   0.10000

   14    1=Volume        0=Woods-Saxon 14   39.7780    1.2500    0.6500    0.0000    0.0000    0.0000     0.000    12.000


 ************************************************************************************************************************************

 The following SINGLE-PARTICLE FORM FACTORS are constructed :


 No.   P1 P2 IN KIND T N  L  S1 IA J/S  IB BIND XFER  BE    SC PC FIL AFRAC Adjust  to  Z  Mass   K     Norm    rms      D0     D   ANC/Gsp

 For Channel #  1 with l = 1,  j =  0.5, around core state #  1

   R    Y(R)
   0.00   0.0000E+00,    0.50   6.3071E-02,    1.00   2.2495E-01,    1.50   4.1746E-01,    2.00   5.6503E-01,    2.50   6.2248E-01, 
   3.00   5.9287E-01,    3.50   5.1206E-01,    4.00   4.1728E-01,    4.50   3.3000E-01,    5.00   2.5754E-01,    5.50   2.0006E-01, 
   6.00   1.5531E-01,    6.50   1.2069E-01,    7.00   9.3936E-02,    7.50   7.3231E-02,    8.00   5.7177E-02,    8.50   4.4704E-02, 
   9.00   3.4994E-02,    9.50   2.7422E-02,   10.00   2.1508E-02,   10.50   1.6883E-02,   11.00   1.3262E-02,   11.50   1.0424E-02, 
  12.00   8.1980E-03,   12.50   6.4503E-03,   13.00   5.0774E-03,   13.50   3.9983E-03,   14.00   3.1496E-03,   14.50   2.4819E-03, 
  15.00   1.9563E-03,   15.50   1.5424E-03,   16.00   1.2163E-03,   16.50   9.5941E-04,   17.00   7.5691E-04,   17.50   5.9726E-04, 
  18.00   4.7137E-04,   18.50   3.7207E-04,   19.00   2.9373E-04,   19.50   2.3192E-04,   20.00   1.8313E-04,   20.50   1.4463E-04, 
  21.00   1.1423E-04,   21.50   9.0232E-05,   22.00   7.1282E-05,   22.50   5.6316E-05,   23.00   4.4496E-05,   23.50   3.5160E-05, 
  24.00   2.7785E-05,   24.50   2.1958E-05,   25.00   1.7354E-05,   25.50   1.3716E-05,   26.00   1.0842E-05,   26.50   8.5702E-06, 
  27.00   6.7749E-06,   27.50   5.3559E-06,   28.00   4.2343E-06,   28.50   3.3478E-06,   29.00   2.6469E-06,   29.50   2.0929E-06, 
  30.00   1.6549E-06,   30.50   1.3086E-06,   31.00   1.0348E-06,   31.50   8.1832E-07,   32.00   6.4714E-07,   32.50   5.1179E-07, 
  33.00   4.0476E-07,   33.50   3.2012E-07,   34.00   2.5319E-07,   34.50   2.0025E-07,   35.00   1.5839E-07,   35.50   1.2528E-07, 
  36.00   9.9096E-08,   36.50   7.8385E-08,   37.00   6.2004E-08,   37.50   4.9047E-08,   38.00   3.8798E-08,   38.50   3.0692E-08, 
  39.00   2.4280E-08,   39.50   1.9207E-08,   40.00   1.5195E-08,   40.50   1.2021E-08,   41.00   9.5101E-09,   41.50   7.5238E-09, 
  42.00   5.9524E-09,   42.50   4.7093E-09,   43.00   3.7258E-09,   43.50   2.9478E-09,   44.00   2.3323E-09,   44.50   1.8453E-09, 
  45.00   1.4600E-09,   45.50   1.1552E-09,   46.00   9.1400E-10,   46.50   7.2318E-10,   47.00   5.7221E-10,   47.50   4.5276E-10, 
  48.00   3.5825E-10,   48.50   2.8347E-10,   49.00   2.2430E-10,   49.50   1.7748E-10,   50.00   1.4044E-10,   50.50   1.1113E-10, 
  51.00   8.7935E-11,   51.50   6.9583E-11,   52.00   5.5061E-11,   52.50   4.3571E-11,   53.00   3.4478E-11,   53.50   2.7283E-11, 
  54.00   2.1590E-11,   54.50   1.7085E-11,   55.00   1.3520E-11,   55.50   1.0699E-11,   56.00   8.4665E-12,   56.50   6.7000E-12, 
  57.00   5.3021E-12,   57.50   4.1959E-12,   58.00   3.3205E-12,   58.50   2.6277E-12,   59.00   2.0795E-12,   59.50   1.6457E-12, 
  60.00   1.3023E-12, 

 No.   P1 P2 IN KIND T N  L  S1 IA J/S  IB BIND XFER  BE    SC PC FIL AFRAC Adjust  to  Z  Mass   K     Norm    rms      D0     D   ANC/Gsp

    At R=   59.900, ANC in ch  1 is     1.89752
0   1:  2  1  2  0     1  1 0.5  1 0.5   1  14   0   4.9460  1  1  0 0.7000 VR  1.0000; 0. 1.000 0.4674 1.0000  3.260 -132.9 -185.1  1.8975

 For Channel #  1 with l = 0,  j =  0.5, around core state #  1

   R    Y(R)
   0.00  -0.0000E+00,    0.50   2.6891E-01,    1.00   3.8427E-01,    1.50   2.8614E-01,    2.00   3.7033E-02,    2.50  -2.3288E-01, 
   3.00  -4.2046E-01,    3.50  -5.0113E-01,    4.00  -5.0495E-01,    4.50  -4.6999E-01,    5.00  -4.2119E-01,    5.50  -3.7076E-01, 
   6.00  -3.2364E-01,    6.50  -2.8141E-01,    7.00  -2.4425E-01,    7.50  -2.1182E-01,    8.00  -1.8362E-01,    8.50  -1.5915E-01, 
   9.00  -1.3793E-01,    9.50  -1.1953E-01,   10.00  -1.0359E-01,   10.50  -8.9767E-02,   11.00  -7.7791E-02,   11.50  -6.7413E-02, 
  12.00  -5.8420E-02,   12.50  -5.0626E-02,   13.00  -4.3872E-02,   13.50  -3.8019E-02,   14.00  -3.2947E-02,   14.50  -2.8551E-02, 
  15.00  -2.4742E-02,   15.50  -2.1441E-02,   16.00  -1.8581E-02,   16.50  -1.6102E-02,   17.00  -1.3954E-02,   17.50  -1.2092E-02, 
  18.00  -1.0479E-02,   18.50  -9.0809E-03,   19.00  -7.8694E-03,   19.50  -6.8196E-03,   20.00  -5.9098E-03,   20.50  -5.1213E-03, 
  21.00  -4.4381E-03,   21.50  -3.8460E-03,   22.00  -3.3329E-03,   22.50  -2.8883E-03,   23.00  -2.5029E-03,   23.50  -2.1690E-03, 
  24.00  -1.8796E-03,   24.50  -1.6289E-03,   25.00  -1.4116E-03,   25.50  -1.2233E-03,   26.00  -1.0601E-03,   26.50  -9.1864E-04, 
  27.00  -7.9608E-04,   27.50  -6.8987E-04,   28.00  -5.9784E-04,   28.50  -5.1808E-04,   29.00  -4.4896E-04,   29.50  -3.8907E-04, 
  30.00  -3.3716E-04,   30.50  -2.9218E-04,   31.00  -2.5320E-04,   31.50  -2.1942E-04,   32.00  -1.9015E-04,   32.50  -1.6478E-04, 
  33.00  -1.4280E-04,   33.50  -1.2375E-04,   34.00  -1.0724E-04,   34.50  -9.2930E-05,   35.00  -8.0532E-05,   35.50  -6.9788E-05, 
  36.00  -6.0478E-05,   36.50  -5.2409E-05,   37.00  -4.5417E-05,   37.50  -3.9358E-05,   38.00  -3.4107E-05,   38.50  -2.9557E-05, 
  39.00  -2.5614E-05,   39.50  -2.2197E-05,   40.00  -1.9235E-05,   40.50  -1.6669E-05,   41.00  -1.4445E-05,   41.50  -1.2518E-05, 
  42.00  -1.0848E-05,   42.50  -9.4009E-06,   43.00  -8.1467E-06,   43.50  -7.0598E-06,   44.00  -6.1180E-06,   44.50  -5.3018E-06, 
  45.00  -4.5945E-06,   45.50  -3.9815E-06,   46.00  -3.4503E-06,   46.50  -2.9900E-06,   47.00  -2.5911E-06,   47.50  -2.2454E-06, 
  48.00  -1.9459E-06,   48.50  -1.6863E-06,   49.00  -1.4613E-06,   49.50  -1.2663E-06,   50.00  -1.0974E-06,   50.50  -9.5100E-07, 
  51.00  -8.2413E-07,   51.50  -7.1418E-07,   52.00  -6.1890E-07,   52.50  -5.3633E-07,   53.00  -4.6478E-07,   53.50  -4.0277E-07, 
  54.00  -3.4904E-07,   54.50  -3.0247E-07,   55.00  -2.6212E-07,   55.50  -2.2715E-07,   56.00  -1.9685E-07,   56.50  -1.7058E-07, 
  57.00  -1.4783E-07,   57.50  -1.2811E-07,   58.00  -1.1101E-07,   58.50  -9.6204E-08,   59.00  -8.3369E-08,   59.50  -7.2247E-08, 
  60.00  -6.2608E-08, 

 No.   P1 P2 IN KIND T N  L  S1 IA J/S  IB BIND XFER  BE    SC PC FIL AFRAC Adjust  to  Z  Mass   K     Norm    rms      D0     D   ANC/Gsp

    At R=   59.900, ANC in ch  2 is    -1.81568
0   2:  2  1  2  0     2  0 0.5  1 0.5   2  14   0   1.8570  1  1  0 0.8100 VR  1.4570; 0. 1.000 0.2864 1.0000  4.885  110.0  145.7 -1.8157

 ************************************************************************************************************************************

 TWO-way COUPLING # 1 for partitions  2 <-  1 of KIND  4,   1  0  0 -1 -1 & P1,P2 =    8.0000   1.0000 : for J <=    30.5 & R <  59.7 fm.

      1      1      1      0
      2      1      2      1
      3      2      1      1 tried 
      3      2      1      1
      4      2      2      0
 Using cutoff at     60.0 => NLIM = 120 at  59.5 fm.

     So INELASTIC EXCITATIONS OF SINGLE PARTICLES in the C13      nucleus outside the 12-C     core

     by Q =  1 multipoles of the COUL+NUC parts (0) of V-sp( 8) + V-CC( 1) - V-opt(11) with        FULL  REORIENTATION ( 0)

0Incoming partition  1 in excitation state # 1,   Laboratory Energy given for partition  1 Nucleus 1 in Excitation pair 1

0Lab. ENERGY ranges :

   from    14.5000     to   0.00000     in     0 intervals
   from    0.00000     to   0.00000     in     0 intervals
   from    0.00000     to   0.00000     in     0 intervals

 Largest real,imaginary parts of any form factor at R=   58.90 are   2.44E-02  2.64E-17 MeV
 Finished all Couplings @  0.0156001 18

 Symmetric Hamiltonian
1***********************************************************************************************************************************
************************************************************************************************************************************

        INCOMING d        ;    LABORATORY d        ENERGY =   14.500     MeV.

 ***********************************************************************************************************************************
 ***********************************************************************************************************************************

 Allocate arrays for  5  channels, of which  4  need wfs.

 ######################################################################################################################
 #                                                                                                                    #
 # Total SPIN and PARITY =     0.5 +,    5 channels,    4 in 1st block.  Rmin & Coul turning =    0.0    0.7 fm.  #
 #                                                                                                                    #
 ######################################################################################################################



    C Projectl Target   #   EX.   (L  Proj) J  + Targ = Jtotal     E-cm      Re K     Re Eta     RM*K            CH
    1 d        C13      #    1: I   1 1.0    0.0  0.5     0.5    12.56667   1.02087   0.35093   61.2521  -0.50104  -0.02160 1 1 1   1
    2 d        C13      #    1: I   1 1.0    1.0  0.5     0.5    12.56667   1.02087   0.35093   61.2521  -0.50104  -0.02160 1 1 1   1
    3 d        C13      #    2:     0 1.0    1.0  0.5     0.5     9.47767   0.88656   0.40409   53.1939  -0.37211   0.33683 1 1 1   2
    4 d        C13      #    2:     2 1.0    1.0  0.5     0.5     9.47767   0.88656   0.40409   53.1939   0.49989  -0.04797 1 1 1   2
    5 3-H      12-C     #    1:     0 0.5    0.5  0.0     0.5    13.87757   1.26235   0.39295   75.7412   0.48416  -0.13000 2 1 2   1
   S-matrix    1 =    0.09808   0.54503 for L=    1, J=    0.0 channel on core I =   0.5 from L=    1,  Acc. loss =  0.0 D.
 Elastic phase shift   1 =   39.899  16.930 deg. for the L =    1, J =    0.0 channel.
       0.5  0.09808362  0.54503250i: elastic S-matrix  @@      0.00  0   0 F  0
 Reaction Xsec     0.5+/ 1 @ 1 =   6.967 , Out:   5.467#   0.014    0.000#   6.953f

   S-matrix    2 =    0.09770   0.54468 for L=    1, J=    1.0 channel on core I =   0.5 from L=    1,  Acc. loss =  0.0 D.
 Elastic phase shift   2 =   39.915  16.952 deg. for the L =    1, J =    1.0 channel.
       0.5  0.09770173  0.54467728i: elastic S-matrix  @@      0.00  0   0 F  0
 Reaction Xsec     0.5+/ 1 @ 2 =   6.971 , Out:   5.467#   8.713/   0.000#   6.963f


 Total SPIN, PARITY =     0.5 -,    5 chs,    4 cc.  Rmin & Coul turning =    0.0    0.7
   S-matrix    1 =   -0.38943   0.37221 for L=    0, J=    1.0 channel on core I =   0.5 from L=    0,  Acc. loss =  0.0 D.
 Elastic phase shift   1 =   68.148  17.722 deg. for the L =    0, J =    1.0 channel.
       0.5 -0.38942730  0.37220911i: elastic S-matrix  @@      0.00  0   0 F  0
 Reaction Xsec     0.5-/ 0 @ 1 =   7.132 , Out:   0.000#   8.474/   0.000#   7.124f

   S-matrix    2 =    0.50086   0.08314 for L=    2, J=    1.0 channel on core I =   0.5 from L=    2,  Acc. loss =  0.0 D.
 Elastic phase shift   2 =    4.713  19.419 deg. for the L =    2, J =    1.0 channel.
       0.5  0.50085996  0.08314263i: elastic S-matrix  @@      0.00  0   0 F  0
 Reaction Xsec     0.5-/ 2 @ 2 =   7.458 , Out:   0.000#   2.016/   0.000#   7.456f

 Allocate arrays for  7  channels, of which  6  need wfs.

 Total SPIN, PARITY =     1.5 +,    7 chs,    6 cc.  Rmin & Coul turning =    0.1    1.8
   S-matrix    1 =    0.09827   0.54521 for L=    1, J=    1.0 channel on core I =   0.5 from L=    1,  Acc. loss =  0.0 D.
 Elastic phase shift   1 =   39.891  16.919 deg. for the L =    1, J =    1.0 channel.
       1.5  0.09827457  0.54521011i: elastic S-matrix  @@      0.02  0   0 F  0
 Reaction Xsec     1.5+/ 1 @ 1 =  13.929 , Out:   6.833#   0.033    0.000#  13.896f

   S-matrix    2 =    0.09751   0.54450 for L=    1, J=    2.0 channel on core I =   0.5 from L=    1,  Acc. loss =  0.0 D.
 Elastic phase shift   2 =   39.923  16.963 deg. for the L =    1, J =    2.0 channel.
       1.5  0.09751079  0.54449967i: elastic S-matrix  @@      0.00  0   0 F  0
 Reaction Xsec     1.5+/ 1 @ 2 =  13.947 , Out:   6.833#   0.012    0.000#  13.935f

   S-matrix    3 =    0.20286  -0.51120 for L=    3, J=    2.0 channel on core I =   0.5 from L=    3,  Acc. loss =  0.0 D.
 Elastic phase shift   3 =  -34.178  17.128 deg. for the L =    3, J =    2.0 channel.
       1.5  0.20285962 -0.51120147i: elastic S-matrix  @@      0.00  0   0 F  0
 Reaction Xsec     1.5+/ 3 @ 3 =  14.018 , Out:   0.000#   0.415/   0.000#  14.017f


 Total SPIN, PARITY =     1.5 -,    7 chs,    6 cc.  Rmin & Coul turning =    0.1    1.8
   S-matrix    1 =   -0.38943   0.37221 for L=    0, J=    1.0 channel on core I =   0.5 from L=    0,  Acc. loss =  0.0 D.
 Elastic phase shift   1 =   68.148  17.722 deg. for the L =    0, J =    1.0 channel.
       1.5 -0.38942730  0.37220911i: elastic S-matrix  @@      0.00  0   0 F  0
 Reaction Xsec     1.5-/ 0 @ 1 =  14.265 , Out:   0.000#   0.017    0.000#  14.248f

   S-matrix    2 =    0.50363   0.08234 for L=    2, J=    1.0 channel on core I =   0.5 from L=    2,  Acc. loss =  0.0 D.
 Elastic phase shift   2 =    4.643  19.272 deg. for the L =    2, J =    1.0 channel.
       1.5  0.50362711  0.08234284i: elastic S-matrix  @@      0.00  0   0 F  0
 Reaction Xsec     1.5-/ 2 @ 2 =  14.863 , Out:   0.019/   0.023    0.000#  14.840f

   S-matrix    3 =    0.50117   0.08305 for L=    2, J=    2.0 channel on core I =   0.5 from L=    2,  Acc. loss =  0.0 D.
 Elastic phase shift   3 =    4.705  19.402 deg. for the L =    2, J =    2.0 channel.
       1.5  0.50116742  0.08305377i: elastic S-matrix  @@      0.00  0   0 F  0
 Reaction Xsec     1.5-/ 2 @ 3 =  14.910 , Out:   0.019/   6.121/   0.000#  14.904f


 Total SPIN, PARITY =     2.5 +,    7 chs,    6 cc.  Rmin & Coul turning =    0.3    2.8
   S-matrix    1 =    0.09847   0.54539 for L=    1, J=    2.0 channel on core I =   0.5 from L=    1,  Acc. loss =  0.0 D.
 Elastic phase shift   1 =   39.883  16.909 deg. for the L =    1, J =    2.0 channel.
       2.5  0.09846551  0.54538772i: elastic S-matrix  @@      0.00  0   0 F  0
 Reaction Xsec     2.5+/ 1 @ 1 =  20.886 , Out:   0.000#   0.057    0.000#  20.829f

   S-matrix    2 =    0.20308  -0.51229 for L=    3, J=    2.0 channel on core I =   0.5 from L=    3,  Acc. loss =  0.0 D.
 Elastic phase shift   2 =  -34.188  17.071 deg. for the L =    3, J =    2.0 channel.
       2.5  0.20308483 -0.51229468i: elastic S-matrix  @@      0.00  0   0 F  0
 Reaction Xsec     2.5+/ 3 @ 2 =  20.990 , Out:   1.878#   0.199    0.000#  20.791f

   S-matrix    3 =    0.20287  -0.51126 for L=    3, J=    3.0 channel on core I =   0.5 from L=    3,  Acc. loss =  0.0 D.
 Elastic phase shift   3 =  -34.178  17.125 deg. for the L =    3, J =    3.0 channel.
       2.5  0.20287088 -0.51125613i: elastic S-matrix  @@      0.00  0   0 F  0
 Reaction Xsec     2.5+/ 3 @ 3 =  21.025 , Out:   1.878#   0.011    0.000#  21.014f


 Total SPIN, PARITY =     2.5 -,    7 chs,    6 cc.  Rmin & Coul turning =    0.3    2.8
   S-matrix    1 =    0.50373   0.08231 for L=    2, J=    2.0 channel on core I =   0.5 from L=    2,  Acc. loss =  0.0 D.
 Elastic phase shift   1 =    4.640  19.267 deg. for the L =    2, J =    2.0 channel.
       2.5  0.50372960  0.08231322i: elastic S-matrix  @@      0.00  0   0 F  0
 Reaction Xsec     2.5-/ 2 @ 1 =  22.291 , Out:   0.019/   0.035    0.000#  22.256f

   S-matrix    2 =    0.50106   0.08308 for L=    2, J=    3.0 channel on core I =   0.5 from L=    2,  Acc. loss =  0.0 D.
 Elastic phase shift   2 =    4.707  19.408 deg. for the L =    2, J =    3.0 channel.
       2.5  0.50106493  0.08308339i: elastic S-matrix  @@      0.00  0   0 F  0
 Reaction Xsec     2.5-/ 2 @ 2 =  22.368 , Out:   0.019/   8.137/   0.000#  22.360f

   S-matrix    3 =   -0.06925   0.34663 for L=    4, J=    3.0 channel on core I =   0.5 from L=    4,  Acc. loss =  0.0 D.
 Elastic phase shift   3 =   50.649  29.792 deg. for the L =    4, J =    3.0 channel.
       2.5 -0.06925157  0.34662737i: elastic S-matrix  @@      0.00  0   0 F  0
 Reaction Xsec     2.5-/ 4 @ 3 =  26.378 , Out:   0.000#   0.123    0.000#  26.255f


 Total SPIN, PARITY =     3.5 +,    7 chs,    6 cc.  Rmin & Coul turning =    0.4    3.8
   S-matrix    1 =    0.20309  -0.51231 for L=    3, J=    3.0 channel on core I =   0.5 from L=    3,  Acc. loss =  0.0 D.
 Elastic phase shift   1 =  -34.188  17.070 deg. for the L =    3, J =    3.0 channel.
       3.5  0.20308764 -0.51230834i: elastic S-matrix  @@      0.02  0   0 F  0
 Reaction Xsec     3.5+/ 3 @ 1 =  27.986 , Out:   1.901#   0.269    0.000#  27.717f

   S-matrix    2 =    0.20287  -0.51124 for L=    3, J=    4.0 channel on core I =   0.5 from L=    3,  Acc. loss =  0.0 D.
 Elastic phase shift   2 =  -34.178  17.126 deg. for the L =    3, J =    4.0 channel.
       3.5  0.20286807 -0.51124246i: elastic S-matrix  @@      0.00  0   0 F  0
 Reaction Xsec     3.5+/ 3 @ 2 =  28.034 , Out:   1.901#   0.011    0.000#  28.023f

   S-matrix    3 =    0.77567   0.28789 for L=    5, J=    4.0 channel on core I =   0.5 from L=    5,  Acc. loss =  0.0 D.
 Elastic phase shift   3 =   10.181   5.429 deg. for the L =    5, J =    4.0 channel.
       3.5  0.77567361  0.28788779i: elastic S-matrix  @@      0.00  0   0 F  0
 Reaction Xsec     3.5+/ 5 @ 3 =  12.679 , Out:   0.000#   0.072    0.000#  12.607f


 Total SPIN, PARITY =     3.5 -,    7 chs,    6 cc.  Rmin & Coul turning =    0.4    3.8
   S-matrix    1 =    0.50393   0.08225 for L=    2, J=    3.0 channel on core I =   0.5 from L=    2,  Acc. loss =  0.0 D.
 Elastic phase shift   1 =    4.635  19.256 deg. for the L =    2, J =    3.0 channel.
       3.5  0.50393457  0.08225397i: elastic S-matrix  @@      0.00  0   0 F  0
 Reaction Xsec     3.5-/ 2 @ 1 =  29.714 , Out:   0.000#   0.050    0.000#  29.664f

   S-matrix    2 =   -0.07444   0.35300 for L=    4, J=    3.0 channel on core I =   0.5 from L=    4,  Acc. loss =  0.0 D.
 Elastic phase shift   2 =   50.954  29.208 deg. for the L =    4, J =    3.0 channel.
       3.5 -0.07444069  0.35299676i: elastic S-matrix  @@      0.00  0   0 F  0
 Reaction Xsec     3.5-/ 4 @ 2 =  34.962 , Out:   0.078/   0.021    0.000#  34.941f

   S-matrix    3 =   -0.06940   0.34681 for L=    4, J=    4.0 channel on core I =   0.5 from L=    4,  Acc. loss =  0.0 D.
 Elastic phase shift   3 =   50.658  29.775 deg. for the L =    4, J =    4.0 channel.
       3.5 -0.06939983  0.34680935i: elastic S-matrix  @@      0.00  0   0 F  0
 Reaction Xsec     3.5-/ 4 @ 3 =  35.165 , Out:   0.078/   0.160    0.000#  35.004f


 Total SPIN, PARITY =     4.5 +,    7 chs,    6 cc.  Rmin & Coul turning =    0.6    4.7
   S-matrix    1 =    0.20310  -0.51235 for L=    3, J=    4.0 channel on core I =   0.5 from L=    3,  Acc. loss =  0.0 D.
 Elastic phase shift   1 =  -34.188  17.068 deg. for the L =    3, J =    4.0 channel.
       4.5  0.20309609 -0.51234934i: elastic S-matrix  @@      0.00  0   0 F  0
 Reaction Xsec     4.5+/ 3 @ 1 =  34.980 , Out:   0.000#   0.349    0.000#  34.632f

   S-matrix    2 =    0.77132   0.28567 for L=    5, J=    4.0 channel on core I =   0.5 from L=    5,  Acc. loss =  0.0 D.
 Elastic phase shift   2 =   10.161   5.597 deg. for the L =    5, J =    4.0 channel.
       4.5  0.77131930  0.28566781i: elastic S-matrix  @@      0.00  0   0 F  0
 Reaction Xsec     4.5+/ 5 @ 2 =  16.251 , Out:   0.022/   0.048    0.000#  16.203f

   S-matrix    3 =    0.77559   0.28785 for L=    5, J=    5.0 channel on core I =   0.5 from L=    5,  Acc. loss =  0.0 D.
 Elastic phase shift   3 =   10.181   5.432 deg. for the L =    5, J =    5.0 channel.
       4.5  0.77559298  0.28784668i: elastic S-matrix  @@      0.00  0   0 F  0
 Reaction Xsec     4.5+/ 5 @ 3 =  15.856 , Out:   0.022/   0.089    0.000#  15.767f


 Total SPIN, PARITY =     4.5 -,    7 chs,    6 cc.  Rmin & Coul turning =    0.6    4.7
   S-matrix    1 =   -0.07447   0.35303 for L=    4, J=    4.0 channel on core I =   0.5 from L=    4,  Acc. loss =  0.0 D.
 Elastic phase shift   1 =   50.956  29.204 deg. for the L =    4, J =    4.0 channel.
       4.5 -0.07447034  0.35303316i: elastic S-matrix  @@      0.00  0   0 F  0
 Reaction Xsec     4.5-/ 4 @ 1 =  43.701 , Out:   0.078/   0.025    0.000#  43.676f

   S-matrix    2 =   -0.06937   0.34677 for L=    4, J=    5.0 channel on core I =   0.5 from L=    4,  Acc. loss =  0.0 D.
 Elastic phase shift   2 =   50.656  29.779 deg. for the L =    4, J =    5.0 channel.
       4.5 -0.06937017  0.34677295i: elastic S-matrix  @@      0.00  0   0 F  0
 Reaction Xsec     4.5-/ 4 @ 2 =  43.958 , Out:   0.078/   0.202    0.000#  43.756f

   S-matrix    3 =    0.93197   0.09494 for L=    6, J=    5.0 channel on core I =   0.5 from L=    6,  Acc. loss =  0.0 D.
 Elastic phase shift   3 =    2.908   1.870 deg. for the L =    6, J =    5.0 channel.
       4.5  0.93197307  0.09494056i: elastic S-matrix  @@      0.00  0   0 F  0
 Reaction Xsec     4.5-/ 6 @ 3 =   6.150 , Out:   0.000#   0.130    0.000#   6.021f


 Total SPIN, PARITY =     5.5 +,    7 chs,    6 cc.  Rmin & Coul turning =    0.8    5.7
   S-matrix    1 =    0.77131   0.28566 for L=    5, J=    5.0 channel on core I =   0.5 from L=    5,  Acc. loss =  0.0 D.
 Elastic phase shift   1 =   10.161   5.598 deg. for the L =    5, J =    5.0 channel.
       5.5  0.77130586  0.28566096i: elastic S-matrix  @@      0.02  0   0 F  0
 Reaction Xsec     5.5+/ 5 @ 1 =  19.503 , Out:   0.022/   0.057    0.000#  19.445f

   S-matrix    2 =    0.77561   0.28785 for L=    5, J=    6.0 channel on core I =   0.5 from L=    5,  Acc. loss =  0.0 D.
 Elastic phase shift   2 =   10.181   5.431 deg. for the L =    5, J =    6.0 channel.
       5.5  0.77560642  0.28785353i: elastic S-matrix  @@      0.00  0   0 F  0
 Reaction Xsec     5.5+/ 5 @ 2 =  19.026 , Out:   0.022/   0.107    0.000#  18.919f

   S-matrix    3 =    0.97439   0.03198 for L=    7, J=    6.0 channel on core I =   0.5 from L=    7,  Acc. loss =  0.0 D.
 Elastic phase shift   3 =    0.940   0.728 deg. for the L =    7, J =    6.0 channel.
       5.5  0.97438784  0.03198312i: elastic S-matrix  @@      0.00  0   0 F  0
 Reaction Xsec     5.5+/ 7 @ 3 =   2.987 , Out:   0.000#   0.041    0.000#   2.947f


 Total SPIN, PARITY =     5.5 -,    7 chs,    6 cc.  Rmin & Coul turning =    0.8    5.7
   S-matrix    1 =   -0.07459   0.35318 for L=    4, J=    5.0 channel on core I =   0.5 from L=    4,  Acc. loss =  0.0 D.
 Elastic phase shift   1 =   50.963  29.191 deg. for the L =    4, J =    5.0 channel.
       5.5 -0.07458895  0.35317874i: elastic S-matrix  @@      0.00  0   0 F  0
 Reaction Xsec     5.5-/ 4 @ 1 =  52.434 , Out:   0.000#   0.025    0.000#  52.408f

   S-matrix    2 =    0.93177   0.09640 for L=    6, J=    5.0 channel on core I =   0.5 from L=    6,  Acc. loss =  0.0 D.
 Elastic phase shift   2 =    2.953   1.872 deg. for the L =    6, J =    5.0 channel.
       5.5  0.93177268  0.09639803i: elastic S-matrix  @@      0.00  0   0 F  0
 Reaction Xsec     5.5-/ 6 @ 2 =   7.386 , Out:   1.695#   0.018    0.000#   7.368f

   S-matrix    3 =    0.93197   0.09496 for L=    6, J=    6.0 channel on core I =   0.5 from L=    6,  Acc. loss =  0.0 D.
 Elastic phase shift   3 =    2.909   1.870 deg. for the L =    6, J =    6.0 channel.
       5.5  0.93197047  0.09495948i: elastic S-matrix  @@      0.00  0   0 F  0
 Reaction Xsec     5.5-/ 6 @ 3 =   7.380 , Out:   1.695#   0.154    0.000#   7.227f


 Total SPIN, PARITY =     6.5 +,    7 chs,    6 cc.  Rmin & Coul turning =    0.9    6.7
   S-matrix    1 =    0.77124   0.28563 for L=    5, J=    6.0 channel on core I =   0.5 from L=    5,  Acc. loss =  0.0 D.
 Elastic phase shift   1 =   10.161   5.600 deg. for the L =    5, J =    6.0 channel.
       6.5  0.77123866  0.28562670i: elastic S-matrix  @@      0.00  0   0 F  0
 Reaction Xsec     6.5+/ 5 @ 1 =  22.762 , Out:   0.000#   0.066    0.000#  22.696f

   S-matrix    2 =    0.97454   0.03232 for L=    7, J=    6.0 channel on core I =   0.5 from L=    7,  Acc. loss =  0.0 D.
 Elastic phase shift   2 =    0.950   0.723 deg. for the L =    7, J =    6.0 channel.
       6.5  0.97453672  0.03231521i: elastic S-matrix  @@      0.00  0   0 F  0
 Reaction Xsec     6.5+/ 7 @ 2 =   3.463 , Out:   0.090#   4.613/   0.000#   3.458f

   S-matrix    3 =    0.97439   0.03199 for L=    7, J=    7.0 channel on core I =   0.5 from L=    7,  Acc. loss =  0.0 D.
 Elastic phase shift   3 =    0.940   0.728 deg. for the L =    7, J =    7.0 channel.
       6.5  0.97438927  0.03198631i: elastic S-matrix  @@      0.00  0   0 F  0
 Reaction Xsec     6.5+/ 7 @ 3 =   3.485 , Out:   0.090#   0.047    0.000#   3.438f


 Total SPIN, PARITY =     6.5 -,    7 chs,    6 cc.  Rmin & Coul turning =    0.9    6.7
   S-matrix    1 =    0.93177   0.09640 for L=    6, J=    6.0 channel on core I =   0.5 from L=    6,  Acc. loss =  0.0 D.
 Elastic phase shift   1 =    2.953   1.872 deg. for the L =    6, J =    6.0 channel.
       6.5  0.93177231  0.09640074i: elastic S-matrix  @@      0.00  0   0 F  0
 Reaction Xsec     6.5-/ 6 @ 1 =   8.617 , Out:   1.698#   0.021    0.000#   8.596f

   S-matrix    2 =    0.93197   0.09496 for L=    6, J=    7.0 channel on core I =   0.5 from L=    6,  Acc. loss =  0.0 D.
 Elastic phase shift   2 =    2.909   1.870 deg. for the L =    6, J =    7.0 channel.
       6.5  0.93197084  0.09495678i: elastic S-matrix  @@      0.00  0   0 F  0
 Reaction Xsec     6.5-/ 6 @ 2 =   8.610 , Out:   1.698#   0.180    0.000#   8.431f

   S-matrix    3 =    0.98987   0.01086 for L=    8, J=    7.0 channel on core I =   0.5 from L=    8,  Acc. loss =  0.0 D.
 Elastic phase shift   3 =    0.314   0.290 deg. for the L =    8, J =    7.0 channel.
       6.5  0.98987334  0.01085837i: elastic S-matrix  @@      0.00  0   0 F  0
 Reaction Xsec     6.5-/ 8 @ 3 =   1.409 , Out:   0.000#   0.011    0.000#   1.398f


 Total SPIN, PARITY =     7.5 +,    7 chs,    6 cc.  Rmin & Coul turning =    1.1    7.7
   S-matrix    1 =    0.97454   0.03232 for L=    7, J=    7.0 channel on core I =   0.5 from L=    7,  Acc. loss =  0.0 D.
 Elastic phase shift   1 =    0.950   0.723 deg. for the L =    7, J =    7.0 channel.
       7.5  0.97453690  0.03231561i: elastic S-matrix  @@      0.02  0   0 F  0
 Reaction Xsec     7.5+/ 7 @ 1 =   3.958 , Out:   0.090#   5.213/   0.000#   3.952f

   S-matrix    2 =    0.97439   0.03199 for L=    7, J=    8.0 channel on core I =   0.5 from L=    7,  Acc. loss =  0.0 D.
 Elastic phase shift   2 =    0.940   0.728 deg. for the L =    7, J =    8.0 channel.
       7.5  0.97438909  0.03198591i: elastic S-matrix  @@      0.00  0   0 F  0
 Reaction Xsec     7.5+/ 7 @ 2 =   3.983 , Out:   0.090#   0.054    0.000#   3.929f

   S-matrix    3 =    0.99597   0.00370 for L=    9, J=    8.0 channel on core I =   0.5 from L=    9,  Acc. loss =  0.0 D.
 Elastic phase shift   3 =    0.106   0.115 deg. for the L =    9, J =    8.0 channel.
       7.5  0.99597343  0.00369794i: elastic S-matrix  @@      0.00  0   0 F  0
 Reaction Xsec     7.5+/ 9 @ 3 =   0.645 , Out:   0.000#   3.325/   0.000#   0.642f


 Total SPIN, PARITY =     7.5 -,    7 chs,    6 cc.  Rmin & Coul turning =    1.1    7.7
   S-matrix    1 =    0.93177   0.09642 for L=    6, J=    7.0 channel on core I =   0.5 from L=    6,  Acc. loss =  0.0 D.
 Elastic phase shift   1 =    2.954   1.872 deg. for the L =    6, J =    7.0 channel.
       7.5  0.93177008  0.09641696i: elastic S-matrix  @@      0.00  0   0 F  0
 Reaction Xsec     7.5-/ 6 @ 1 =   9.848 , Out:   0.000#   0.022    0.000#   9.826f

   S-matrix    2 =    0.98994   0.01093 for L=    8, J=    7.0 channel on core I =   0.5 from L=    8,  Acc. loss =  0.0 D.
 Elastic phase shift   2 =    0.316   0.288 deg. for the L =    8, J =    7.0 channel.
       7.5  0.98993874  0.01092598i: elastic S-matrix  @@      0.00  0   0 F  0
 Reaction Xsec     7.5-/ 8 @ 2 =   1.600 , Out:   0.005#   1.072/   0.000#   1.599f

   S-matrix    3 =    0.98987   0.01086 for L=    8, J=    8.0 channel on core I =   0.5 from L=    8,  Acc. loss =  0.0 D.
 Elastic phase shift   3 =    0.314   0.290 deg. for the L =    8, J =    8.0 channel.
       7.5  0.98987382  0.01085887i: elastic S-matrix  @@      0.00  0   0 F  0
 Reaction Xsec     7.5-/ 8 @ 3 =   1.610 , Out:   0.005#   0.013    0.000#   1.597f


 Total SPIN, PARITY =     8.5 +,    7 chs,    6 cc.  Rmin & Coul turning =    1.2    8.7
   S-matrix    1 =    0.97454   0.03232 for L=    7, J=    8.0 channel on core I =   0.5 from L=    7,  Acc. loss =  0.0 D.
 Elastic phase shift   1 =    0.950   0.723 deg. for the L =    7, J =    8.0 channel.
       8.5  0.97453816  0.03231841i: elastic S-matrix  @@      0.00  0   0 F  0
 Reaction Xsec     8.5+/ 7 @ 1 =   4.452 , Out:   0.000#   5.403/   0.000#   4.447f

   S-matrix    2 =    0.99600   0.00371 for L=    9, J=    8.0 channel on core I =   0.5 from L=    9,  Acc. loss =  0.0 D.
 Elastic phase shift   2 =    0.107   0.115 deg. for the L =    9, J =    8.0 channel.
       8.5  0.99599644  0.00371046i: elastic S-matrix  @@      0.00  0   0 F  0
 Reaction Xsec     8.5+/ 9 @ 2 =   0.721 , Out:   0.000#   0.242/   0.000#   0.721f

   S-matrix    3 =    0.99597   0.00370 for L=    9, J=    9.0 channel on core I =   0.5 from L=    9,  Acc. loss =  0.0 D.
 Elastic phase shift   3 =    0.106   0.115 deg. for the L =    9, J =    9.0 channel.
       8.5  0.99597357  0.00369802i: elastic S-matrix  @@      0.00  0   0 F  0
 Reaction Xsec     8.5+/ 9 @ 3 =   0.726 , Out:   0.000#   3.720/   0.000#   0.722f


 Total SPIN, PARITY =     8.5 -,    7 chs,    6 cc.  Rmin & Coul turning =    1.2    8.7
   S-matrix    1 =    0.98994   0.01093 for L=    8, J=    8.0 channel on core I =   0.5 from L=    8,  Acc. loss =  0.0 D.
 Elastic phase shift   1 =    0.316   0.288 deg. for the L =    8, J =    8.0 channel.
       8.5  0.98993880  0.01092604i: elastic S-matrix  @@      0.00  0   0 F  0
 Reaction Xsec     8.5-/ 8 @ 1 =   1.800 , Out:   0.005#   1.195/   0.000#   1.799f

   S-matrix    2 =    0.98987   0.01086 for L=    8, J=    9.0 channel on core I =   0.5 from L=    8,  Acc. loss =  0.0 D.
 Elastic phase shift   2 =    0.314   0.290 deg. for the L =    8, J =    9.0 channel.
       8.5  0.98987377  0.01085881i: elastic S-matrix  @@      0.00  0   0 F  0
 Reaction Xsec     8.5-/ 8 @ 2 =   1.812 , Out:   0.005#   0.015    0.000#   1.797f

   S-matrix    3 =    0.99841   0.00126 for L=   10, J=    9.0 channel on core I =   0.5 from L=   10,  Acc. loss =  0.0 D.
 Elastic phase shift   3 =    0.036   0.046 deg. for the L =   10, J =    9.0 channel.
       8.5  0.99840839  0.00126232i: elastic S-matrix  @@      0.00  0   0 F  0
 Reaction Xsec     8.5-/10 @ 3 =   0.287 , Out:   0.000#   1.130/   0.000#   0.286f


 Total SPIN, PARITY =     9.5 +,    7 chs,    6 cc.  Rmin & Coul turning =    1.4    9.6
   S-matrix    1 =    0.99600   0.00371 for L=    9, J=    9.0 channel on core I =   0.5 from L=    9,  Acc. loss =  0.0 D.
 Elastic phase shift   1 =    0.107   0.115 deg. for the L =    9, J =    9.0 channel.
       9.5  0.99599645  0.00371047i: elastic S-matrix  @@      0.02  0   0 F  0
 Reaction Xsec     9.5+/ 9 @ 1 =   0.802 , Out:   0.000#   0.267/   0.000#   0.801f

   S-matrix    2 =    0.99597   0.00370 for L=    9, J=   10.0 channel on core I =   0.5 from L=    9,  Acc. loss =  0.0 D.
 Elastic phase shift   2 =    0.106   0.115 deg. for the L =    9, J =   10.0 channel.
       9.5  0.99597355  0.00369801i: elastic S-matrix  @@      0.00  0   0 F  0
 Reaction Xsec     9.5+/ 9 @ 2 =   0.806 , Out:   0.000#   4.136/   0.000#   0.802f

   S-matrix    3 =    0.99938   0.00043 for L=   11, J=   10.0 channel on core I =   0.5 from L=   11,  Acc. loss =  0.0 D.
 Elastic phase shift   3 =    0.012   0.018 deg. for the L =   11, J =   10.0 channel.
       9.5  0.99937590  0.00043239i: elastic S-matrix  @@      0.00  0   0 F  0
 Reaction Xsec     9.5+/11 @ 3 =   0.125 , Out:   0.000#   0.495/   0.000#   0.125f


 Total SPIN, PARITY =     9.5 -,    7 chs,    6 cc.  Rmin & Coul turning =    1.4    9.6
   S-matrix    1 =    0.98994   0.01093 for L=    8, J=    9.0 channel on core I =   0.5 from L=    8,  Acc. loss =  0.0 D.
 Elastic phase shift   1 =    0.316   0.288 deg. for the L =    8, J =    9.0 channel.
       9.5  0.98993923  0.01092649i: elastic S-matrix  @@      0.00  0   0 F  0
 Reaction Xsec     9.5-/ 8 @ 1 =   2.000 , Out:   0.000#   1.230/   0.000#   1.998f

   S-matrix    2 =    0.99842   0.00126 for L=   10, J=    9.0 channel on core I =   0.5 from L=   10,  Acc. loss =  0.0 D.
 Elastic phase shift   2 =    0.036   0.045 deg. for the L =   10, J =    9.0 channel.
       9.5  0.99841666  0.00126374i: elastic S-matrix  @@      0.00  0   0 F  0
 Reaction Xsec     9.5-/10 @ 2 =   0.318 , Out:   0.000#   0.059/   0.000#   0.318f

   S-matrix    3 =    0.99841   0.00126 for L=   10, J=   10.0 channel on core I =   0.5 from L=   10,  Acc. loss =  0.0 D.
 Elastic phase shift   3 =    0.036   0.046 deg. for the L =   10, J =   10.0 channel.
       9.5  0.99840843  0.00126232i: elastic S-matrix  @@      0.00  0   0 F  0
 Reaction Xsec     9.5-/10 @ 3 =   0.319 , Out:   0.000#   1.250/   0.000#   0.318f


 Total SPIN, PARITY =    10.5 +,    7 chs,    6 cc.  Rmin & Coul turning =    1.6   10.6
   S-matrix    1 =    0.99600   0.00371 for L=    9, J=   10.0 channel on core I =   0.5 from L=    9,  Acc. loss =  0.0 D.
 Elastic phase shift   1 =    0.107   0.115 deg. for the L =    9, J =   10.0 channel.
      10.5  0.99599658  0.00371053i: elastic S-matrix  @@      0.00  0   0 F  0
 Reaction Xsec    10.5+/ 9 @ 1 =   0.882 , Out:   0.000#   0.271/   0.000#   0.881f

   S-matrix    2 =    0.99938   0.00043 for L=   11, J=   10.0 channel on core I =   0.5 from L=   11,  Acc. loss =  0.0 D.
 Elastic phase shift   2 =    0.012   0.018 deg. for the L =   11, J =   10.0 channel.
      10.5  0.99937925  0.00043179i: elastic S-matrix  @@      0.00  0   0 F  0
 Reaction Xsec    10.5+/11 @ 2 =   0.137 , Out:   0.000#   0.017/   0.000#   0.137f

   S-matrix    3 =    0.99938   0.00043 for L=   11, J=   11.0 channel on core I =   0.5 from L=   11,  Acc. loss =  0.0 D.
 Elastic phase shift   3 =    0.012   0.018 deg. for the L =   11, J =   11.0 channel.
      10.5  0.99937592  0.00043238i: elastic S-matrix  @@      0.00  0   0 F  0
 Reaction Xsec    10.5+/11 @ 3 =   0.138 , Out:   0.000#   0.542/   0.000#   0.137f


 Total SPIN, PARITY =    10.5 -,    7 chs,    6 cc.  Rmin & Coul turning =    1.6   10.6
   S-matrix    1 =    0.99842   0.00126 for L=   10, J=   10.0 channel on core I =   0.5 from L=   10,  Acc. loss =  0.0 D.
 Elastic phase shift   1 =    0.036   0.045 deg. for the L =   10, J =   10.0 channel.
      10.5  0.99841666  0.00126374i: elastic S-matrix  @@      0.00  0   0 F  0
 Reaction Xsec    10.5-/10 @ 1 =   0.350 , Out:   0.000#   0.064/   0.000#   0.349f

   S-matrix    2 =    0.99841   0.00126 for L=   10, J=   11.0 channel on core I =   0.5 from L=   10,  Acc. loss =  0.0 D.
 Elastic phase shift   2 =    0.036   0.046 deg. for the L =   10, J =   11.0 channel.
      10.5  0.99840843  0.00126232i: elastic S-matrix  @@      0.00  0   0 F  0
 Reaction Xsec    10.5-/10 @ 2 =   0.351 , Out:   0.000#   1.376/   0.000#   0.350f

   S-matrix    3 =    0.99976   0.00015 for L=   12, J=   11.0 channel on core I =   0.5 from L=   12,  Acc. loss =  0.0 D.
 Elastic phase shift   3 =    0.004   0.007 deg. for the L =   12, J =   11.0 channel.
      10.5  0.99975709  0.00014908i: elastic S-matrix  @@      0.00  0   0 F  0
 Reaction Xsec    10.5-/12 @ 3 =   0.054 , Out:   0.000#   0.272/   0.000#   0.053f


 Total SPIN, PARITY =    11.5 +,    7 chs,    6 cc.  Rmin & Coul turning =    1.7   11.6
   S-matrix    1 =    0.99938   0.00043 for L=   11, J=   11.0 channel on core I =   0.5 from L=   11,  Acc. loss =  0.0 D.
 Elastic phase shift   1 =    0.012   0.018 deg. for the L =   11, J =   11.0 channel.
      11.5  0.99937925  0.00043179i: elastic S-matrix  @@      0.02  0   0 F  0
 Reaction Xsec    11.5+/11 @ 1 =   0.150 , Out:   0.000#   0.018/   0.000#   0.150f

   S-matrix    2 =    0.99938   0.00043 for L=   11, J=   12.0 channel on core I =   0.5 from L=   11,  Acc. loss =  0.0 D.
 Elastic phase shift   2 =    0.012   0.018 deg. for the L =   11, J =   12.0 channel.
      11.5  0.99937592  0.00043238i: elastic S-matrix  @@      0.00  0   0 F  0
 Reaction Xsec    11.5+/11 @ 2 =   0.150 , Out:   0.000#   0.591/   0.000#   0.150f

   S-matrix    3 =    0.99991   0.00005 for L=   13, J=   12.0 channel on core I =   0.5 from L=   13,  Acc. loss =  0.0 D.
 Elastic phase shift   3 =    0.001   0.003 deg. for the L =   13, J =   12.0 channel.
      11.5  0.99990601  0.00005205i: elastic S-matrix  @@      0.00  0   0 F  0
 Reaction Xsec    11.5+/13 @ 3 =   0.023 , Out:   0.000#   0.174/   0.000#   0.022f


 Total SPIN, PARITY =    11.5 -,    7 chs,    6 cc.  Rmin & Coul turning =    1.7   11.6
   S-matrix    1 =    0.99842   0.00126 for L=   10, J=   11.0 channel on core I =   0.5 from L=   10,  Acc. loss =  0.0 D.
 Elastic phase shift   1 =    0.036   0.045 deg. for the L =   10, J =   11.0 channel.
      11.5  0.99841670  0.00126374i: elastic S-matrix  @@      0.00  0   0 F  0
 Reaction Xsec    11.5-/10 @ 1 =   0.381 , Out:   0.000#   0.064/   0.000#   0.381f

   S-matrix    2 =    0.99976   0.00015 for L=   12, J=   11.0 channel on core I =   0.5 from L=   12,  Acc. loss =  0.0 D.
 Elastic phase shift   2 =    0.004   0.007 deg. for the L =   12, J =   11.0 channel.
      11.5  0.99975867  0.00014821i: elastic S-matrix  @@      0.00  0   0 F  0
 Reaction Xsec    11.5-/12 @ 2 =   0.058 , Out:   0.000#   6.469#   0.000#   0.058f

   S-matrix    3 =    0.99976   0.00015 for L=   12, J=   12.0 channel on core I =   0.5 from L=   12,  Acc. loss =  0.0 D.
 Elastic phase shift   3 =    0.004   0.007 deg. for the L =   12, J =   12.0 channel.
      11.5  0.99975709  0.00014908i: elastic S-matrix  @@      0.00  0   0 F  0
 Reaction Xsec    11.5-/12 @ 3 =   0.059 , Out:   0.000#   0.296/   0.000#   0.058f


 Total SPIN, PARITY =    12.5 +,    7 chs,    6 cc.  Rmin & Coul turning =    1.9   12.6
   S-matrix    1 =    0.99938   0.00043 for L=   11, J=   12.0 channel on core I =   0.5 from L=   11,  Acc. loss =  0.0 D.
 Elastic phase shift   1 =    0.012   0.018 deg. for the L =   11, J =   12.0 channel.
      12.5  0.99937927  0.00043178i: elastic S-matrix  @@      0.00  0   0 F  0
 Reaction Xsec    12.5+/11 @ 1 =   0.162 , Out:   0.000#   0.018/   0.000#   0.162f

   S-matrix    2 =    0.99991   0.00005 for L=   13, J=   12.0 channel on core I =   0.5 from L=   13,  Acc. loss =  0.0 D.
 Elastic phase shift   2 =    0.001   0.003 deg. for the L =   13, J =   12.0 channel.
      12.5  0.99990686  0.00005129i: elastic S-matrix  @@      0.00  0   0 F  0
 Reaction Xsec    12.5+/13 @ 2 =   0.024 , Out:   0.000#   3.576#   0.000#   0.024f

   S-matrix    3 =    0.99991   0.00005 for L=   13, J=   13.0 channel on core I =   0.5 from L=   13,  Acc. loss =  0.0 D.
 Elastic phase shift   3 =    0.001   0.003 deg. for the L =   13, J =   13.0 channel.
      12.5  0.99990601  0.00005205i: elastic S-matrix  @@      0.00  0   0 F  0
 Reaction Xsec    12.5+/13 @ 3 =   0.025 , Out:   0.000#   0.188/   0.000#   0.024f


 Total SPIN, PARITY =    12.5 -,    7 chs,    6 cc.  Rmin & Coul turning =    1.9   12.6
   S-matrix    1 =    0.99976   0.00015 for L=   12, J=   12.0 channel on core I =   0.5 from L=   12,  Acc. loss =  0.0 D.
 Elastic phase shift   1 =    0.004   0.007 deg. for the L =   12, J =   12.0 channel.
      12.5  0.99975867  0.00014821i: elastic S-matrix  @@      0.00  0   0 F  0
 Reaction Xsec    12.5-/12 @ 1 =   0.063 , Out:   0.000#   6.927#   0.000#   0.063f

   S-matrix    2 =    0.99976   0.00015 for L=   12, J=   13.0 channel on core I =   0.5 from L=   12,  Acc. loss =  0.0 D.
 Elastic phase shift   2 =    0.004   0.007 deg. for the L =   12, J =   13.0 channel.
      12.5  0.99975709  0.00014908i: elastic S-matrix  @@      0.00  0   0 F  0
 Reaction Xsec    12.5-/12 @ 2 =   0.063 , Out:   0.000#   0.321/   0.000#   0.063f

   S-matrix    3 =    0.99996   0.00002 for L=   14, J=   13.0 channel on core I =   0.5 from L=   14,  Acc. loss =  0.0 D.
 Elastic phase shift   3 =    0.001   0.001 deg. for the L =   14, J =   13.0 channel.
      12.5  0.99996376  0.00001867i: elastic S-matrix  @@      0.00  0   0 F  0
 Reaction Xsec    12.5-/14 @ 3 =   9.468/, Out:   0.000#   0.123/   0.000#   0.009f


 Total SPIN, PARITY =    13.5 +,    7 chs,    6 cc.  Rmin & Coul turning =    2.0   13.6
   S-matrix    1 =    0.99991   0.00005 for L=   13, J=   13.0 channel on core I =   0.5 from L=   13,  Acc. loss =  0.0 D.
 Elastic phase shift   1 =    0.001   0.003 deg. for the L =   13, J =   13.0 channel.
      13.5  0.99990686  0.00005129i: elastic S-matrix  @@      0.02  0   0 F  0
 Reaction Xsec    13.5+/13 @ 1 =   0.026 , Out:   0.000#   3.810#   0.000#   0.026f

   S-matrix    2 =    0.99991   0.00005 for L=   13, J=   14.0 channel on core I =   0.5 from L=   13,  Acc. loss =  0.0 D.
 Elastic phase shift   2 =    0.001   0.003 deg. for the L =   13, J =   14.0 channel.
      13.5  0.99990601  0.00005205i: elastic S-matrix  @@      0.00  0   0 F  0
 Reaction Xsec    13.5+/13 @ 2 =   0.026 , Out:   0.000#   0.203/   0.000#   0.026f

   S-matrix    3 =    0.99999   0.00001 for L=   15, J=   14.0 channel on core I =   0.5 from L=   15,  Acc. loss =  0.0 D.
 Elastic phase shift   3 =    0.000   0.000 deg. for the L =   15, J =   14.0 channel.
      13.5  0.99998604  0.00000707i: elastic S-matrix  @@      0.00  0   0 F  0
 Reaction Xsec    13.5+/15 @ 3 =   3.927/, Out:   0.000#   0.087/   0.000#   0.004f


 Total SPIN, PARITY =    13.5 -,    7 chs,    6 cc.  Rmin & Coul turning =    2.0   13.6
   S-matrix    1 =    0.99976   0.00015 for L=   12, J=   13.0 channel on core I =   0.5 from L=   12,  Acc. loss =  0.0 D.
 Elastic phase shift   1 =    0.004   0.007 deg. for the L =   12, J =   13.0 channel.
      13.5  0.99975867  0.00014821i: elastic S-matrix  @@      0.00  0   0 F  0
 Reaction Xsec    13.5-/12 @ 1 =   0.068 , Out:   0.000#   6.414#   0.000#   0.068f

   S-matrix    2 =    0.99996   0.00002 for L=   14, J=   13.0 channel on core I =   0.5 from L=   14,  Acc. loss =  0.0 D.
 Elastic phase shift   2 =    0.001   0.001 deg. for the L =   14, J =   13.0 channel.
      13.5  0.99996427  0.00001804i: elastic S-matrix  @@      0.00  0   0 F  0
 Reaction Xsec    13.5-/14 @ 2 =   0.010 , Out:   0.000#   2.042#   0.000#   0.010f

   S-matrix    3 =    0.99996   0.00002 for L=   14, J=   14.0 channel on core I =   0.5 from L=   14,  Acc. loss =  0.0 D.
 Elastic phase shift   3 =    0.001   0.001 deg. for the L =   14, J =   14.0 channel.
      13.5  0.99996376  0.00001867i: elastic S-matrix  @@      0.00  0   0 F  0
 Reaction Xsec    13.5-/14 @ 3 =   0.010 , Out:   0.000#   0.132/   0.000#   0.010f


 Total SPIN, PARITY =    14.5 +,    7 chs,    6 cc.  Rmin & Coul turning =    2.2   14.5
   S-matrix    1 =    0.99991   0.00005 for L=   13, J=   14.0 channel on core I =   0.5 from L=   13,  Acc. loss =  0.0 D.
 Elastic phase shift   1 =    0.001   0.003 deg. for the L =   13, J =   14.0 channel.
      14.5  0.99990686  0.00005129i: elastic S-matrix  @@      0.00  0   0 F  0
 Reaction Xsec    14.5+/13 @ 1 =   0.028 , Out:   0.000#   3.515#   0.000#   0.028f

   S-matrix    2 =    0.99999   0.00001 for L=   15, J=   14.0 channel on core I =   0.5 from L=   15,  Acc. loss =  0.0 D.
 Elastic phase shift   2 =    0.000   0.000 deg. for the L =   15, J =   14.0 channel.
      14.5  0.99998637  0.00000656i: elastic S-matrix  @@      0.00  0   0 F  0
 Reaction Xsec    14.5+/15 @ 2 =   4.109/, Out:   0.000#   1.718#   0.000#   0.004f

   S-matrix    3 =    0.99999   0.00001 for L=   15, J=   15.0 channel on core I =   0.5 from L=   15,  Acc. loss =  0.0 D.
 Elastic phase shift   3 =    0.000   0.000 deg. for the L =   15, J =   15.0 channel.
      14.5  0.99998604  0.00000707i: elastic S-matrix  @@      0.00  0   0 F  0
 Reaction Xsec    14.5+/15 @ 3 =   4.207/, Out:   0.000#   0.093/   0.000#   0.004f


 Total SPIN, PARITY =    14.5 -,    7 chs,    6 cc.  Rmin & Coul turning =    2.2   14.5
   S-matrix    1 =    0.99996   0.00002 for L=   14, J=   14.0 channel on core I =   0.5 from L=   14,  Acc. loss =  0.0 D.
 Elastic phase shift   1 =    0.001   0.001 deg. for the L =   14, J =   14.0 channel.
      14.5  0.99996427  0.00001804i: elastic S-matrix  @@      0.00  0   0 F  0
 Reaction Xsec    14.5-/14 @ 1 =   0.011 , Out:   0.000#   2.165#   0.000#   0.011f

   S-matrix    2 =    0.99996   0.00002 for L=   14, J=   15.0 channel on core I =   0.5 from L=   14,  Acc. loss =  0.0 D.
 Elastic phase shift   2 =    0.001   0.001 deg. for the L =   14, J =   15.0 channel.
      14.5  0.99996376  0.00001867i: elastic S-matrix  @@      0.00  0   0 F  0
 Reaction Xsec    14.5-/14 @ 2 =   0.011 , Out:   0.000#   0.142/   0.000#   0.011f

   S-matrix    3 =    0.99999   0.00000 for L=   16, J=   15.0 channel on core I =   0.5 from L=   16,  Acc. loss =  0.0 D.
 Elastic phase shift   3 =    0.000   0.000 deg. for the L =   16, J =   15.0 channel.
      14.5  0.99999460  0.00000298i: elastic S-matrix  @@      0.00  0   0 F  0
 Reaction Xsec    14.5-/16 @ 3 =   1.628/, Out:   0.000#   0.066/   0.000#   0.002f


 Total SPIN, PARITY =    15.5 +,    7 chs,    6 cc.  Rmin & Coul turning =    2.4   15.5
   S-matrix    1 =    0.99999   0.00001 for L=   15, J=   15.0 channel on core I =   0.5 from L=   15,  Acc. loss =  0.0 D.
 Elastic phase shift   1 =    0.000   0.000 deg. for the L =   15, J =   15.0 channel.
      15.5  0.99998637  0.00000656i: elastic S-matrix  @@      0.02  0   0 F  0
 Reaction Xsec    15.5+/15 @ 1 =   4.383/, Out:   0.000#   1.819#   0.000#   0.004f

   S-matrix    2 =    0.99999   0.00001 for L=   15, J=   16.0 channel on core I =   0.5 from L=   15,  Acc. loss =  0.0 D.
 Elastic phase shift   2 =    0.000   0.000 deg. for the L =   15, J =   16.0 channel.
      15.5  0.99998604  0.00000707i: elastic S-matrix  @@      0.00  0   0 F  0
 Reaction Xsec    15.5+/15 @ 2 =   4.487/, Out:   0.000#   0.100/   0.000#   0.004f

   S-matrix    3 =    1.00000   0.00000 for L=   17, J=   16.0 channel on core I =   0.5 from L=   17,  Acc. loss =  0.0 D.
 Elastic phase shift   3 =    0.000   0.000 deg. for the L =   17, J =   16.0 channel.
      15.5  0.99999789  0.00000148i: elastic S-matrix  @@      0.00  0   0 F  0
 Reaction Xsec    15.5+/17 @ 3 =   0.678/, Out:   0.000#   0.048/   0.000#   0.001f


 Total SPIN, PARITY =    15.5 -,    7 chs,    6 cc.  Rmin & Coul turning =    2.4   15.5
   S-matrix    1 =    0.99996   0.00002 for L=   14, J=   15.0 channel on core I =   0.5 from L=   14,  Acc. loss =  0.0 D.
 Elastic phase shift   1 =    0.001   0.001 deg. for the L =   14, J =   15.0 channel.
      15.5  0.99996428  0.00001804i: elastic S-matrix  @@      0.00  0   0 F  0
 Reaction Xsec    15.5-/14 @ 1 =   0.011 , Out:   0.000#   1.965#   0.000#   0.011f

   S-matrix    2 =    0.99999   0.00000 for L=   16, J=   15.0 channel on core I =   0.5 from L=   16,  Acc. loss =  0.0 D.
 Elastic phase shift   2 =    0.000   0.000 deg. for the L =   16, J =   15.0 channel.
      15.5  0.99999482  0.00000257i: elastic S-matrix  @@      0.00  0   0 F  0
 Reaction Xsec    15.5-/16 @ 2 =   1.665/, Out:   0.000#   1.271#   0.000#   0.002f

   S-matrix    3 =    0.99999   0.00000 for L=   16, J=   16.0 channel on core I =   0.5 from L=   16,  Acc. loss =  0.0 D.
 Elastic phase shift   3 =    0.000   0.000 deg. for the L =   16, J =   16.0 channel.
      15.5  0.99999460  0.00000298i: elastic S-matrix  @@      0.00  0   0 F  0
 Reaction Xsec    15.5-/16 @ 3 =   1.737/, Out:   0.000#   0.070/   0.000#   0.002f


 Total SPIN, PARITY =    16.5 +,    7 chs,    6 cc.  Rmin & Coul turning =    2.5   16.5
   S-matrix    1 =    0.99999   0.00001 for L=   15, J=   16.0 channel on core I =   0.5 from L=   15,  Acc. loss =  0.0 D.
 Elastic phase shift   1 =    0.000   0.000 deg. for the L =   15, J =   16.0 channel.
      16.5  0.99998637  0.00000656i: elastic S-matrix  @@      0.00  0   0 F  0
 Reaction Xsec    16.5+/15 @ 1 =   4.657/, Out:   0.000#   1.722#   0.000#   0.005f

   S-matrix    2 =    1.00000   0.00000 for L=   17, J=   16.0 channel on core I =   0.5 from L=   17,  Acc. loss =  0.0 D.
 Elastic phase shift   2 =    0.000   0.000 deg. for the L =   17, J =   16.0 channel.
      16.5  0.99999804  0.00000114i: elastic S-matrix  @@      0.00  0   0 F  0
 Reaction Xsec    16.5+/17 @ 2 =   0.670/, Out:   0.000#   1.051#   0.000#   0.001f

   S-matrix    3 =    1.00000   0.00000 for L=   17, J=   17.0 channel on core I =   0.5 from L=   17,  Acc. loss =  0.0 D.
 Elastic phase shift   3 =    0.000   0.000 deg. for the L =   17, J =   17.0 channel.
      16.5  0.99999789  0.00000148i: elastic S-matrix  @@      0.00  0   0 F  0
 Reaction Xsec    16.5+/17 @ 3 =   0.721/, Out:   0.000#   0.051/   0.000#   0.001f

 Finished all CC sets @  0.1404009
0CUMULATIVE REACTION cross section                 =  774.02047  <L> =     3.91  <L**2> =     18.6
0CUMULATIVE outgoing cross sections in partition 1 :    0.00051    2.85029
0CUMULATIVE outgoing cross sections in partition 2 :    0.00000
0Cumulative ABSORBTION by Imaginary Potentials     =  771.16967  <L> =     3.91  <L**2> =     18.6
   Fusion for specific d        M-states : 1262.333542 1283.629432 1262.333542
0CUMULATIVE OUTGOING cross section                 =    2.85080
 To convert to S-factors (MeV.mb = keV.b),  multiply by  1.1398E+02


 CROSS SECTIONS FOR OUTGOING d        & C13      in state #   1 with spins & parities 1.0  + & 0.5  -;  0

    10.00 deg.: X-S =  3090.995047 mb/sr,
+                                         /R =   6.0372E-01
    11.00 deg.: X-S =  2235.650123 mb/sr,
+                                         /R =   6.3863E-01
    12.00 deg.: X-S =  1731.860062 mb/sr,
+                                         /R =   6.9985E-01
    13.00 deg.: X-S =  1413.650464 mb/sr,
+                                         /R =   7.8583E-01
    14.00 deg.: X-S =  1196.612206 mb/sr,
+                                         /R =   8.9348E-01
    15.00 deg.: X-S =  1036.382480 mb/sr,
+                                         /R =   1.0183E+00
    16.00 deg.: X-S =   909.115805 mb/sr,
+                                         /R =   1.1545E+00
    17.00 deg.: X-S =   801.838273 mb/sr,
+                                         /R =   1.2955E+00
    18.00 deg.: X-S =   707.483963 mb/sr,
+                                         /R =   1.4342E+00
    19.00 deg.: X-S =   622.251267 mb/sr,
+                                         /R =   1.5630E+00
    20.00 deg.: X-S =   544.153880 mb/sr,
+                                         /R =   1.6748E+00
    21.00 deg.: X-S =   472.207976 mb/sr,
+                                         /R =   1.7629E+00
    22.00 deg.: X-S =   405.968265 mb/sr,
+                                         /R =   1.8216E+00
    23.00 deg.: X-S =   345.260375 mb/sr,
+                                         /R =   1.8464E+00
    24.00 deg.: X-S =   290.026286 mb/sr,
+                                         /R =   1.8345E+00
    25.00 deg.: X-S =   240.236146 mb/sr,
+                                         /R =   1.7846E+00
    26.00 deg.: X-S =   195.839738 mb/sr,
+                                         /R =   1.6975E+00
    27.00 deg.: X-S =   156.741932 mb/sr,
+                                         /R =   1.5757E+00
    28.00 deg.: X-S =   122.792736 mb/sr,
+                                         /R =   1.4237E+00
    29.00 deg.: X-S =    93.786231 mb/sr,
+                                         /R =   1.2476E+00
    30.00 deg.: X-S =    69.464819 mb/sr,
+                                         /R =   1.0551E+00
    31.00 deg.: X-S =    49.526507 mb/sr,
+                                         /R =   8.5504E-01
    32.00 deg.: X-S =    33.633766 mb/sr,
+                                         /R =   6.5718E-01
    33.00 deg.: X-S =    21.422999 mb/sr,
+                                         /R =   4.7185E-01
    34.00 deg.: X-S =    12.513975 mb/sr,
+                                         /R =   3.0952E-01
    35.00 deg.: X-S =     6.518794 mb/sr,
+                                         /R =   1.8042E-01
    36.00 deg.: X-S =     3.050126 mb/sr,
+                                         /R =   9.4146E-02
    37.00 deg.: X-S =     1.728532 mb/sr,
+                                         /R =   5.9311E-02
    38.00 deg.: X-S =     2.188775 mb/sr,
+                                         /R =   8.3238E-02
    39.00 deg.: X-S =     4.085078 mb/sr,
+                                         /R =   1.7169E-01
    40.00 deg.: X-S =     7.095337 mb/sr,
+                                         /R =   3.2865E-01
    41.00 deg.: X-S =    10.924306 mb/sr,
+                                         /R =   5.5622E-01
    42.00 deg.: X-S =    15.305819 mb/sr,
+                                         /R =   8.5453E-01
    43.00 deg.: X-S =    20.004125 mb/sr,
+                                         /R =   1.2217E+00
    44.00 deg.: X-S =    24.814418 mb/sr,
+                                         /R =   1.6541E+00
    45.00 deg.: X-S =    29.562649 mb/sr,
+                                         /R =   2.1461E+00
    46.00 deg.: X-S =    34.104731 mb/sr,
+                                         /R =   2.6908E+00
    47.00 deg.: X-S =    38.325227 mb/sr,
+                                         /R =   3.2797E+00
    48.00 deg.: X-S =    42.135613 mb/sr,
+                                         /R =   3.9035E+00
    49.00 deg.: X-S =    45.472225 mb/sr,
+                                         /R =   4.5521E+00
    50.00 deg.: X-S =    48.293959 mb/sr,
+                                         /R =   5.2148E+00
    51.00 deg.: X-S =    50.579817 mb/sr,
+                                         /R =   5.8812E+00
    52.00 deg.: X-S =    52.326367 mb/sr,
+                                         /R =   6.5410E+00
    53.00 deg.: X-S =    53.545185 mb/sr,
+                                         /R =   7.1843E+00
    54.00 deg.: X-S =    54.260328 mb/sr,
+                                         /R =   7.8023E+00
    55.00 deg.: X-S =    54.505899 mb/sr,
+                                         /R =   8.3873E+00
    56.00 deg.: X-S =    54.323729 mb/sr,
+                                         /R =   8.9327E+00
    57.00 deg.: X-S =    53.761214 mb/sr,
+                                         /R =   9.4335E+00
    58.00 deg.: X-S =    52.869338 mb/sr,
+                                         /R =   9.8865E+00
    59.00 deg.: X-S =    51.700880 mb/sr,
+                                         /R =   1.0290E+01
    60.00 deg.: X-S =    50.308839 mb/sr,
+                                         /R =   1.0643E+01
    61.00 deg.: X-S =    48.745062 mb/sr,
+                                         /R =   1.0949E+01
    62.00 deg.: X-S =    47.059089 mb/sr,
+                                         /R =   1.1209E+01
    63.00 deg.: X-S =    45.297203 mb/sr,
+                                         /R =   1.1428E+01
    64.00 deg.: X-S =    43.501679 mb/sr,
+                                         /R =   1.1612E+01
    65.00 deg.: X-S =    41.710228 mb/sr,
+                                         /R =   1.1767E+01
    66.00 deg.: X-S =    39.955613 mb/sr,
+                                         /R =   1.1901E+01
    67.00 deg.: X-S =    38.265430 mb/sr,
+                                         /R =   1.2020E+01
    68.00 deg.: X-S =    36.662038 mb/sr,
+                                         /R =   1.2134E+01
    69.00 deg.: X-S =    35.162617 mb/sr,
+                                         /R =   1.2250E+01
    70.00 deg.: X-S =    33.779344 mb/sr,
+                                         /R =   1.2376E+01
    71.00 deg.: X-S =    32.519664 mb/sr,
+                                         /R =   1.2517E+01
    72.00 deg.: X-S =    31.386642 mb/sr,
+                                         /R =   1.2682E+01
    73.00 deg.: X-S =    30.379383 mb/sr,
+                                         /R =   1.2873E+01
    74.00 deg.: X-S =    29.493493 mb/sr,
+                                         /R =   1.3096E+01
    75.00 deg.: X-S =    28.721586 mb/sr,
+                                         /R =   1.3352E+01
    76.00 deg.: X-S =    28.053801 mb/sr,
+                                         /R =   1.3643E+01
    77.00 deg.: X-S =    27.478332 mb/sr,
+                                         /R =   1.3968E+01
    78.00 deg.: X-S =    26.981953 mb/sr,
+                                         /R =   1.4326E+01
    79.00 deg.: X-S =    26.550526 mb/sr,
+                                         /R =   1.4712E+01
    80.00 deg.: X-S =    26.169487 mb/sr,
+                                         /R =   1.5122E+01
    81.00 deg.: X-S =    25.824304 mb/sr,
+                                         /R =   1.5551E+01
    82.00 deg.: X-S =    25.500884 mb/sr,
+                                         /R =   1.5991E+01
    83.00 deg.: X-S =    25.185950 mb/sr,
+                                         /R =   1.6435E+01
    84.00 deg.: X-S =    24.867361 mb/sr,
+                                         /R =   1.6874E+01
    85.00 deg.: X-S =    24.534381 mb/sr,
+                                         /R =   1.7301E+01
    86.00 deg.: X-S =    24.177900 mb/sr,
+                                         /R =   1.7705E+01
    87.00 deg.: X-S =    23.790588 mb/sr,
+                                         /R =   1.8080E+01
    88.00 deg.: X-S =    23.367013 mb/sr,
+                                         /R =   1.8418E+01
    89.00 deg.: X-S =    22.903688 mb/sr,
+                                         /R =   1.8711E+01
    90.00 deg.: X-S =    22.399079 mb/sr,
+                                         /R =   1.8955E+01
    91.00 deg.: X-S =    21.853559 mb/sr,
+                                         /R =   1.9145E+01
    92.00 deg.: X-S =    21.269320 mb/sr,
+                                         /R =   1.9277E+01
    93.00 deg.: X-S =    20.650244 mb/sr,
+                                         /R =   1.9352E+01
    94.00 deg.: X-S =    20.001734 mb/sr,
+                                         /R =   1.9370E+01
    95.00 deg.: X-S =    19.330521 mb/sr,
+                                         /R =   1.9334E+01
    96.00 deg.: X-S =    18.644442 mb/sr,
+                                         /R =   1.9249E+01
    97.00 deg.: X-S =    17.952194 mb/sr,
+                                         /R =   1.9120E+01
    98.00 deg.: X-S =    17.263082 mb/sr,
+                                         /R =   1.8958E+01
    99.00 deg.: X-S =    16.586755 mb/sr,
+                                         /R =   1.8771E+01
   100.00 deg.: X-S =    15.932934 mb/sr,
+                                         /R =   1.8572E+01
   101.00 deg.: X-S =    15.311153 mb/sr,
+                                         /R =   1.8373E+01
   102.00 deg.: X-S =    14.730503 mb/sr,
+                                         /R =   1.8188E+01
   103.00 deg.: X-S =    14.199389 mb/sr,
+                                         /R =   1.8030E+01
   104.00 deg.: X-S =    13.725308 mb/sr,
+                                         /R =   1.7914E+01
   105.00 deg.: X-S =    13.314649 mb/sr,
+                                         /R =   1.7855E+01
   106.00 deg.: X-S =    12.972521 mb/sr,
+                                         /R =   1.7864E+01
   107.00 deg.: X-S =    12.702608 mb/sr,
+                                         /R =   1.7954E+01
   108.00 deg.: X-S =    12.507061 mb/sr,
+                                         /R =   1.8136E+01
   109.00 deg.: X-S =    12.386424 mb/sr,
+                                         /R =   1.8418E+01
   110.00 deg.: X-S =    12.339591 mb/sr,
+                                         /R =   1.8807E+01
   111.00 deg.: X-S =    12.363809 mb/sr,
+                                         /R =   1.9305E+01
   112.00 deg.: X-S =    12.454708 mb/sr,
+                                         /R =   1.9915E+01
   113.00 deg.: X-S =    12.606379 mb/sr,
+                                         /R =   2.0633E+01
   114.00 deg.: X-S =    12.811472 mb/sr,
+                                         /R =   2.1454E+01
   115.00 deg.: X-S =    13.061337 mb/sr,
+                                         /R =   2.2370E+01
   116.00 deg.: X-S =    13.346195 mb/sr,
+                                         /R =   2.3366E+01
   117.00 deg.: X-S =    13.655325 mb/sr,
+                                         /R =   2.4430E+01
   118.00 deg.: X-S =    13.977286 mb/sr,
+                                         /R =   2.5541E+01
   119.00 deg.: X-S =    14.300149 mb/sr,
+                                         /R =   2.6679E+01
   120.00 deg.: X-S =    14.611747 mb/sr,
+                                         /R =   2.7821E+01

 CROSS SECTIONS FOR OUTGOING d        & C13      in state #   2 with spins & parities 1.0  + & 0.5  +;  0

    10.00 deg.: X-S =     1.857261 mb/sr,
+                                         REAC   2.8503E+00 mb
    11.00 deg.: X-S =     2.013923 mb/sr,
    12.00 deg.: X-S =     2.142371 mb/sr,
    13.00 deg.: X-S =     2.238948 mb/sr,
    14.00 deg.: X-S =     2.301644 mb/sr,
    15.00 deg.: X-S =     2.330008 mb/sr,
    16.00 deg.: X-S =     2.324965 mb/sr,
    17.00 deg.: X-S =     2.288596 mb/sr,
    18.00 deg.: X-S =     2.223879 mb/sr,
    19.00 deg.: X-S =     2.134425 mb/sr,
    20.00 deg.: X-S =     2.024231 mb/sr,
    21.00 deg.: X-S =     1.897466 mb/sr,
    22.00 deg.: X-S =     1.758284 mb/sr,
    23.00 deg.: X-S =     1.610689 mb/sr,
    24.00 deg.: X-S =     1.458434 mb/sr,
    25.00 deg.: X-S =     1.304952 mb/sr,
    26.00 deg.: X-S =     1.153324 mb/sr,
    27.00 deg.: X-S =     1.006252 mb/sr,
    28.00 deg.: X-S =     0.866063 mb/sr,
    29.00 deg.: X-S =     0.734709 mb/sr,
    30.00 deg.: X-S =     0.613768 mb/sr,
    31.00 deg.: X-S =     0.504454 mb/sr,
    32.00 deg.: X-S =     0.407621 mb/sr,
    33.00 deg.: X-S =     0.323769 mb/sr,
    34.00 deg.: X-S =     0.253053 mb/sr,
    35.00 deg.: X-S =     0.195298 mb/sr,
    36.00 deg.: X-S =     0.150019 mb/sr,
    37.00 deg.: X-S =     0.116452 mb/sr,
    38.00 deg.: X-S =     0.093593 mb/sr,
    39.00 deg.: X-S =     0.080245 mb/sr,
    40.00 deg.: X-S =     0.075075 mb/sr,
    41.00 deg.: X-S =     0.076668 mb/sr,
    42.00 deg.: X-S =     0.083590 mb/sr,
    43.00 deg.: X-S =     0.094441 mb/sr,
    44.00 deg.: X-S =     0.107902 mb/sr,
    45.00 deg.: X-S =     0.122780 mb/sr,
    46.00 deg.: X-S =     0.138034 mb/sr,
    47.00 deg.: X-S =     0.152790 mb/sr,
    48.00 deg.: X-S =     0.166356 mb/sr,
    49.00 deg.: X-S =     0.178211 mb/sr,
    50.00 deg.: X-S =     0.187997 mb/sr,
    51.00 deg.: X-S =     0.195503 mb/sr,
    52.00 deg.: X-S =     0.200645 mb/sr,
    53.00 deg.: X-S =     0.203443 mb/sr,
    54.00 deg.: X-S =     0.203998 mb/sr,
    55.00 deg.: X-S =     0.202473 mb/sr,
    56.00 deg.: X-S =     0.199077 mb/sr,
    57.00 deg.: X-S =     0.194046 mb/sr,
    58.00 deg.: X-S =     0.187630 mb/sr,
    59.00 deg.: X-S =     0.180086 mb/sr,
    60.00 deg.: X-S =     0.171669 mb/sr,
    61.00 deg.: X-S =     0.162626 mb/sr,
    62.00 deg.: X-S =     0.153191 mb/sr,
    63.00 deg.: X-S =     0.143585 mb/sr,
    64.00 deg.: X-S =     0.134012 mb/sr,
    65.00 deg.: X-S =     0.124660 mb/sr,
    66.00 deg.: X-S =     0.115698 mb/sr,
    67.00 deg.: X-S =     0.107277 mb/sr,
    68.00 deg.: X-S =     0.099530 mb/sr,
    69.00 deg.: X-S =     0.092570 mb/sr,
    70.00 deg.: X-S =     0.086489 mb/sr,
    71.00 deg.: X-S =     0.081360 mb/sr,
    72.00 deg.: X-S =     0.077234 mb/sr,
    73.00 deg.: X-S =     0.074139 mb/sr,
    74.00 deg.: X-S =     0.072082 mb/sr,
    75.00 deg.: X-S =     0.071047 mb/sr,
    76.00 deg.: X-S =     0.070994 mb/sr,
    77.00 deg.: X-S =     0.071863 mb/sr,
    78.00 deg.: X-S =     0.073570 mb/sr,
    79.00 deg.: X-S =     0.076014 mb/sr,
    80.00 deg.: X-S =     0.079076 mb/sr,
    81.00 deg.: X-S =     0.082620 mb/sr,
    82.00 deg.: X-S =     0.086501 mb/sr,
    83.00 deg.: X-S =     0.090566 mb/sr,
    84.00 deg.: X-S =     0.094659 mb/sr,
    85.00 deg.: X-S =     0.098624 mb/sr,
    86.00 deg.: X-S =     0.102310 mb/sr,
    87.00 deg.: X-S =     0.105579 mb/sr,
    88.00 deg.: X-S =     0.108302 mb/sr,
    89.00 deg.: X-S =     0.110366 mb/sr,
    90.00 deg.: X-S =     0.111679 mb/sr,
    91.00 deg.: X-S =     0.112166 mb/sr,
    92.00 deg.: X-S =     0.111773 mb/sr,
    93.00 deg.: X-S =     0.110469 mb/sr,
    94.00 deg.: X-S =     0.108242 mb/sr,
    95.00 deg.: X-S =     0.105106 mb/sr,
    96.00 deg.: X-S =     0.101096 mb/sr,
    97.00 deg.: X-S =     0.096270 mb/sr,
    98.00 deg.: X-S =     0.090711 mb/sr,
    99.00 deg.: X-S =     0.084526 mb/sr,
   100.00 deg.: X-S =     0.077843 mb/sr,
   101.00 deg.: X-S =     0.070812 mb/sr,
   102.00 deg.: X-S =     0.063605 mb/sr,
   103.00 deg.: X-S =     0.056408 mb/sr,
   104.00 deg.: X-S =     0.049418 mb/sr,
   105.00 deg.: X-S =     0.042843 mb/sr,
   106.00 deg.: X-S =     0.036888 mb/sr,
   107.00 deg.: X-S =     0.031756 mb/sr,
   108.00 deg.: X-S =     0.027636 mb/sr,
   109.00 deg.: X-S =     0.024699 mb/sr,
   110.00 deg.: X-S =     0.023092 mb/sr,
   111.00 deg.: X-S =     0.022934 mb/sr,
   112.00 deg.: X-S =     0.024309 mb/sr,
   113.00 deg.: X-S =     0.027265 mb/sr,
   114.00 deg.: X-S =     0.031812 mb/sr,
   115.00 deg.: X-S =     0.037925 mb/sr,
   116.00 deg.: X-S =     0.045538 mb/sr,
   117.00 deg.: X-S =     0.054551 mb/sr,
   118.00 deg.: X-S =     0.064834 mb/sr,
   119.00 deg.: X-S =     0.076223 mb/sr,
   120.00 deg.: X-S =     0.088529 mb/sr,

 CROSS SECTIONS FOR OUTGOING 3-H      & 12-C     in state #   1 with spins & parities 0.5  + & 0.0  +;  0

 Finished all xsecs @  0.1404009

  The following files have been created:
   3:local copy of User input.            6:standard output.                   
   7:elastic  S-matrix elements.         13:total cross sections/state.        
  16:tables of cross sections.           35:Astrophysics S-factors  / Ecm.     
  38:cross sections for each J/pi.       39:cross sections for each Ecm.       
  40:all cross sectns. for each Elab.    45:scat phase shift as E functions.   
  46:bs wave functions & ANC ratios.     56:Fusion for each Jtotal.            
  58:Single-particle wfns.               75:S-factors for lab energies.        
 201:Separate cross sections.           202:Separate cross sections.           

 PARAMETERS : MAXQRN   MFNL   MLOC  LMAX1 MCLIST
    ALLOWED :      4     49     18     50      6
    REQUIRED:      4      0     18     19      3


 ACCURACY ANALYSIS at    14.500 MeV :

  Elastic h*k = 0.102 so OK       compared with 0.200

   Real(S-el) > 0.01 first at J =       0.5
   Real(S-el) > 0.10 first at J =       0.5
   Real(S-el) > 0.50 first at J =       0.5
   Real(S-el) > 0.90 first at J =       4.5
   Real(S-el) > 0.99 first at J =       7.5
   R-turn =    16.50 fm    at J =      16.5

 Forward-angle excitation cut off below   2.366 deg by max JT =      16.5
                              and below   0.657 deg by max R.

 Total CPU  0 time =       0.14 seconds
