 FRESCO - FRES 3.2: Coupled Reaction Channels
 Assuming NAMELIST input.

 Ca 40(p,t)   Ca 38 @   35.000 MeV  Q =  20.45 MeV                               

   0.050  30.000   0.200   0.100  16.000  -1.200   0.300  10.000   0.300   0.000

 Centre-of-mass Range is    602 * 0.0500 fm., Maximum at  30.00 fm., Interpolating NL forms every  0.20 fm.
 Non - locality width is    161 * 0.1000 fm., Maximum of  16.00 fm., Centred at -1.10 fm.
 2-Nucleon Separation of     32 * 0.3000 fm., Maximum of   9.90 fm., Minimum at  0.30 fm.
 Maximum single particle bins of 30.0000 fm.
               M,Mint =          601         601


 Range of total J is     0.0 <= J <=    20.0 (at least     0.0) and Absorbtion =>    -1.0000 mb.
 Dry Run = F, CC set limits =  0  0, Relativistic kinematics =  , Both/Far/Near Analyses =  1

 Cross Sections (and up to T0 for 0=projectile) for Theta from   0.0 to 180.0 in steps of  1.0 degrees, DGAM=0,  Coordinates = 0 (Mads)

 Lower Radial Cutoff = maximum of -1.60*L*h &       0.0 fm.,  Lower Cutoff for Couplings =   0.0  fm.


 Iterate Couplings between   0 and   2 times, to  0.000 % if sooner.                                          
  Block solved exactly =   0 chs., with Pade = 0 & Isocen =  =0, NOSOL = F, initwf =  0
  NL quadrature with   36 Gaussian points, Calculate multipoles up to    26 from   0
  M-transfers for lp+lt greater than or equal to  6, Angular Integration Cutoff below  0.6944 %


 Trace switches are :  CHANS =  1, LISTCC =  0, TRENEG =  0, CDETR =  0, SMATS =  2, XSTABL =  1, NLPL =  0

                       WAVES =  0, LAMPL =  0, VEFF =  0, KFUS =  0, WDISK =  0, BPM =  0, MELFIL =  0

                       CDCC =  0, NFUS =  0

 Using unit mass = 1.000000 amu and 1/fine-structure constant = 137.03599 ( 1.000000 * true ) with hc = 197.32705 MeV.fm,
  thus 2*amu/hbar^2 = 0.0478450 = 1/20.9008 and Coulomb constant = 0.1574855 so e^2 = 1.43997, and nuclear magneton= 0.1261183

 Now pre-scan input and save to file 3



 *********** PARTITION NUMBER  1 ******************************************************************************************

   PROJ=t3         MASS=  3.0000 Z=   1.0,        # STATES=    1T, TARG=Ca 38    MASS= 38.0000 Z=  20.0,     Q-VALUE =   0.0000 MEV.

     1:  J= 0.5+ (B# 1), E=  0.0000, K= 0.5              Potl#  1       J= 0.0+ (B# 1), E=  0.0000, K= 0.0    
+                                                                                                      Write out EXTRA angle amplitudes file 301
                                                                                                       With ALL Spin Cases = T


 *********** PARTITION NUMBER  2 ******************************************************************************************

   PROJ=p1         MASS=  1.0000 Z=   1.0,        # STATES=    1T, TARG=Ca 40    MASS= 40.0000 Z=  20.0,     Q-VALUE =  20.4490 MEV.

     1:  J= 0.5+ (B# 1), E=  0.0000, K= 0.5              Potl#  2       J= 0.0+ (B# 1), E=  0.0000, K= 0.0    
0****** WARNING : COMPARED WITH PARTITION  1, THIS PARTITION HAS TOTAL MASS & CHARGE EXCESSES   0.02195 &   0.0000


 *********** PARTITION NUMBER  3 ******************************************************************************************

   PROJ=d2         MASS=  2.0000 Z=   1.0,        # STATES=   -3T, TARG=Ca 39    MASS= 39.0000 Z=  20.0,     Q-VALUE =   8.2080 MEV.

     1:  J= 1.0+ (B# 1), E=  0.0000, K= 0.0              Potl#  9       J= 1.5+ (B# 1), E=  0.0000, K= 0.5    

     2:  J= 1.0+ (B# 1), E=  0.0000, K= 0.0              Potl#  9       J= 2.5+ (B# 1), E=  0.0000, K= 0.5    
                                  (Just State  1)

     3:  J= 1.0+ (B# 1), E=  0.0000, K= 0.0              Potl#  9       J= 0.5+ (B# 1), E=  0.0000, K= 0.5    
                                  (Just State  1)
+                                                                                                      Write out EXTRA angle amplitudes file 302
                                                                                                       With ALL Spin Cases = T
0****** WARNING : COMPARED WITH PARTITION  1, THIS PARTITION HAS TOTAL MASS & CHARGE EXCESSES   0.00881 &   0.0000


 ************************************************************************************************************************************

 The following POTENTIALS are defined :

  KP#       TYPE      IT    SHAPE      at     V1        r1        a1        V2        r2        a2        A-in     A-used


                                            A#1       A#2        r0c       ac                                                h @ 1
    1    0=Coulomb       0=CHARGE (WS)  1    38.000     0.000    1.4220    0.0000    0.0000    0.0000     0.000    38.000   0.05000

    1    1=Volume        0=Woods-Saxon  2  150.9720    1.0750    0.7480   12.6910    1.2670    1.1830     0.000    38.000

    1    2=Surface       0=Woods-Saxon  3    0.0000    0.0000    0.0000   30.0100    1.1140    0.8500     0.000    38.000

    1    3=Projtl S.O.   0=Woods-Saxon  4    1.9030    0.5080    0.1790    0.0000    1.0000    1.0000     0.000    38.000
   --------------------------------------------------------------------------------------------------------------------

                                            A#1       A#2        r0c       ac                                                h @ 2
    2    0=Coulomb       0=CHARGE (WS)  5    40.000     0.000    1.2750    0.0000    0.0000    0.0000     0.000    40.000   0.05000

    2    1=Volume        0=Woods-Saxon  6   45.0630    1.1840    0.6900    2.8550    1.2070    0.6900     0.000    40.000

    2    2=Surface       0=Woods-Saxon  7    0.0000    0.0000    0.0000    5.6580    1.2070    0.6900     0.000    40.000

    2    3=Projtl S.O.   0=Woods-Saxon  8    5.9000    0.9890    0.6300    0.0000    1.0000    1.0000     0.000    40.000
   --------------------------------------------------------------------------------------------------------------------

                                            A#1       A#2        r0c       ac                                                h @ 0
    4    0=Coulomb       0=CHARGE (WS)  9     1.000     0.000    1.2800    0.0000    0.0000    0.0000     0.000     1.000   0.05000

    4    1=Volume        0=Woods-Saxon 10  100.0000    0.9500    0.6500    0.0000    0.0000    0.0000     0.000     1.000
   --------------------------------------------------------------------------------------------------------------------

                                            A#1       A#2        r0c       ac                                                h @ 0
    5    0=Coulomb       0=CHARGE (WS) 11    38.000     0.000    1.2750    0.0000    0.0000    0.0000     0.000    38.000   0.05000

    5    1=Volume        0=Woods-Saxon 12   45.0630    1.1840    0.6900    2.8550    1.2070    0.6900     0.000    38.000

    5    2=Surface       0=Woods-Saxon 13    0.0000    0.0000    0.0000    5.6580    1.2070    0.6900     0.000    38.000

    5    3=Projtl S.O.   0=Woods-Saxon 14    5.9000    0.9890    0.6300    0.0000    1.0000    1.0000     0.000    38.000
   --------------------------------------------------------------------------------------------------------------------

                                            A#1       A#2        r0c       ac                                                h @ 0
    6    0=Coulomb       0=CHARGE (WS) 15    38.000     0.000    1.2500    0.0000    0.0000    0.0000     0.000    38.000   0.05000

    6    1=Volume        0=Woods-Saxon 16   50.0000    1.2500    0.6500    0.0000    0.0000    0.0000     0.000    38.000

    6    3=Projtl S.O.   0=Woods-Saxon 17    6.5000    1.2500    0.6500    0.0000    0.0000    0.0000     0.000    38.000
   --------------------------------------------------------------------------------------------------------------------

                                            A#1       A#2        r0c       ac                                                h @ 3
    9    0=Coulomb       0=CHARGE (WS) 18    39.000     0.000    1.3000    0.0000    0.0000    0.0000     0.000    39.000   0.05000

    9    1=Volume        0=Woods-Saxon 19   87.4070    1.1700    0.7500    0.7280    1.3250    0.7360     0.000    39.000

    9    2=Surface       0=Woods-Saxon 20    0.0000    0.0000    0.0000   12.1010    1.3250    0.7360     0.000    39.000

    9    3=Projtl S.O.   0=Woods-Saxon 21    6.6290    1.0700    0.6600    0.0000    1.0000    1.0000     0.000    39.000
   --------------------------------------------------------------------------------------------------------------------

   11    1=Volume        0=Woods-Saxon 22  100.0000    0.4000    0.6000    0.0000    0.0000    0.0000     1.000     1.000
   --------------------------------------------------------------------------------------------------------------------

   12    1=Volume        0=Woods-Saxon 23  100.0000    0.9500    0.6500    0.0000    0.0000    0.0000     1.000     1.000


 ************************************************************************************************************************************

 The following SINGLE-PARTICLE FORM FACTORS are constructed :


 No.   P1 P2 IN KIND T N  L  S1 IA J/S  IB BIND XFER  BE    SC PC FIL AFRAC Adjust  to  Z  Mass   K     Norm    rms      D0     D   ANC/Gsp

    1:  3  1  1  0     1  0 0.5  1 0.5   0  12   0   6.2570  1  0  0 0.0000 VR  0.8748; 0. 1.000 0.4467 1.0000  2.546 -167.5 -186.9  1.6818

    2:  2  3  1  0     1  0 0.5  1 0.5   0  11   0   2.2245  1  0  0 0.0000 VR  1.6652; 0. 1.000 0.2307 1.0000  3.912 -127.4 -130.6  0.8817

    3:  3  1  1  0     1  0 0.5  1 0.5   0   4   0   4.2409  1  0  0 0.0000 VR  0.7804; 0. 1.000 0.3678 1.0000  2.900 -142.2 -153.8  1.3838

 The following TWO-PARTICLE FORM FACTORS are constructed :

  KN1 KN2  P1  P2  IN KIND TYP J12,T  PAIRS KNZR LMIN LMAX SMIN FILE ISC IPC  EP2%  AMPL

   30  60   1   2   1   6      0.0,1    1    0    0      0  0.0   0   0   1  0.10%  0.0000

   3   3   0   0  1.0000,
 SP state :           3
   0.6853   0.6759   0.6526   0.6173   0.5733   0.5242   0.4730   0.4223   0.3740   0.3294
0Total square norm of all form factors calculated =   0.95090,   and of all those stored =   0.95050
  Overall rms radius of the two nucleons relative to the c.m. of the t3       =   1.7589 fm., and of the core =   1.6998 fm.

                             30: NN LL,(n l s)j; J12 =  1  0,( 1 0 0.0) 0.0; 0.0  BE,Norm =   8.482  0.1750, 2.001  -101.4 -129.9
                             31: NN LL,(n l s)j; J12 =  1  0,( 2 0 0.0) 0.0; 0.0  BE,Norm =   8.482  0.2825, 2.020  -160.4 -207.1
                             32: NN LL,(n l s)j; J12 =  1  0,( 3 0 0.0) 0.0; 0.0  BE,Norm =   8.482  0.4183, 2.068  -226.3 -298.0
                             33: NN LL,(n l s)j; J12 =  1  0,( 4 0 0.0) 0.0; 0.0  BE,Norm =   8.482  0.5158, 2.145  -258.6 -352.8
                             34: NN LL,(n l s)j; J12 =  1  0,( 5 0 0.0) 0.0; 0.0  BE,Norm =   8.482  0.5537, 2.231  -256.2 -364.9
                             35: NN LL,(n l s)j; J12 =  1  0,( 6 0 0.0) 0.0; 0.0  BE,Norm =   8.482  0.5581, 2.293  -244.2 -359.9
                             36: NN LL,(n l s)j; J12 =  1  0,( 7 0 0.0) 0.0; 0.0  BE,Norm =   8.482  0.5555, 2.326  -236.3 -354.9
                             37: NN LL,(n l s)j; J12 =  1  0,( 8 0 0.0) 0.0; 0.0  BE,Norm =   8.482  0.5426, 2.394  -217.8 -341.1
                             38: NN LL,(n l s)j; J12 =  1  0,( 9 0 0.0) 0.0; 0.0  BE,Norm =   8.482  0.5077, 2.506  -186.3 -314.7
                             39: NN LL,(n l s)j; J12 =  1  0,(10 0 0.0) 0.0; 0.0  BE,Norm =   8.482  0.4560, 2.638  -151.8 -283.3
                             40: NN LL,(n l s)j; J12 =  1  0,(11 0 0.0) 0.0; 0.0  BE,Norm =   8.482  0.4065, 2.757  -124.9 -257.3
                             41: NN LL,(n l s)j; J12 =  1  0,(12 0 0.0) 0.0; 0.0  BE,Norm =   8.482  0.3748, 2.834  -109.7 -242.2
                             42: NN LL,(n l s)j; J12 =  1  0,(13 0 0.0) 0.0; 0.0  BE,Norm =   8.482  0.3594, 2.872  -102.8 -235.1
                             43: NN LL,(n l s)j; J12 =  1  0,(14 0 0.0) 0.0; 0.0  BE,Norm =   8.482  0.3293, 2.948   -90.2 -221.8
                             44: NN LL,(n l s)j; J12 =  1  0,(15 0 0.0) 0.0; 0.0  BE,Norm =   8.482  0.2857, 3.067   -73.6 -203.5
                             45: NN LL,(n l s)j; J12 =  1  0,(16 0 0.0) 0.0; 0.0  BE,Norm =   8.482  0.2417, 3.198   -58.5 -186.0
                             46: NN LL,(n l s)j; J12 =  1  0,(17 0 0.0) 0.0; 0.0  BE,Norm =   8.482  0.2076, 3.313   -48.0 -172.8
                             47: NN LL,(n l s)j; J12 =  1  0,(18 0 0.0) 0.0; 0.0  BE,Norm =   8.482  0.1880, 3.386   -42.3 -165.3
                             48: NN LL,(n l s)j; J12 =  1  0,(19 0 0.0) 0.0; 0.0  BE,Norm =   8.482  0.1788, 3.422   -39.7 -161.8
                             49: NN LL,(n l s)j; J12 =  1  0,(20 0 0.0) 0.0; 0.0  BE,Norm =   8.482  0.1617, 3.495   -35.1 -155.2
                             50: NN LL,(n l s)j; J12 =  1  0,(21 0 0.0) 0.0; 0.0  BE,Norm =   8.482  0.1380, 3.607   -29.1 -146.2
                             51: NN LL,(n l s)j; J12 =  1  0,(22 0 0.0) 0.0; 0.0  BE,Norm =   8.482  0.1153, 3.733   -23.6 -137.3
                             52: NN LL,(n l s)j; J12 =  1  0,(23 0 0.0) 0.0; 0.0  BE,Norm =   8.482  0.0981, 3.844   -19.7 -130.4
                             53: NN LL,(n l s)j; J12 =  1  0,(24 0 0.0) 0.0; 0.0  BE,Norm =   8.482  0.0885, 3.915   -17.6 -126.4
                             54: NN LL,(n l s)j; J12 =  1  0,(25 0 0.0) 0.0; 0.0  BE,Norm =   8.482  0.0840, 3.951   -16.6 -124.6
                             55: NN LL,(n l s)j; J12 =  1  0,(26 0 0.0) 0.0; 0.0  BE,Norm =   8.482  0.0757, 4.022   -14.9 -121.0
                             56: NN LL,(n l s)j; J12 =  1  0,(27 0 0.0) 0.0; 0.0  BE,Norm =   8.482  0.0644, 4.134   -12.5 -115.9
                             57: NN LL,(n l s)j; J12 =  1  0,(28 0 0.0) 0.0; 0.0  BE,Norm =   8.482  0.0536, 4.261   -10.4 -110.8
                             58: NN LL,(n l s)j; J12 =  1  0,(29 0 0.0) 0.0; 0.0  BE,Norm =   8.482  0.0455, 4.375    -8.8 -106.7
                             59: NN LL,(n l s)j; J12 =  1  0,(30 0 0.0) 0.0; 0.0  BE,Norm =   8.482  0.0410, 4.448    -7.9 -104.3
                             60: NN LL,(n l s)j; J12 =  1  0,(31 0 0.0) 0.0; 0.0  BE,Norm =   8.482  0.0389, 4.485    -7.5 -103.2
 ------------------------------------------------------------------------------------------------------------------------------------

 No.   P1 P2 IN KIND T N  L  S1 IA J/S  IB BIND XFER  BE    SC PC FIL AFRAC Adjust  to  Z  Mass   K     Norm    rms      D0     D   ANC/Gsp

   10:  1  3  2  0     1  2 0.5  1 1.5   0   6   0  14.4650  1  0  0 0.0000 VR  1.0632; 0. 1.000 0.8212 1.0000  3.450  -68.2 -288.5  9.8471

    9:  1  3  2  0     1  2 0.5  1 2.5   0   6   0  14.4650  1  0  0 0.0000 VR  0.9481; 0. 1.000 0.8212 1.0000  3.600  -75.8 -349.7 11.5144

   11:  1  3  2  0     2  0 0.5  1 0.5   0   6   0  14.4650  1  0  0 0.0000 VR  1.0449; 0. 1.000 0.8212 1.0000  3.544  340.0 2010.7-26.4425

 The following TWO-PARTICLE FORM FACTORS are constructed :

  KN1 KN2  P1  P2  IN KIND TYP J12,T  PAIRS KNZR LMIN LMAX SMIN FILE ISC IPC  EP2%  AMPL

  200 270   2   1   2   6      0.0,1    3    0    0      0  0.0   0   0   2  0.10%  0.0000

   9   9   0   0  0.1818,  10  10   0   0  1.0774,  11  11   0   0  0.1840,
 SP state :           9
   0.0667   0.0707   0.0697   0.0682   0.0661   0.0635   0.0604   0.0569   0.0531   0.0490

 TWO-PARTICLE FORM FACTOR for LL,l,s,j =   0   0 0.0 0.0  : Sq. Norm =  0.682832
 Full scale =     0.29610

 I +++++++111   3333  111+++++++                                                                                                    I
 I ++++1111  3  555  33 111++++++                                                                                                   I
 I ++11111  3 5 7777 5 3  11+++++++                                                                                                 I
 I +1111111 3  7 99  7  3  11++++++                                                                                                 I
 I +1111++++135  999 7 5 3 11+++++++                                                                                                I
 I +111+ ---+ 357    7 5 3 111++++++                                                                                                I
 I +111+-aaa-13  7   7 5 3 111++++++                                                                                                I
 I +111+-a  a-135 7777 5 3 111++++++                                                                                                I
 I +11+-ac   ca+  5   5 33 111+++++++                                                                                               I
 I 1  1-   gg   -1 3   33  111+++++++                                                                                               I
 I 1   +      geca+1 333  111++++++++                                                                                               I
 I 133 +a   ii    -+1     111++++++++                                                                                               I
 I 13331a   ii geca 11   1111++++++++                                                                                               I
 I  3   -c  iJig   -+11111111++++++++                                                                                               I
 I   5531a g ii  ec - ++111++++++++++                                                                                               I
 I 357753+ eg   ge  a--+++++++++++++                                                                                                I
 I 3   75 -ce gg e c a--++++++++++++                                                                                                I
 I 3     3+a e  ee c a-- +++++++++++                                                                                                I
 I 3  9   1ac eee  c a---+++++++++++                                                                                                I
 I 3  9 75   c e  cc aa-- +++++++++                                                                                                 I
 I 3  99  31- ccccc  aa---  ++++++                                                                                                  I
 I 357      +-a     aaa----    +                                                                                                    I
 I  57  7  31+-aaaaaaa-----                                                                                                         I
 I    777  3 +--aaaaaa------                                                                                                        I
 I     7   3 1 -aaaaaa------                                                                                                        I
 I  35   5 3 1+---aaa-------                                                                                                        I
 I 13 555  3 1++------------                                                                                                        I
 I 1 33  33  11++------------                                                                                                       I
 I +1 3333  111++ -----------                                                                                                       I
 I +1       111+++ ---------                                                                                                        I
 I +11      111+++  --------                                                                                                        I
 I +111    111++++  --------                                                                                                        I
0Total square norm of all form factors calculated =   0.68283,   and of all those stored =   0.68283
  Overall rms radius of the two nucleons relative to the c.m. of the Ca 40    =   3.3785 fm., and of the core =   0.1247 fm.

                            200: NN LL,(n l s)j; J12 =  1  0,( 1 0 0.0) 0.0; 0.0  BE,Norm =  28.930  0.1283, 3.095  -189.8-5290.2
                            201: NN LL,(n l s)j; J12 =  1  0,( 2 0 0.0) 0.0; 0.0  BE,Norm =  28.930  0.2055, 3.114  -302.7-8596.0
                            202: NN LL,(n l s)j; J12 =  1  0,( 3 0 0.0) 0.0; 0.0  BE,Norm =  28.930  0.2968, 3.165  -432.5*******
                            203: NN LL,(n l s)j; J12 =  1  0,( 4 0 0.0) 0.0; 0.0  BE,Norm =  28.930  0.3461, 3.261  -491.6*******
                            204: NN LL,(n l s)j; J12 =  1  0,( 5 0 0.0) 0.0; 0.0  BE,Norm =  28.930  0.3420, 3.380  -463.1*******
                            205: NN LL,(n l s)j; J12 =  3  0,( 6 0 0.0) 0.0; 0.0  BE,Norm =  28.930  0.3216, 3.465  -410.1*******
                            206: NN LL,(n l s)j; J12 =  3  0,( 7 0 0.0) 0.0; 0.0  BE,Norm =  28.930  0.3085, 3.502  -375.8*******
                            207: NN LL,(n l s)j; J12 =  3  0,( 8 0 0.0) 0.0; 0.0  BE,Norm =  28.930  0.2810, 3.538  -295.1*******
                            208: NN LL,(n l s)j; J12 =  3  0,( 9 0 0.0) 0.0; 0.0  BE,Norm =  28.930  0.2523, 3.358  -153.6*******
                            209: NN LL,(n l s)j; J12 =  3  0,(10 0 0.0) 0.0; 0.0  BE,Norm =  28.930  0.2606, 2.811    -1.1*******
                            210: NN LL,(n l s)j; J12 =  3  0,(11 0 0.0) 0.0; 0.0  BE,Norm =  28.930  0.2903, 2.438   103.8*******
                            211: NN LL,(n l s)j; J12 =  3  0,(12 0 0.0) 0.0; 0.0  BE,Norm =  28.930  0.3089, 2.323   149.9-9812.2
                            212: NN LL,(n l s)j; J12 =  3  0,(13 0 0.0) 0.0; 0.0  BE,Norm =  28.930  0.3163, 2.290   166.2-9237.4
                            213: NN LL,(n l s)j; J12 =  3  0,(14 0 0.0) 0.0; 0.0  BE,Norm =  28.930  0.3268, 2.252   185.8-8189.7
                            214: NN LL,(n l s)j; J12 =  3  0,(15 0 0.0) 0.0; 0.0  BE,Norm =  28.930  0.3313, 2.211   185.4-6861.8
                            215: NN LL,(n l s)j; J12 =  3  0,(16 0 0.0) 0.0; 0.0  BE,Norm =  28.930  0.3253, 2.121   151.3-5791.5
                            216: NN LL,(n l s)j; J12 =  3  0,(17 0 0.0) 0.0; 0.0  BE,Norm =  28.930  0.3174, 1.973   105.8-5156.8
                            217: NN LL,(n l s)j; J12 =  3  0,(18 0 0.0) 0.0; 0.0  BE,Norm =  28.930  0.3129, 1.853    75.0-4865.3
                            218: NN LL,(n l s)j; J12 =  3  0,(19 0 0.0) 0.0; 0.0  BE,Norm =  28.930  0.3108, 1.790    60.1-4746.0
                            219: NN LL,(n l s)j; J12 =  3  0,(20 0 0.0) 0.0; 0.0  BE,Norm =  28.930  0.3062, 1.665    32.5-4546.7
                            220: NN LL,(n l s)j; J12 =  3  0,(21 0 0.0) 0.0; 0.0  BE,Norm =  28.930  0.2967, 1.497    -2.3-4310.8
                            221: NN LL,(n l s)j; J12 =  3  0,(22 0 0.0) 0.0; 0.0  BE,Norm =  28.930  0.2790, 1.368   -27.4-4104.7
                            222: NN LL,(n l s)j; J12 =  3  0,(23 0 0.0) 0.0; 0.0  BE,Norm =  28.930  0.2562, 1.308   -38.2-3945.8
                            223: NN LL,(n l s)j; J12 =  3  0,(24 0 0.0) 0.0; 0.0  BE,Norm =  28.930  0.2386, 1.291   -40.8-3848.8
                            224: NN LL,(n l s)j; J12 =  3  0,(25 0 0.0) 0.0; 0.0  BE,Norm =  28.930  0.2292, 1.287   -41.0-3801.3
                            225: NN LL,(n l s)j; J12 =  3  0,(26 0 0.0) 0.0; 0.0  BE,Norm =  28.930  0.2094, 1.288   -40.0-3707.2
                            226: NN LL,(n l s)j; J12 =  3  0,(27 0 0.0) 0.0; 0.0  BE,Norm =  28.930  0.1775, 1.307   -35.7-3564.1
                            227: NN LL,(n l s)j; J12 =  3  0,(28 0 0.0) 0.0; 0.0  BE,Norm =  28.930  0.1428, 1.346   -29.2-3408.8
                            228: NN LL,(n l s)j; J12 =  3  0,(29 0 0.0) 0.0; 0.0  BE,Norm =  28.930  0.1150, 1.391   -23.3-3278.0
                            229: NN LL,(n l s)j; J12 =  3  0,(30 0 0.0) 0.0; 0.0  BE,Norm =  28.930  0.0991, 1.424   -19.9-3198.1
                            230: NN LL,(n l s)j; J12 =  3  0,(31 0 0.0) 0.0; 0.0  BE,Norm =  28.930  0.0917, 1.441   -18.3-3159.3
                            231: NN LL,(n l s)j; J12 =  3  0,(32 0 0.0) 0.0; 0.0  BE,Norm =  28.930  0.0782, 1.478   -15.4-3084.0
 ------------------------------------------------------------------------------------------------------------------------------------

 ************************************************************************************************************************************

 TWO-way COUPLING # 1 for partitions  2 <-  1 of KIND  7,   0 -1  5 -1 -1 & P1,P2 =    0.0000   0.0000 : for J <=    20.5 & R <  29.8 fm.


 data =  1  1  1 30  1.0000,  so  < [t3       #  1] / [p1       #  1]  * Eigen-form # 30>  =   1.0000            BE =  8.482    60

 data = -2  1  1200  1.0000,  so  < [Ca 40    #  1] / [Ca 38    #  1]  * Eigen-form #200>  =   1.0000            BE = 28.930   231
 KNT = 200, KNP =  30: NK,NG,loc=   1   1   1  24  T  T  F
 KNT = 201, KNP =  31: NK,NG,loc=   2   1   1  24  T  T  F
 KNT = 202, KNP =  32: NK,NG,loc=   3   1   1  24  T  T  F
 KNT = 203, KNP =  33: NK,NG,loc=   4   1   1  24  T  T  F
 KNT = 204, KNP =  34: NK,NG,loc=   5   1   1  24  T  T  F
 KNT = 205, KNP =  35: NK,NG,loc=   6   1   1  24  T  T  F
 KNT = 206, KNP =  36: NK,NG,loc=   7   1   1  24  T  T  F
 KNT = 207, KNP =  37: NK,NG,loc=   8   1   1  24  T  T  F
 KNT = 208, KNP =  38: NK,NG,loc=   9   1   1  24  T  T  F
 KNT = 209, KNP =  39: NK,NG,loc=  10   1   1  24  T  T  F
 KNT = 210, KNP =  40: NK,NG,loc=  11   1   1  24  T  T  F
 KNT = 211, KNP =  41: NK,NG,loc=  12   1   1  24  T  T  F
 KNT = 212, KNP =  42: NK,NG,loc=  13   1   1  24  T  T  F
 KNT = 213, KNP =  43: NK,NG,loc=  14   1   1  24  T  T  F
 KNT = 214, KNP =  44: NK,NG,loc=  15   1   1  24  T  T  F
 KNT = 215, KNP =  45: NK,NG,loc=  16   1   1  24  T  T  F
 KNT = 216, KNP =  46: NK,NG,loc=  17   1   1  24  T  T  F
 KNT = 217, KNP =  47: NK,NG,loc=  18   1   1  24  T  T  F
 KNT = 218, KNP =  48: NK,NG,loc=  19   1   1  24  T  T  F
 KNT = 219, KNP =  49: NK,NG,loc=  20   1   1  24  T  T  F
 KNT = 220, KNP =  50: NK,NG,loc=  21   1   1  24  T  T  F
 KNT = 221, KNP =  51: NK,NG,loc=  22   1   1  24  T  T  F
 KNT = 222, KNP =  52: NK,NG,loc=  23   1   1  24  T  T  F
 KNT = 223, KNP =  53: NK,NG,loc=  24   1   1  24  T  T  F
 KNT = 224, KNP =  54: NK,NG,loc=  25   1   1  24  T  T  F
 KNT = 225, KNP =  55: NK,NG,loc=  26   1   1  24  T  T  F
 KNT = 226, KNP =  56: NK,NG,loc=  27   1   1  24  T  T  F
 KNT = 227, KNP =  57: NK,NG,loc=  28   1   1  24  T  T  F
 KNT = 228, KNP =  58: NK,NG,loc=  29   1   1  24  T  T  F
 KNT = 229, KNP =  59: NK,NG,loc=  30   1   1  24  T  T  F
 KNT = 230, KNP =  60: NK,NG,loc=  31   1   1  24  T  T  F

     So FINITE-RANGE TRANSFER : IP1 = 0 (POST    ), IP2=-1 =COMPLEX     ,  for  31 pairs of bound states summed into   1 pairs
      The main coupling potential is that binding the transferred particle to the p1       core.

          Using between p1       & Ca 38    the potential No.   5, and subtracting optical potential No.  2

   A real*8 is            8  bytes
   NLL,NLN,NLO =         150         151         161
0File   9 needs RL =   48300    REAL*8 numbers, and NR =    28. i.e.    10.82 Megabytes
   File            9  RECL =      386400
0RECOMMENDED NON-LOCAL WIDTH IS GREATER THAN   10.00 FM.,  RECOMMENDED CENTRATION  -1.50, after    1.96 secs.
0Relative non-local usages (rms) are
    0.003   0.003   0.004   0.004   0.005   0.006   0.007   0.007   0.009   0.010   0.011   0.013   0.014   0.016   0.018
    0.020   0.023   0.026   0.029   0.033   0.037   0.041   0.046   0.052   0.058   0.065   0.073   0.081   0.092   0.102
    0.115   0.129   0.145   0.162   0.183   0.205   0.232   0.259   0.293   0.326   0.370   0.411   0.466   0.516   0.583
    0.643   0.724   0.793   0.889   0.967   1.077   1.164   1.286   1.379   1.510   1.608   1.747   1.853   2.004   2.137
    2.325   2.535   2.824   3.203   3.710   4.376   5.238   6.295   7.647   9.173  11.145  13.196  15.938  18.569  22.243
   25.484  30.304  34.191  40.328  44.803  52.375  57.301  66.020  70.937  80.129  84.286  92.475  94.829 100.000  99.993
   99.760  96.510  89.851  82.093  74.550  68.124  63.030  58.831  54.875  50.697  46.176  41.464  36.817  32.449  28.470
   24.883  21.629  18.641  15.874  13.320  10.994   8.918   7.110   5.572   4.297   3.265   2.446   1.810   1.325   0.960
    0.690   0.492   0.349   0.246   0.173   0.121   0.084   0.059   0.041   0.028   0.020   0.014   0.009   0.006   0.004
    0.003   0.002   0.001   0.001   0.001   0.000   0.000   0.000   0.000   0.000   0.000   0.000   0.000   0.000   0.000
    0.000   0.000   0.000   0.000   0.000   0.000   0.000   0.000   0.000   0.000   0.000

 ************************************************************************************************************************************

 TWO-way COUPLING # 2 for partitions  3 <-  1 of KIND  7,   1 -1  0 -1 -1 & P1,P2 = -163.2000   0.0000 : for J <=    20.5 & R <  29.8 fm.


 data =  1  1  1  1  1.1760,  so  < [t3       #  1] / [d2       #  1]  * Eigen-form #  1>  =   1.1760            BE =  6.257     1

 data =  2  2  1  9  0.1818,  so  < [Ca 39    #  2] / [Ca 38    #  1]  * Eigen-form #  9>  =   0.1818            BE = 14.465     9

 data =  2  1  1 10  1.0774,  so  < [Ca 39    #  1] / [Ca 38    #  1]  * Eigen-form # 10>  =   1.0774            BE = 14.465    10

 data =  2  3  1 11  0.1840,  so  < [Ca 39    #  3] / [Ca 38    #  1]  * Eigen-form # 11>  =   0.1840            BE = 14.465    11
 KNT =   9, KNP =   1: NK,NG,loc=   1   1   1  24  T  T  F
 KNT =  10, KNP =   1: NK,NG,loc=   2   2   2  25  T  T  F
 KNT =  11, KNP =   1: NK,NG,loc=   3   3   3  26  T  T  F

     So FINITE-RANGE TRANSFER : IP1 = 1 (PRIOR   ), IP2=-1 =COMPLEX     ,  for   3 pairs of bound states summed into   3 pairs
      The main coupling potential is that binding the transferred particle to the Ca 38    core.

          Using between d2       & Ca 38    the potential No.   9, and subtracting optical potential No.  1

0RECOMMENDED NON-LOCAL WIDTH IS GREATER THAN    7.00 FM.,  RECOMMENDED CENTRATION  -1.00, after    0.32 secs.
0Relative non-local usages (rms) are
    0.000   0.000   0.000   0.000   0.000   0.000   0.000   0.000   0.000   0.000   0.000   0.000   0.000   0.000   0.000
    0.000   0.000   0.000   0.001   0.001   0.001   0.001   0.001   0.001   0.001   0.002   0.002   0.002   0.003   0.003
    0.004   0.005   0.006   0.007   0.008   0.009   0.011   0.013   0.015   0.018   0.022   0.026   0.032   0.039   0.047
    0.057   0.070   0.086   0.106   0.131   0.163   0.202   0.253   0.315   0.393   0.489   0.607   0.749   0.923   1.127
    1.372   1.651   1.981   2.342   2.765   3.207   3.726   4.239   4.857   5.432   6.153   6.796   7.624   8.356   9.291
   10.152  11.216  12.327  13.721  15.493  17.969  21.333  26.389  32.400  41.536  50.418  63.740  73.733  87.634  93.981
  100.000  96.762  86.634  72.225  57.782  46.266  38.672  34.019  30.641  27.431  24.024  20.462  16.917  13.555  10.507
    7.867   5.692   3.990   2.723   1.819   1.196   0.778   0.503   0.324   0.208   0.134   0.087   0.056   0.037   0.024
    0.016   0.011   0.007   0.005   0.004   0.002   0.002   0.001   0.001   0.001   0.000   0.000   0.000   0.000   0.000
    0.000   0.000   0.000   0.000   0.000   0.000   0.000   0.000   0.000   0.000   0.000   0.000   0.000   0.000   0.000
    0.000   0.000   0.000   0.000   0.000   0.000   0.000   0.000   0.000   0.000   0.000

 ************************************************************************************************************************************

 TWO-way COUPLING # 3 for partitions  2 <-  3 of KIND  7,   0 -1  0 -1 -1 & P1,P2 = -122.5000   0.0000 : for J <=    20.5 & R <  29.8 fm.


 data =  1  1  1  2  1.0000,  so  < [d2       #  1] / [p1       #  1]  * Eigen-form #  2>  =   1.0000            BE =  2.224     2

 data =  2  1  2  9  1.4142,  so  < [Ca 40    #  1] / [Ca 39    #  2]  * Eigen-form #  9>  =   1.4142            BE = 14.465     9



 **** WARNING *** -- FORM FACTOR  9 WAS ORIGINALLY DEFINED FOR A  Ca 39    / Ca 38    OVERLAP ****   2   2   3   1



 data =  2  1  1 10  1.4142,  so  < [Ca 40    #  1] / [Ca 39    #  1]  * Eigen-form # 10>  =   1.4142            BE = 14.465    10



 **** WARNING *** -- FORM FACTOR 10 WAS ORIGINALLY DEFINED FOR A  Ca 39    / Ca 38    OVERLAP ****   2   2   3   1



 data =  2  1  3 11  1.4142,  so  < [Ca 40    #  1] / [Ca 39    #  3]  * Eigen-form # 11>  =   1.4142            BE = 14.465    11



 **** WARNING *** -- FORM FACTOR 11 WAS ORIGINALLY DEFINED FOR A  Ca 39    / Ca 38    OVERLAP ****   2   2   3   1


 KNT =   9, KNP =   2: NK,NG,loc=   1   1   1  24  T  T  F
 KNT =  10, KNP =   2: NK,NG,loc=   2   2   2  25  T  T  F
 KNT =  11, KNP =   2: NK,NG,loc=   3   3   3  26  T  T  F

     So FINITE-RANGE TRANSFER : IP1 = 0 (POST    ), IP2=-1 =COMPLEX     ,  for   3 pairs of bound states summed into   3 pairs
      The main coupling potential is that binding the transferred particle to the p1       core.

          Using between p1       & Ca 39    the potential No.   2, and subtracting optical potential No.  2

0RECOMMENDED NON-LOCAL WIDTH IS GREATER THAN    5.70 FM.,  RECOMMENDED CENTRATION  -1.05, after    0.32 secs.
0Relative non-local usages (rms) are
    0.000   0.000   0.000   0.000   0.000   0.000   0.000   0.000   0.000   0.000   0.000   0.000   0.000   0.000   0.000
    0.000   0.000   0.000   0.000   0.000   0.000   0.000   0.000   0.000   0.000   0.000   0.000   0.000   0.000   0.000
    0.000   0.001   0.001   0.001   0.002   0.002   0.003   0.004   0.006   0.007   0.009   0.012   0.015   0.018   0.022
    0.026   0.032   0.037   0.044   0.050   0.058   0.064   0.072   0.078   0.086   0.091   0.097   0.101   0.105   0.106
    0.107   0.107   0.107   0.105   0.104   0.102   0.100   0.100   0.101   0.105   0.115   0.136   0.178   0.246   0.369
    0.548   0.860   1.287   2.042   3.016   4.766   6.891  10.745  15.069  22.868  30.702  44.327  55.870  74.140  85.464
  100.000  99.054  89.557  71.311  52.502  36.001  23.192  14.218   8.472   5.088   3.217   2.180   1.544   1.102   0.775
    0.532   0.355   0.232   0.148   0.093   0.058   0.036   0.023   0.016   0.011   0.008   0.007   0.005   0.004   0.003
    0.003   0.002   0.002   0.001   0.001   0.001   0.001   0.001   0.001   0.000   0.000   0.000   0.000   0.000   0.000
    0.000   0.000   0.000   0.000   0.000   0.000   0.000   0.000   0.000   0.000   0.000   0.000   0.000   0.000   0.000
    0.000   0.000   0.000   0.000   0.000   0.000   0.000   0.000   0.000   0.000   0.000

 Incoming partition  2 in excitation state # 1,   Laboratory Energy given for partition  2 Nucleus 1 in Excitation pair 1

0Lab. ENERGY ranges :

   from    35.0000     to   0.00000     in     0 intervals
   from    0.00000     to   0.00000     in     0 intervals
   from    0.00000     to   0.00000     in     0 intervals

 Largest real,imaginary parts of any form factor at R=   29.50 are   4.88E-02  6.88E-09 MeV
 Finished all Couplings @    2.65656209              23

 Symmetric Hamiltonian
1***********************************************************************************************************************************
************************************************************************************************************************************

        INCOMING p1       ;    LABORATORY p1       ENERGY =   35.000     MeV.

 ***********************************************************************************************************************************
 ***********************************************************************************************************************************

 Allocate arrays for           10  channels, of which           10  need wfs.

 ######################################################################################################################
 #                                                                                                                    #
 # Total SPIN and PARITY =     0.5 +,     10 channels,    0 in 1st block.  Rmin & Coul turning =    0.0    0.8 fm.  #
 #                                                                                                                    #
 ######################################################################################################################



    C Projectl Target   #   EX.   (L  Proj) J  + Targ = Jtotal     E-cm      Re K     Re Eta     RM*K            CH
    1 t3       Ca 38    #    1:     0 0.5    0.5  0.0     0.5    13.69734   1.34989   1.41910   40.4966  -0.23004  -0.45423 1 1 1   1
    2 p1       Ca 40    #    1: I   0 0.5    0.5  0.0     0.5    34.14634   1.26249   0.53240   37.8748   0.34792  -0.36407 2 1 2   1
    3 d2       Ca 39    #    1:     0 1.0    1.0  1.5     0.5    21.90534   1.41205   0.92822   42.3614  -0.12280   0.49049 3 1 3   1
    4 d2       Ca 39    #    1:     2 1.0    1.0  1.5     0.5    21.90534   1.41205   0.92822   42.3614   0.50479  -0.03597 3 1 3   1
    5 d2       Ca 39    #    1:     2 1.0    2.0  1.5     0.5    21.90534   1.41205   0.92822   42.3614   0.50479  -0.03597 3 1 3   1
    6 d2       Ca 39    #    2:     2 1.0    2.0  2.5     0.5    21.90534   1.41205   0.92822   42.3614   0.50479  -0.03597 3 1 3   2
    7 d2       Ca 39    #    2:     2 1.0    3.0  2.5     0.5    21.90534   1.41205   0.92822   42.3614   0.50479  -0.03597 3 1 3   2
    8 d2       Ca 39    #    2:     4 1.0    3.0  2.5     0.5    21.90534   1.41205   0.92822   42.3614  -0.41149  -0.29638 3 1 3   2
    9 d2       Ca 39    #    3:     0 1.0    1.0  0.5     0.5    21.90534   1.41205   0.92822   42.3614  -0.12280   0.49049 3 1 3   3
   10 d2       Ca 39    #    3:     2 1.0    1.0  0.5     0.5    21.90534   1.41205   0.92822   42.3614   0.50479  -0.03597 3 1 3   3
   S-matrix    2 =    0.10257   0.41748 for L=    0, J=    0.5 channel on core I =   0.0 from L=    0,  Acc. loss =  0.0 D.
 Elastic phase shift   2 =   38.098  24.185 deg. for the L =    0, J =    0.5 channel.
       0.5  0.34135191  0.17402601i: elastic S-matrix  @@      0.08  0   0 F  0
 Reaction Xsec     0.5+/ 0 @ 1 =  16.817 , Out:   0.018    0.000#   0.234    0.103    0.315   16.147f


 Total SPIN, PARITY =     0.5 -,     10 chs,      0 cc.  Rmin & Coul turning =    0.0    0.8
   S-matrix    2 =    0.44552  -0.02093 for L=    1, J=    0.5 channel on core I =   0.0 from L=    1,  Acc. loss =  0.0 D.
 Elastic phase shift   2 =   -1.345  23.130 deg. for the L =    1, J =    0.5 channel.
       0.5  0.23127726 -0.29767637i: elastic S-matrix  @@      0.13  0   0 F  0
 Reaction Xsec     0.5-/ 1 @ 1 =  16.909 , Out:   0.021    0.000#   0.291    0.112    0.346   16.139f

 Allocate arrays for           16  channels, of which           16  need wfs.

 Total SPIN, PARITY =     1.5 +,     16 chs,      0 cc.  Rmin & Coul turning =    0.1    1.6
   S-matrix    2 =    0.23497  -0.32491 for L=    2, J=    1.5 channel on core I =   0.0 from L=    2,  Acc. loss =  0.0 D.
 Elastic phase shift   2 =  -27.063  26.180 deg. for the L =    2, J =    1.5 channel.
       1.5 -0.08174276 -0.27932444i: elastic S-matrix  @@      0.19  0   0 F  0
 Reaction Xsec     1.5+/ 2 @ 1 =  36.081 , Out:   0.032    0.000#   0.614    0.227    0.641   34.567f


 Total SPIN, PARITY =     1.5 -,     16 chs,      0 cc.  Rmin & Coul turning =    0.1    1.6
   S-matrix    2 =    0.43110   0.13340 for L=    1, J=    1.5 channel on core I =   0.0 from L=    1,  Acc. loss =  0.0 D.
 Elastic phase shift   2 =    8.597  22.795 deg. for the L =    1, J =    1.5 channel.
       1.5  0.36104131 -0.16615128i: elastic S-matrix  @@      0.18  0   0 F  0
 Reaction Xsec     1.5-/ 1 @ 1 =  33.194 , Out:   0.033    0.000#   0.395    0.163    0.586   32.018f

 Allocate arrays for           19  channels, of which           19  need wfs.

 Total SPIN, PARITY =     2.5 +,     19 chs,      0 cc.  Rmin & Coul turning =    0.2    2.4
   S-matrix    2 =    0.40623  -0.12625 for L=    2, J=    2.5 channel on core I =   0.0 from L=    2,  Acc. loss =  0.0 D.
 Elastic phase shift   2 =   -8.632  24.486 deg. for the L =    2, J =    2.5 channel.
       2.5  0.20229076 -0.27545970i: elastic S-matrix  @@      0.20  0   0 F  0
 Reaction Xsec     2.5+/ 2 @ 1 =  52.224 , Out:   0.035    0.000#   0.527    0.210    0.783   50.669f


 Total SPIN, PARITY =     2.5 -,     19 chs,      0 cc.  Rmin & Coul turning =    0.2    2.4
   S-matrix    2 =   -0.18755  -0.36544 for L=    3, J=    2.5 channel on core I =   0.0 from L=    3,  Acc. loss =  0.0 D.
 Elastic phase shift   2 =  -58.584  25.490 deg. for the L =    3, J =    2.5 channel.
       2.5 -0.27842413 -0.08437377i: elastic S-matrix  @@      0.23  0   0 F  0
 Reaction Xsec     2.5-/ 3 @ 1 =  54.126 , Out:   0.041    0.000#   0.924    0.281    0.764   52.115f

 Allocate arrays for           20  channels, of which           20  need wfs.

 Total SPIN, PARITY =     3.5 +,     20 chs,      0 cc.  Rmin & Coul turning =    0.2    3.2
   S-matrix    2 =   -0.32736  -0.05548 for L=    4, J=    3.5 channel on core I =   0.0 from L=    4,  Acc. loss =  0.0 D.
 Elastic phase shift   2 =  -85.191  31.586 deg. for the L =    4, J =    3.5 channel.
       3.5 -0.11958060  0.02975881i: elastic S-matrix  @@      0.22  0   0 F  0
 Reaction Xsec     3.5+/ 4 @ 1 =  77.644 , Out:   0.020    0.000#   0.919    0.314    0.754   75.638f


 Total SPIN, PARITY =     3.5 -,     20 chs,      0 cc.  Rmin & Coul turning =    0.2    3.2
   S-matrix    2 =    0.19681  -0.35869 for L=    3, J=    3.5 channel on core I =   0.0 from L=    3,  Acc. loss =  0.0 D.
 Elastic phase shift   2 =  -30.623  25.603 deg. for the L =    3, J =    3.5 channel.
       3.5 -0.00784548 -0.34288102i: elastic S-matrix  @@      0.21  0   0 F  0
 Reaction Xsec     3.5-/ 3 @ 1 =  69.567 , Out:   0.032    0.000#   0.518    0.159    0.682   68.177f


 Total SPIN, PARITY =     4.5 +,     20 chs,      0 cc.  Rmin & Coul turning =    0.3    4.0
   S-matrix    2 =   -0.06134  -0.44543 for L=    4, J=    4.5 channel on core I =   0.0 from L=    4,  Acc. loss =  0.0 D.
 Elastic phase shift   2 =  -48.920  22.899 deg. for the L =    4, J =    4.5 channel.
       4.5 -0.16195263 -0.32707041i: elastic S-matrix  @@      0.21  0   0 F  0
 Reaction Xsec     4.5+/ 4 @ 1 =  85.424 , Out:   0.031    0.000#   0.635    0.152    0.759   83.847f


 Total SPIN, PARITY =     4.5 -,     20 chs,      0 cc.  Rmin & Coul turning =    0.3    4.0
   S-matrix    2 =    0.05469   0.27117 for L=    5, J=    4.5 channel on core I =   0.0 from L=    5,  Acc. loss =  0.0 D.
 Elastic phase shift   2 =   39.299  36.815 deg. for the L =    5, J =    4.5 channel.
       4.5  0.11808993  0.16793838i: elastic S-matrix  @@      0.21  0   0 F  0
 Reaction Xsec     4.5-/ 5 @ 1 =  94.398 , Out:   0.011    0.000#   0.414    0.137    0.390   93.445f


 Total SPIN, PARITY =     5.5 +,     20 chs,      0 cc.  Rmin & Coul turning =    0.4    4.8
   S-matrix    2 =    0.57625   0.28199 for L=    6, J=    5.5 channel on core I =   0.0 from L=    6,  Acc. loss =  0.0 D.
 Elastic phase shift   2 =   13.038  12.716 deg. for the L =    6, J =    5.5 channel.
       5.5  0.55297219  0.22435310i: elastic S-matrix  @@      0.21  0   0 F  0
 Reaction Xsec     5.5+/ 6 @ 1 =  76.147 , Out:   0.013    0.000#   0.541    0.435    0.790   74.368f


 Total SPIN, PARITY =     5.5 -,     20 chs,      0 cc.  Rmin & Coul turning =    0.4    4.8
   S-matrix    2 =   -0.18789  -0.11458 for L=    5, J=    5.5 channel on core I =   0.0 from L=    5,  Acc. loss =  0.0 D.
 Elastic phase shift   2 =  -74.313  43.367 deg. for the L =    5, J =    5.5 channel.
       5.5 -0.12040741 -0.02203585i: elastic S-matrix  @@      0.21  0   0 F  0
 Reaction Xsec     5.5-/ 5 @ 1 = 116.490 , Out:   5.090/   0.000#   0.292    0.076    0.351  115.766f


 Total SPIN, PARITY =     6.5 +,     20 chs,      0 cc.  Rmin & Coul turning =    0.5    5.6
   S-matrix    2 =    0.33540   0.33495 for L=    6, J=    6.5 channel on core I =   0.0 from L=    6,  Acc. loss =  0.0 D.
 Elastic phase shift   2 =   22.481  21.386 deg. for the L =    6, J =    6.5 channel.
       6.5  0.37562137  0.27661825i: elastic S-matrix  @@      0.21  0   0 F  0
 Reaction Xsec     6.5+/ 6 @ 1 = 107.948 , Out:   0.016    0.000#   0.248    0.287    0.316  107.080f


 Total SPIN, PARITY =     6.5 -,     20 chs,      0 cc.  Rmin & Coul turning =    0.5    5.6
   S-matrix    2 =    0.85207   0.14657 for L=    7, J=    6.5 channel on core I =   0.0 from L=    7,  Acc. loss =  0.0 D.
 Elastic phase shift   2 =    4.880   4.168 deg. for the L =    7, J =    6.5 channel.
       6.5  0.83025999  0.13354124i: elastic S-matrix  @@      0.21  0   0 F  0
 Reaction Xsec     6.5-/ 7 @ 1 =  40.403 , Out:   0.012    0.000#   0.362    0.406    1.134   38.488f


 Total SPIN, PARITY =     7.5 +,     20 chs,      0 cc.  Rmin & Coul turning =    0.6    6.4
   S-matrix    2 =    0.95030   0.05950 for L=    8, J=    7.5 channel on core I =   0.0 from L=    8,  Acc. loss =  0.0 D.
 Elastic phase shift   2 =    1.791   1.404 deg. for the L =    8, J =    7.5 channel.
       7.5  0.94160632  0.05848973i: elastic S-matrix  @@      0.21  0   0 F  0
 Reaction Xsec     7.5+/ 8 @ 1 =  17.338 , Out:   5.442/   0.000#   0.167    0.225    0.853   16.088f


 Total SPIN, PARITY =     7.5 -,     20 chs,      0 cc.  Rmin & Coul turning =    0.6    6.4
   S-matrix    2 =    0.80883   0.21174 for L=    7, J=    7.5 channel on core I =   0.0 from L=    7,  Acc. loss =  0.0 D.
 Elastic phase shift   2 =    7.335   5.129 deg. for the L =    7, J =    7.5 channel.
       7.5  0.79238138  0.18721276i: elastic S-matrix  @@      0.22  0   0 F  0
 Reaction Xsec     7.5-/ 7 @ 1 =  53.152 , Out:   0.019    0.000#   0.297    0.407    0.877   51.552f


 Total SPIN, PARITY =     8.5 +,     20 chs,      0 cc.  Rmin & Coul turning =    0.6    7.2
   S-matrix    2 =    0.94478   0.08163 for L=    8, J=    8.5 channel on core I =   0.0 from L=    8,  Acc. loss =  0.0 D.
 Elastic phase shift   2 =    2.469   1.521 deg. for the L =    8, J =    8.5 channel.
       8.5  0.93555314  0.07901108i: elastic S-matrix  @@      0.21  0   0 F  0
 Reaction Xsec     8.5+/ 8 @ 1 =  21.021 , Out:   8.395/   0.000#   0.163    0.261    0.886   19.702f


 Total SPIN, PARITY =     8.5 -,     20 chs,      0 cc.  Rmin & Coul turning =    0.6    7.2
   S-matrix    2 =    0.98304   0.02217 for L=    9, J=    8.5 channel on core I =   0.0 from L=    9,  Acc. loss =  0.0 D.
 Elastic phase shift   2 =    0.646   0.483 deg. for the L =    9, J =    8.5 channel.
       8.5  0.98057271  0.02269453i: elastic S-matrix  @@      0.21  0   0 F  0
 Reaction Xsec     8.5-/ 9 @ 1 =   6.734 , Out:   1.288/   0.000#   0.064    0.097    0.392    6.180f


 Total SPIN, PARITY =     9.5 +,     20 chs,      0 cc.  Rmin & Coul turning =    0.7    7.9
   S-matrix    2 =    0.99414   0.00799 for L=   10, J=    9.5 channel on core I =   0.0 from L=   10,  Acc. loss =  0.0 D.
 Elastic phase shift   2 =    0.230   0.167 deg. for the L =   10, J =    9.5 channel.
       9.5  0.99352933  0.00823736i: elastic S-matrix  @@      0.21  0   0 F  0
 Reaction Xsec     9.5+/10 @ 1 =   2.529 , Out:   0.198/   0.000#   0.022    0.037    0.130    2.340f


 Total SPIN, PARITY =     9.5 -,     20 chs,      0 cc.  Rmin & Coul turning =    0.7    7.9
   S-matrix    2 =    0.98235   0.02900 for L=    9, J=    9.5 channel on core I =   0.0 from L=    9,  Acc. loss =  0.0 D.
 Elastic phase shift   2 =    0.846   0.498 deg. for the L =    9, J =    9.5 channel.
       9.5  0.97970137  0.02926543i: elastic S-matrix  @@      0.21  0   0 F  0
 Reaction Xsec     9.5-/ 9 @ 1 =   7.752 , Out:   1.963/   0.000#   0.068    0.101    0.430    7.151f


 Total SPIN, PARITY =    10.5 +,     20 chs,      0 cc.  Rmin & Coul turning =    0.8    8.7
   S-matrix    2 =    0.99405   0.01012 for L=   10, J=   10.5 channel on core I =   0.0 from L=   10,  Acc. loss =  0.0 D.
 Elastic phase shift   2 =    0.292   0.169 deg. for the L =   10, J =   10.5 channel.
      10.5  0.99339281  0.01035382i: elastic S-matrix  @@      0.21  0   0 F  0
 Reaction Xsec    10.5+/10 @ 1 =   2.832 , Out:   0.301/   0.000#   0.027    0.036    0.148    2.622f


 Total SPIN, PARITY =    10.5 -,     20 chs,      0 cc.  Rmin & Coul turning =    0.8    8.7
   S-matrix    2 =    0.99797   0.00284 for L=   11, J=   10.5 channel on core I =   0.0 from L=   11,  Acc. loss =  0.0 D.
 Elastic phase shift   2 =    0.081   0.058 deg. for the L =   11, J =   10.5 channel.
      10.5  0.99781494  0.00291612i: elastic S-matrix  @@      0.21  0   0 F  0
 Reaction Xsec    10.5-/11 @ 1 =   0.945 , Out:   0.023/   0.000#   7.130/   0.013    0.039    0.886f


 Total SPIN, PARITY =    11.5 +,     20 chs,      0 cc.  Rmin & Coul turning =    0.9    9.5
   S-matrix    2 =    0.99929   0.00100 for L=   12, J=   11.5 channel on core I =   0.0 from L=   12,  Acc. loss =  0.0 D.
 Elastic phase shift   2 =    0.029   0.020 deg. for the L =   12, J =   11.5 channel.
      11.5  0.99925611  0.00102211i: elastic S-matrix  @@      0.21  0   0 F  0
 Reaction Xsec    11.5+/12 @ 1 =   0.352 , Out:   2.226#   0.000#   2.157/   3.862/   0.011    0.334f


 Total SPIN, PARITY =    11.5 -,     20 chs,      0 cc.  Rmin & Coul turning =    0.9    9.5
   S-matrix    2 =    0.99796   0.00351 for L=   11, J=   11.5 channel on core I =   0.0 from L=   11,  Acc. loss =  0.0 D.
 Elastic phase shift   2 =    0.101   0.058 deg. for the L =   11, J =   11.5 channel.
      11.5  0.99779842  0.00358555i: elastic S-matrix  @@      0.21  0   0 F  0
 Reaction Xsec    11.5-/11 @ 1 =   1.037 , Out:   0.032/   0.000#   9.899/   0.012    0.043    0.972f


 Total SPIN, PARITY =    12.5 +,     20 chs,      0 cc.  Rmin & Coul turning =    1.0   10.3
   S-matrix    2 =    0.99929   0.00121 for L=   12, J=   12.5 channel on core I =   0.0 from L=   12,  Acc. loss =  0.0 D.
 Elastic phase shift   2 =    0.035   0.020 deg. for the L =   12, J =   12.5 channel.
      12.5  0.99925392  0.00123387i: elastic S-matrix  @@      0.21  0   0 F  0
 Reaction Xsec    12.5+/12 @ 1 =   0.382 , Out:   3.066#   0.000#   3.107/   3.488/   0.012    0.363f


 Total SPIN, PARITY =    12.5 -,     20 chs,      0 cc.  Rmin & Coul turning =    1.0   10.3
   S-matrix    2 =    0.99976   0.00035 for L=   13, J=   12.5 channel on core I =   0.0 from L=   13,  Acc. loss =  0.0 D.
 Elastic phase shift   2 =    0.010   0.007 deg. for the L =   13, J =   12.5 channel.
      12.5  0.99974557  0.00035660i: elastic S-matrix  @@      0.21  0   0 F  0
 Reaction Xsec    12.5-/13 @ 1 =   0.130 , Out:   0.210#   0.000#   0.621/   1.104/   3.249/   0.125f


 Total SPIN, PARITY =    13.5 +,     20 chs,      0 cc.  Rmin & Coul turning =    1.0   11.1
   S-matrix    2 =    0.99992   0.00012 for L=   14, J=   13.5 channel on core I =   0.0 from L=   14,  Acc. loss =  0.0 D.
 Elastic phase shift   2 =    0.004   0.002 deg. for the L =   14, J =   13.5 channel.
      13.5  0.99991279  0.00012408i: elastic S-matrix  @@      0.21  0   0 F  0
 Reaction Xsec    13.5+/14 @ 1 =   0.048 , Out:   0.019#   0.000#   0.176/   0.310/   0.934/   0.047f


 Total SPIN, PARITY =    13.5 -,     20 chs,      0 cc.  Rmin & Coul turning =    1.0   11.1
   S-matrix    2 =    0.99976   0.00042 for L=   13, J=   13.5 channel on core I =   0.0 from L=   13,  Acc. loss =  0.0 D.
 Elastic phase shift   2 =    0.012   0.007 deg. for the L =   13, J =   13.5 channel.
      13.5  0.99974529  0.00042363i: elastic S-matrix  @@      0.21  0   0 F  0
 Reaction Xsec    13.5-/13 @ 1 =   0.141 , Out:   0.279#   0.000#   0.895/   0.987/   3.509/   0.135f


 Total SPIN, PARITY =    14.5 +,     20 chs,      0 cc.  Rmin & Coul turning =    1.1   11.9
   S-matrix    2 =    0.99992   0.00014 for L=   14, J=   14.5 channel on core I =   0.0 from L=   14,  Acc. loss =  0.0 D.
 Elastic phase shift   2 =    0.004   0.002 deg. for the L =   14, J =   14.5 channel.
      14.5  0.99991275  0.00014528i: elastic S-matrix  @@      0.21  0   0 F  0
 Reaction Xsec    14.5+/14 @ 1 =   0.052 , Out:   0.025#   0.000#   0.251/   0.276/   1.002/   0.050f


 Total SPIN, PARITY =    14.5 -,     20 chs,      0 cc.  Rmin & Coul turning =    1.1   11.9
   S-matrix    2 =    0.99997   0.00004 for L=   15, J=   14.5 channel on core I =   0.0 from L=   15,  Acc. loss =  0.0 D.
 Elastic phase shift   2 =    0.001   0.001 deg. for the L =   15, J =   14.5 channel.
      14.5  0.99997008  0.00004309i: elastic S-matrix  @@      0.21  0   0 F  0
 Reaction Xsec    14.5-/15 @ 1 =   0.018 , Out:   0.002#   0.000#   0.049/   0.087/   0.268/   0.017f


 Total SPIN, PARITY =    15.5 +,     20 chs,      0 cc.  Rmin & Coul turning =    1.2   12.7
   S-matrix    2 =    0.99999   0.00001 for L=   16, J=   15.5 channel on core I =   0.0 from L=   16,  Acc. loss =  0.0 D.
 Elastic phase shift   2 =    0.000   0.000 deg. for the L =   16, J =   15.5 channel.
      15.5  0.99998973  0.00001494i: elastic S-matrix  @@      0.21  0   0 F  0
 Reaction Xsec    15.5+/16 @ 1 =   6.475/, Out:   0.000#   0.000#   0.014/   0.024/   0.077/   0.006f


 Total SPIN, PARITY =    15.5 -,     20 chs,      0 cc.  Rmin & Coul turning =    1.2   12.7
   S-matrix    2 =    0.99997   0.00005 for L=   15, J=   15.5 channel on core I =   0.0 from L=   15,  Acc. loss =  0.0 D.
 Elastic phase shift   2 =    0.001   0.001 deg. for the L =   15, J =   15.5 channel.
      15.5  0.99997007  0.00004979i: elastic S-matrix  @@      0.21  0   0 F  0
 Reaction Xsec    15.5-/15 @ 1 =   0.019 , Out:   0.002#   0.000#   0.070/   0.077/   0.286/   0.018f


 Total SPIN, PARITY =    16.5 +,     20 chs,      0 cc.  Rmin & Coul turning =    1.2   13.5
   S-matrix    2 =    0.99999   0.00002 for L=   16, J=   16.5 channel on core I =   0.0 from L=   16,  Acc. loss =  0.0 D.
 Elastic phase shift   2 =    0.000   0.000 deg. for the L =   16, J =   16.5 channel.
      16.5  0.99998973  0.00001705i: elastic S-matrix  @@      0.21  0   0 F  0
 Reaction Xsec    16.5+/16 @ 1 =   6.881/, Out:   0.000#   0.000#   0.019/   0.021/   0.082/   0.007f


 Total SPIN, PARITY =    16.5 -,     20 chs,      0 cc.  Rmin & Coul turning =    1.2   13.5
   S-matrix    2 =    1.00000   0.00001 for L=   17, J=   16.5 channel on core I =   0.0 from L=   17,  Acc. loss =  0.0 D.
 Elastic phase shift   2 =    0.000   0.000 deg. for the L =   17, J =   16.5 channel.
      16.5  0.99999648  0.00000517i: elastic S-matrix  @@      0.21  0   0 F  0
 Reaction Xsec    16.5-/17 @ 1 =   2.360/, Out:   0.000#   0.000#   3.918#   6.788#   0.022/   0.002f


 Total SPIN, PARITY =    17.5 +,     20 chs,      0 cc.  Rmin & Coul turning =    1.4   14.3
   S-matrix    2 =    1.00000   0.00000 for L=   18, J=   17.5 channel on core I =   0.0 from L=   18,  Acc. loss =  0.0 D.
 Elastic phase shift   2 =    0.000   0.000 deg. for the L =   18, J =   17.5 channel.
      17.5  0.99999879  0.00000179i: elastic S-matrix  @@      0.21  0   0 F  0
 Reaction Xsec    17.5+/18 @ 1 =   0.857/, Out:   0.000#   0.000#   1.104#   1.902#   6.296#   0.001f


 Total SPIN, PARITY =    17.5 -,     20 chs,      0 cc.  Rmin & Coul turning =    1.4   14.3
   S-matrix    2 =    1.00000   0.00001 for L=   17, J=   17.5 channel on core I =   0.0 from L=   17,  Acc. loss =  0.0 D.
 Elastic phase shift   2 =    0.000   0.000 deg. for the L =   17, J =   17.5 channel.
      17.5  0.99999648  0.00000584i: elastic S-matrix  @@      0.21  0   0 F  0
 Reaction Xsec    17.5-/17 @ 1 =   2.499/, Out:   0.000#   0.000#   5.437#   6.013#   0.023/   0.002f


 Total SPIN, PARITY =    18.5 +,     20 chs,      0 cc.  Rmin & Coul turning =    1.4   15.1
   S-matrix    2 =    1.00000   0.00000 for L=   18, J=   18.5 channel on core I =   0.0 from L=   18,  Acc. loss =  0.0 D.
 Elastic phase shift   2 =    0.000   0.000 deg. for the L =   18, J =   18.5 channel.
      18.5  0.99999879  0.00000200i: elastic S-matrix  @@      0.21  0   0 F  0
 Reaction Xsec    18.5+/18 @ 1 =   0.905/, Out:   0.000#   0.000#   1.519#   1.685#   6.646#   0.001f


 Total SPIN, PARITY =    18.5 -,     20 chs,      0 cc.  Rmin & Coul turning =    1.4   15.1
   S-matrix    2 =    1.00000   0.00000 for L=   19, J=   18.5 channel on core I =   0.0 from L=   19,  Acc. loss =  0.0 D.
 Elastic phase shift   2 =    0.000   0.000 deg. for the L =   19, J =   18.5 channel.
      18.5  0.99999959  0.00000062i: elastic S-matrix  @@      0.21  0   0 F  0
 Reaction Xsec    18.5-/19 @ 1 =   0.310/, Out:   0.000#   0.000#   0.311#   0.534#   1.802#   0.000f


 Total SPIN, PARITY =    19.5 +,     20 chs,      0 cc.  Rmin & Coul turning =    1.5   15.9
   S-matrix    2 =    1.00000   0.00000 for L=   20, J=   19.5 channel on core I =   0.0 from L=   20,  Acc. loss =  0.0 D.
 Elastic phase shift   2 =    0.000   0.000 deg. for the L =   20, J =   19.5 channel.
      19.5  0.99999986  0.00000021i: elastic S-matrix  @@      0.16  0   0 F  0
 Reaction Xsec    19.5+/20 @ 1 =   0.112/, Out:   0.000#   0.000#   0.087#   0.150#   0.516#   0.000f


 Total SPIN, PARITY =    19.5 -,     20 chs,      0 cc.  Rmin & Coul turning =    1.5   15.9
   S-matrix    2 =    1.00000   0.00000 for L=   19, J=   19.5 channel on core I =   0.0 from L=   19,  Acc. loss =  0.0 D.
 Elastic phase shift   2 =    0.000   0.000 deg. for the L =   19, J =   19.5 channel.
      19.5  0.99999959  0.00000069i: elastic S-matrix  @@      0.21  0   0 F  0
 Reaction Xsec    19.5-/19 @ 1 =   0.326/, Out:   0.000#   0.000#   0.425#   0.473#   1.897#   0.000f


 Total SPIN, PARITY =    20.5 +,     20 chs,      0 cc.  Rmin & Coul turning =    1.6   16.7
   S-matrix    2 =    1.00000   0.00000 for L=   20, J=   20.5 channel on core I =   0.0 from L=   20,  Acc. loss =  0.0 D.
 Elastic phase shift   2 =    0.000   0.000 deg. for the L =   20, J =   20.5 channel.
      20.5  0.99999986  0.00000023i: elastic S-matrix  @@      0.15  0   0 F  0
 Reaction Xsec    20.5+/20 @ 1 =   0.117/, Out:   0.000#   0.000#   0.119#   0.133#   0.542#   0.000f


 Total SPIN, PARITY =    20.5 -,     20 chs,      0 cc.  Rmin & Coul turning =    1.6   16.7
   S-matrix    2 =    1.00000   0.00000 for L=   21, J=   20.5 channel on core I =   0.0 from L=   21,  Acc. loss =  0.0 D.
 Elastic phase shift   2 =    0.000   0.000 deg. for the L =   21, J =   20.5 channel.
0****** WARNING : ACCURACY LOSS IN ERWIN = 14.2 DIGITS, SO EXPECT ERRORS OF   0.0000 % OF UNITARITY

0****** WARNING : ACCURACY LOSS IN ERWIN = 14.2 DIGITS, SO EXPECT ERRORS OF   0.0000 % OF UNITARITY

      20.5  0.99999995  0.00000007i: elastic S-matrix  @@      0.15  0   0 F  0
 Reaction Xsec    20.5-/21 @ 1 =   0.040/, Out:   0.000#   0.000#   0.018#   0.041#   0.148#   0.000f

 Finished all CC sets @    11.0533848    
0CUMULATIVE REACTION cross section                 =  991.87350  <L> =     4.70  <L**2> =     26.2
0CUMULATIVE outgoing cross sections in partition 1 :    0.35550
0CUMULATIVE outgoing cross sections in partition 2 :    0.00000
0CUMULATIVE outgoing cross sections in partition 3 :    7.74501    4.26240   12.44323
0Cumulative ABSORBTION by Imaginary Potentials     =  967.06736  <L> =     4.70  <L**2> =     26.1
   Fusion for specific p1       M-states :  967.067365  967.067365
0CUMULATIVE OUTGOING cross section                 =   24.80613
 To convert to S-factors (MeV.mb = keV.b),  multiply by  9.6856E+02


 CROSS SECTIONS FOR OUTGOING t3       & Ca 38    in state #   1 with spins & parities 0.5  + &  0.0  +;  0

     0.00 deg.: X-S =     0.225774 mb/sr,
+                                         REAC   3.5550E-01 mb
     1.00 deg.: X-S =     0.223828 mb/sr,
     2.00 deg.: X-S =     0.218107 mb/sr,
     3.00 deg.: X-S =     0.208961 mb/sr,
     4.00 deg.: X-S =     0.196945 mb/sr,
     5.00 deg.: X-S =     0.182781 mb/sr,
     6.00 deg.: X-S =     0.167314 mb/sr,
     7.00 deg.: X-S =     0.151450 mb/sr,
     8.00 deg.: X-S =     0.136100 mb/sr,
     9.00 deg.: X-S =     0.122121 mb/sr,
    10.00 deg.: X-S =     0.110262 mb/sr,
    11.00 deg.: X-S =     0.101115 mb/sr,
    12.00 deg.: X-S =     0.095089 mb/sr,
    13.00 deg.: X-S =     0.092383 mb/sr,
    14.00 deg.: X-S =     0.092983 mb/sr,
    15.00 deg.: X-S =     0.096670 mb/sr,
    16.00 deg.: X-S =     0.103041 mb/sr,
    17.00 deg.: X-S =     0.111545 mb/sr,
    18.00 deg.: X-S =     0.121519 mb/sr,
    19.00 deg.: X-S =     0.132238 mb/sr,
    20.00 deg.: X-S =     0.142964 mb/sr,
    21.00 deg.: X-S =     0.152986 mb/sr,
    22.00 deg.: X-S =     0.161670 mb/sr,
    23.00 deg.: X-S =     0.168488 mb/sr,
    24.00 deg.: X-S =     0.173048 mb/sr,
    25.00 deg.: X-S =     0.175104 mb/sr,
    26.00 deg.: X-S =     0.174568 mb/sr,
    27.00 deg.: X-S =     0.171499 mb/sr,
    28.00 deg.: X-S =     0.166093 mb/sr,
    29.00 deg.: X-S =     0.158663 mb/sr,
    30.00 deg.: X-S =     0.149607 mb/sr,
    31.00 deg.: X-S =     0.139385 mb/sr,
    32.00 deg.: X-S =     0.128481 mb/sr,
    33.00 deg.: X-S =     0.117381 mb/sr,
    34.00 deg.: X-S =     0.106539 mb/sr,
    35.00 deg.: X-S =     0.096355 mb/sr,
    36.00 deg.: X-S =     0.087162 mb/sr,
    37.00 deg.: X-S =     0.079209 mb/sr,
    38.00 deg.: X-S =     0.072656 mb/sr,
    39.00 deg.: X-S =     0.067575 mb/sr,
    40.00 deg.: X-S =     0.063954 mb/sr,
    41.00 deg.: X-S =     0.061706 mb/sr,
    42.00 deg.: X-S =     0.060683 mb/sr,
    43.00 deg.: X-S =     0.060687 mb/sr,
    44.00 deg.: X-S =     0.061490 mb/sr,
    45.00 deg.: X-S =     0.062849 mb/sr,
    46.00 deg.: X-S =     0.064516 mb/sr,
    47.00 deg.: X-S =     0.066259 mb/sr,
    48.00 deg.: X-S =     0.067865 mb/sr,
    49.00 deg.: X-S =     0.069156 mb/sr,
    50.00 deg.: X-S =     0.069989 mb/sr,
    51.00 deg.: X-S =     0.070261 mb/sr,
    52.00 deg.: X-S =     0.069909 mb/sr,
    53.00 deg.: X-S =     0.068911 mb/sr,
    54.00 deg.: X-S =     0.067277 mb/sr,
    55.00 deg.: X-S =     0.065050 mb/sr,
    56.00 deg.: X-S =     0.062296 mb/sr,
    57.00 deg.: X-S =     0.059100 mb/sr,
    58.00 deg.: X-S =     0.055557 mb/sr,
    59.00 deg.: X-S =     0.051771 mb/sr,
    60.00 deg.: X-S =     0.047843 mb/sr,
    61.00 deg.: X-S =     0.043871 mb/sr,
    62.00 deg.: X-S =     0.039943 mb/sr,
    63.00 deg.: X-S =     0.036139 mb/sr,
    64.00 deg.: X-S =     0.032523 mb/sr,
    65.00 deg.: X-S =     0.029145 mb/sr,
    66.00 deg.: X-S =     0.026042 mb/sr,
    67.00 deg.: X-S =     0.023238 mb/sr,
    68.00 deg.: X-S =     0.020741 mb/sr,
    69.00 deg.: X-S =     0.018552 mb/sr,
    70.00 deg.: X-S =     0.016659 mb/sr,
    71.00 deg.: X-S =     0.015045 mb/sr,
    72.00 deg.: X-S =     0.013688 mb/sr,
    73.00 deg.: X-S =     0.012559 mb/sr,
    74.00 deg.: X-S =     0.011631 mb/sr,
    75.00 deg.: X-S =     0.010874 mb/sr,
    76.00 deg.: X-S =     0.010259 mb/sr,
    77.00 deg.: X-S =     0.009760 mb/sr,
    78.00 deg.: X-S =     0.009353 mb/sr,
    79.00 deg.: X-S =     0.009014 mb/sr,
    80.00 deg.: X-S =     0.008727 mb/sr,
    81.00 deg.: X-S =     0.008475 mb/sr,
    82.00 deg.: X-S =     0.008247 mb/sr,
    83.00 deg.: X-S =     0.008033 mb/sr,
    84.00 deg.: X-S =     0.007825 mb/sr,
    85.00 deg.: X-S =     0.007620 mb/sr,
    86.00 deg.: X-S =     0.007414 mb/sr,
    87.00 deg.: X-S =     0.007206 mb/sr,
    88.00 deg.: X-S =     0.006994 mb/sr,
    89.00 deg.: X-S =     0.006781 mb/sr,
    90.00 deg.: X-S =     0.006565 mb/sr,
    91.00 deg.: X-S =     0.006349 mb/sr,
    92.00 deg.: X-S =     0.006132 mb/sr,
    93.00 deg.: X-S =     0.005917 mb/sr,
    94.00 deg.: X-S =     0.005705 mb/sr,
    95.00 deg.: X-S =     0.005495 mb/sr,
    96.00 deg.: X-S =     0.005288 mb/sr,
    97.00 deg.: X-S =     0.005085 mb/sr,
    98.00 deg.: X-S =     0.004886 mb/sr,
    99.00 deg.: X-S =     0.004690 mb/sr,
   100.00 deg.: X-S =     0.004497 mb/sr,
   101.00 deg.: X-S =     0.004309 mb/sr,
   102.00 deg.: X-S =     0.004123 mb/sr,
   103.00 deg.: X-S =     0.003940 mb/sr,
   104.00 deg.: X-S =     0.003761 mb/sr,
   105.00 deg.: X-S =     0.003585 mb/sr,
   106.00 deg.: X-S =     0.003413 mb/sr,
   107.00 deg.: X-S =     0.003244 mb/sr,
   108.00 deg.: X-S =     0.003079 mb/sr,
   109.00 deg.: X-S =     0.002919 mb/sr,
   110.00 deg.: X-S =     0.002763 mb/sr,
   111.00 deg.: X-S =     0.002614 mb/sr,
   112.00 deg.: X-S =     0.002470 mb/sr,
   113.00 deg.: X-S =     0.002334 mb/sr,
   114.00 deg.: X-S =     0.002204 mb/sr,
   115.00 deg.: X-S =     0.002081 mb/sr,
   116.00 deg.: X-S =     0.001967 mb/sr,
   117.00 deg.: X-S =     0.001860 mb/sr,
   118.00 deg.: X-S =     0.001761 mb/sr,
   119.00 deg.: X-S =     0.001669 mb/sr,
   120.00 deg.: X-S =     0.001586 mb/sr,
   121.00 deg.: X-S =     0.001509 mb/sr,
   122.00 deg.: X-S =     0.001439 mb/sr,
   123.00 deg.: X-S =     0.001375 mb/sr,
   124.00 deg.: X-S =     0.001317 mb/sr,
   125.00 deg.: X-S =     0.001263 mb/sr,
   126.00 deg.: X-S =     0.001214 mb/sr,
   127.00 deg.: X-S =     0.001168 mb/sr,
   128.00 deg.: X-S =     0.001125 mb/sr,
   129.00 deg.: X-S =     0.001085 mb/sr,
   130.00 deg.: X-S =     0.001046 mb/sr,
   131.00 deg.: X-S =     0.001010 mb/sr,
   132.00 deg.: X-S =     0.000974 mb/sr,
   133.00 deg.: X-S =     0.000940 mb/sr,
   134.00 deg.: X-S =     0.000906 mb/sr,
   135.00 deg.: X-S =     0.000875 mb/sr,
   136.00 deg.: X-S =     0.000844 mb/sr,
   137.00 deg.: X-S =     0.000815 mb/sr,
   138.00 deg.: X-S =     0.000789 mb/sr,
   139.00 deg.: X-S =     0.000765 mb/sr,
   140.00 deg.: X-S =     0.000744 mb/sr,
   141.00 deg.: X-S =     0.000727 mb/sr,
   142.00 deg.: X-S =     0.000713 mb/sr,
   143.00 deg.: X-S =     0.000704 mb/sr,
   144.00 deg.: X-S =     0.000699 mb/sr,
   145.00 deg.: X-S =     0.000700 mb/sr,
   146.00 deg.: X-S =     0.000705 mb/sr,
   147.00 deg.: X-S =     0.000715 mb/sr,
   148.00 deg.: X-S =     0.000731 mb/sr,
   149.00 deg.: X-S =     0.000751 mb/sr,
   150.00 deg.: X-S =     0.000776 mb/sr,
   151.00 deg.: X-S =     0.000805 mb/sr,
   152.00 deg.: X-S =     0.000837 mb/sr,
   153.00 deg.: X-S =     0.000873 mb/sr,
   154.00 deg.: X-S =     0.000910 mb/sr,
   155.00 deg.: X-S =     0.000948 mb/sr,
   156.00 deg.: X-S =     0.000988 mb/sr,
   157.00 deg.: X-S =     0.001027 mb/sr,
   158.00 deg.: X-S =     0.001065 mb/sr,
   159.00 deg.: X-S =     0.001101 mb/sr,
   160.00 deg.: X-S =     0.001135 mb/sr,
   161.00 deg.: X-S =     0.001166 mb/sr,
   162.00 deg.: X-S =     0.001193 mb/sr,
   163.00 deg.: X-S =     0.001217 mb/sr,
   164.00 deg.: X-S =     0.001237 mb/sr,
   165.00 deg.: X-S =     0.001252 mb/sr,
   166.00 deg.: X-S =     0.001264 mb/sr,
   167.00 deg.: X-S =     0.001272 mb/sr,
   168.00 deg.: X-S =     0.001276 mb/sr,
   169.00 deg.: X-S =     0.001277 mb/sr,
   170.00 deg.: X-S =     0.001275 mb/sr,
   171.00 deg.: X-S =     0.001271 mb/sr,
   172.00 deg.: X-S =     0.001265 mb/sr,
   173.00 deg.: X-S =     0.001258 mb/sr,
   174.00 deg.: X-S =     0.001250 mb/sr,
   175.00 deg.: X-S =     0.001243 mb/sr,
   176.00 deg.: X-S =     0.001236 mb/sr,
   177.00 deg.: X-S =     0.001230 mb/sr,
   178.00 deg.: X-S =     0.001225 mb/sr,
   179.00 deg.: X-S =     0.001223 mb/sr,
   180.00 deg.: X-S =     0.001222 mb/sr,
                                           Integrated    0.3555 mb, over [   0.000, 180.000] at    35.0000 MeV 

 CROSS SECTIONS FOR OUTGOING p1       & Ca 40    in state #   1 with spins & parities 0.5  + &  0.0  +;  0

     0.01 deg.: X-S =   7.6659E+15 mb/sr,
+                                         /R =   1.0000E+00
     1.00 deg.: X-S =   7.6494E+07 mb/sr,
+                                         /R =   9.9780E-01
     2.00 deg.: X-S =   4.5878E+06 mb/sr,
+                                         /R =   9.5735E-01
     3.00 deg.: X-S =   8.3701E+05 mb/sr,
+                                         /R =   8.8399E-01
     4.00 deg.: X-S =   2.3864E+05 mb/sr,
+                                         /R =   7.9627E-01
     5.00 deg.: X-S =   8.7424E+04 mb/sr,
+                                         /R =   7.1186E-01
     6.00 deg.: X-S =   3.8258E+04 mb/sr,
+                                         /R =   6.4560E-01
     7.00 deg.: X-S =   1.9495E+04 mb/sr,
+                                         /R =   6.0906E-01
     8.00 deg.: X-S =   1.1458E+04 mb/sr,
+                                         /R =   6.1023E-01
     9.00 deg.: X-S =  7666.552999 mb/sr,
+                                         /R =   6.5346E-01
    10.00 deg.: X-S =  5697.392991 mb/sr,
+                                         /R =   7.3944E-01
    11.00 deg.: X-S =  4558.863589 mb/sr,
+                                         /R =   8.6535E-01
    12.00 deg.: X-S =  3817.685410 mb/sr,
+                                         /R =   1.0251E+00
    13.00 deg.: X-S =  3275.759099 mb/sr,
+                                         /R =   1.2100E+00
    14.00 deg.: X-S =  2839.960697 mb/sr,
+                                         /R =   1.4091E+00
    15.00 deg.: X-S =  2466.058219 mb/sr,
+                                         /R =   1.6100E+00
    16.00 deg.: X-S =  2133.230316 mb/sr,
+                                         /R =   1.8001E+00
    17.00 deg.: X-S =  1831.988533 mb/sr,
+                                         /R =   1.9669E+00
    18.00 deg.: X-S =  1558.264785 mb/sr,
+                                         /R =   2.0990E+00
    19.00 deg.: X-S =  1310.453082 mb/sr,
+                                         /R =   2.1873E+00
    20.00 deg.: X-S =  1087.916407 mb/sr,
+                                         /R =   2.2250E+00
    21.00 deg.: X-S =   890.241404 mb/sr,
+                                         /R =   2.2084E+00
    22.00 deg.: X-S =   716.883689 mb/sr,
+                                         /R =   2.1374E+00
    23.00 deg.: X-S =   567.020601 mb/sr,
+                                         /R =   2.0150E+00
    24.00 deg.: X-S =   439.514819 mb/sr,
+                                         /R =   1.8473E+00
    25.00 deg.: X-S =   332.936571 mb/sr,
+                                         /R =   1.6434E+00
    26.00 deg.: X-S =   245.615365 mb/sr,
+                                         /R =   1.4147E+00
    27.00 deg.: X-S =   175.704615 mb/sr,
+                                         /R =   1.1737E+00
    28.00 deg.: X-S =   121.249475 mb/sr,
+                                         /R =   9.3417E-01
    29.00 deg.: X-S =    80.252049 mb/sr,
+                                         /R =   7.0941E-01
    30.00 deg.: X-S =    50.730561 mb/sr,
+                                         /R =   5.1203E-01
    31.00 deg.: X-S =    30.770474 mb/sr,
+                                         /R =   3.5300E-01
    32.00 deg.: X-S =    18.566575 mb/sr,
+                                         /R =   2.4106E-01
    33.00 deg.: X-S =    12.455662 mb/sr,
+                                         /R =   1.8230E-01
    34.00 deg.: X-S =    10.940015 mb/sr,
+                                         /R =   1.7981E-01
    35.00 deg.: X-S =    12.702167 mb/sr,
+                                         /R =   2.3361E-01
    36.00 deg.: X-S =    16.611737 mb/sr,
+                                         /R =   3.4071E-01
    37.00 deg.: X-S =    21.725315 mb/sr,
+                                         /R =   4.9535E-01
    38.00 deg.: X-S =    27.280443 mb/sr,
+                                         /R =   6.8939E-01
    39.00 deg.: X-S =    32.684831 mb/sr,
+                                         /R =   9.1279E-01
    40.00 deg.: X-S =    37.501926 mb/sr,
+                                         /R =   1.1543E+00
    41.00 deg.: X-S =    41.433916 mb/sr,
+                                         /R =   1.4019E+00
    42.00 deg.: X-S =    44.303170 mb/sr,
+                                         /R =   1.6436E+00
    43.00 deg.: X-S =    46.033009 mb/sr,
+                                         /R =   1.8682E+00
    44.00 deg.: X-S =    46.628598 mb/sr,
+                                         /R =   2.0654E+00
    45.00 deg.: X-S =    46.158595 mb/sr,
+                                         /R =   2.2267E+00
    46.00 deg.: X-S =    44.738075 mb/sr,
+                                         /R =   2.3455E+00
    47.00 deg.: X-S =    42.513107 mb/sr,
+                                         /R =   2.4175E+00
    48.00 deg.: X-S =    39.647245 mb/sr,
+                                         /R =   2.4407E+00
    49.00 deg.: X-S =    36.310061 mb/sr,
+                                         /R =   2.4153E+00
    50.00 deg.: X-S =    32.667782 mb/sr,
+                                         /R =   2.3440E+00
    51.00 deg.: X-S =    28.875966 mb/sr,
+                                         /R =   2.2311E+00
    52.00 deg.: X-S =    25.074124 mb/sr,
+                                         /R =   2.0828E+00
    53.00 deg.: X-S =    21.382108 mb/sr,
+                                         /R =   1.9064E+00
    54.00 deg.: X-S =    17.898078 mb/sr,
+                                         /R =   1.7102E+00
    55.00 deg.: X-S =    14.697819 mb/sr,
+                                         /R =   1.5029E+00
    56.00 deg.: X-S =    11.835163 mb/sr,
+                                         /R =   1.2932E+00
    57.00 deg.: X-S =     9.343307 mb/sr,
+                                         /R =   1.0894E+00
    58.00 deg.: X-S =     7.236780 mb/sr,
+                                         /R =   8.9924E-01
    59.00 deg.: X-S =     5.513859 mb/sr,
+                                         /R =   7.2921E-01
    60.00 deg.: X-S =     4.159258 mb/sr,
+                                         /R =   5.8471E-01
    61.00 deg.: X-S =     3.146910 mb/sr,
+                                         /R =   4.6968E-01
    62.00 deg.: X-S =     2.442726 mb/sr,
+                                         /R =   3.8661E-01
    63.00 deg.: X-S =     2.007204 mb/sr,
+                                         /R =   3.3649E-01
    64.00 deg.: X-S =     1.797820 mb/sr,
+                                         /R =   3.1888E-01
    65.00 deg.: X-S =     1.771140 mb/sr,
+                                         /R =   3.3202E-01
    66.00 deg.: X-S =     1.884608 mb/sr,
+                                         /R =   3.7299E-01
    67.00 deg.: X-S =     2.098005 mb/sr,
+                                         /R =   4.3793E-01
    68.00 deg.: X-S =     2.374575 mb/sr,
+                                         /R =   5.2225E-01
    69.00 deg.: X-S =     2.681825 mb/sr,
+                                         /R =   6.2085E-01
    70.00 deg.: X-S =     2.992036 mb/sr,
+                                         /R =   7.2841E-01
    71.00 deg.: X-S =     3.282500 mb/sr,
+                                         /R =   8.3959E-01
    72.00 deg.: X-S =     3.535531 mb/sr,
+                                         /R =   9.4924E-01
    73.00 deg.: X-S =     3.738291 mb/sr,
+                                         /R =   1.0526E+00
    74.00 deg.: X-S =     3.882450 mb/sr,
+                                         /R =   1.1455E+00
    75.00 deg.: X-S =     3.963748 mb/sr,
+                                         /R =   1.2244E+00
    76.00 deg.: X-S =     3.981465 mb/sr,
+                                         /R =   1.2866E+00
    77.00 deg.: X-S =     3.937860 mb/sr,
+                                         /R =   1.3302E+00
    78.00 deg.: X-S =     3.837584 mb/sr,
+                                         /R =   1.3539E+00
    79.00 deg.: X-S =     3.687101 mb/sr,
+                                         /R =   1.3576E+00
    80.00 deg.: X-S =     3.494145 mb/sr,
+                                         /R =   1.3417E+00
    81.00 deg.: X-S =     3.267212 mb/sr,
+                                         /R =   1.3074E+00
    82.00 deg.: X-S =     3.015109 mb/sr,
+                                         /R =   1.2564E+00
    83.00 deg.: X-S =     2.746569 mb/sr,
+                                         /R =   1.1909E+00
    84.00 deg.: X-S =     2.469926 mb/sr,
+                                         /R =   1.1137E+00
    85.00 deg.: X-S =     2.192859 mb/sr,
+                                         /R =   1.0275E+00
    86.00 deg.: X-S =     1.922200 mb/sr,
+                                         /R =   9.3535E-01
    87.00 deg.: X-S =     1.663806 mb/sr,
+                                         /R =   8.4023E-01
    88.00 deg.: X-S =     1.422481 mb/sr,
+                                         /R =   7.4503E-01
    89.00 deg.: X-S =     1.201953 mb/sr,
+                                         /R =   6.5250E-01
    90.00 deg.: X-S =     1.004888 mb/sr,
+                                         /R =   5.6507E-01
    91.00 deg.: X-S =     0.832946 mb/sr,
+                                         /R =   4.8487E-01
    92.00 deg.: X-S =     0.686853 mb/sr,
+                                         /R =   4.1366E-01
    93.00 deg.: X-S =     0.566507 mb/sr,
+                                         /R =   3.5278E-01
    94.00 deg.: X-S =     0.471087 mb/sr,
+                                         /R =   3.0315E-01
    95.00 deg.: X-S =     0.399174 mb/sr,
+                                         /R =   2.6530E-01
    96.00 deg.: X-S =     0.348877 mb/sr,
+                                         /R =   2.3934E-01
    97.00 deg.: X-S =     0.317948 mb/sr,
+                                         /R =   2.2502E-01
    98.00 deg.: X-S =     0.303905 mb/sr,
+                                         /R =   2.2177E-01
    99.00 deg.: X-S =     0.304131 mb/sr,
+                                         /R =   2.2871E-01
   100.00 deg.: X-S =     0.315973 mb/sr,
+                                         /R =   2.4474E-01
   101.00 deg.: X-S =     0.336826 mb/sr,
+                                         /R =   2.6858E-01
   102.00 deg.: X-S =     0.364198 mb/sr,
+                                         /R =   2.9881E-01
   103.00 deg.: X-S =     0.395772 mb/sr,
+                                         /R =   3.3394E-01
   104.00 deg.: X-S =     0.429443 mb/sr,
+                                         /R =   3.7246E-01
   105.00 deg.: X-S =     0.463355 mb/sr,
+                                         /R =   4.1288E-01
   106.00 deg.: X-S =     0.495913 mb/sr,
+                                         /R =   4.5378E-01
   107.00 deg.: X-S =     0.525795 mb/sr,
+                                         /R =   4.9383E-01
   108.00 deg.: X-S =     0.551951 mb/sr,
+                                         /R =   5.3183E-01
   109.00 deg.: X-S =     0.573591 mb/sr,
+                                         /R =   5.6675E-01
   110.00 deg.: X-S =     0.590174 mb/sr,
+                                         /R =   5.9770E-01
   111.00 deg.: X-S =     0.601384 mb/sr,
+                                         /R =   6.2398E-01
   112.00 deg.: X-S =     0.607108 mb/sr,
+                                         /R =   6.4507E-01
   113.00 deg.: X-S =     0.607411 mb/sr,
+                                         /R =   6.6062E-01
   114.00 deg.: X-S =     0.602505 mb/sr,
+                                         /R =   6.7046E-01
   115.00 deg.: X-S =     0.592726 mb/sr,
+                                         /R =   6.7455E-01
   116.00 deg.: X-S =     0.578503 mb/sr,
+                                         /R =   6.7303E-01
   117.00 deg.: X-S =     0.560336 mb/sr,
+                                         /R =   6.6613E-01
   118.00 deg.: X-S =     0.538771 mb/sr,
+                                         /R =   6.5420E-01
   119.00 deg.: X-S =     0.514377 mb/sr,
+                                         /R =   6.3769E-01
   120.00 deg.: X-S =     0.487730 mb/sr,
+                                         /R =   6.1709E-01
   121.00 deg.: X-S =     0.459397 mb/sr,
+                                         /R =   5.9295E-01
   122.00 deg.: X-S =     0.429921 mb/sr,
+                                         /R =   5.6586E-01
   123.00 deg.: X-S =     0.399813 mb/sr,
+                                         /R =   5.3641E-01
   124.00 deg.: X-S =     0.369543 mb/sr,
+                                         /R =   5.0518E-01
   125.00 deg.: X-S =     0.339534 mb/sr,
+                                         /R =   4.7276E-01
   126.00 deg.: X-S =     0.310159 mb/sr,
+                                         /R =   4.3970E-01
   127.00 deg.: X-S =     0.281745 mb/sr,
+                                         /R =   4.0650E-01
   128.00 deg.: X-S =     0.254564 mb/sr,
+                                         /R =   3.7366E-01
   129.00 deg.: X-S =     0.228843 mb/sr,
+                                         /R =   3.4161E-01
   130.00 deg.: X-S =     0.204765 mb/sr,
+                                         /R =   3.1074E-01
   131.00 deg.: X-S =     0.182469 mb/sr,
+                                         /R =   2.8140E-01
   132.00 deg.: X-S =     0.162059 mb/sr,
+                                         /R =   2.5389E-01
   133.00 deg.: X-S =     0.143605 mb/sr,
+                                         /R =   2.2846E-01
   134.00 deg.: X-S =     0.127149 mb/sr,
+                                         /R =   2.0533E-01
   135.00 deg.: X-S =     0.112710 mb/sr,
+                                         /R =   1.8470E-01
   136.00 deg.: X-S =     0.100287 mb/sr,
+                                         /R =   1.6671E-01
   137.00 deg.: X-S =     0.089864 mb/sr,
+                                         /R =   1.5148E-01
   138.00 deg.: X-S =     0.081412 mb/sr,
+                                         /R =   1.3910E-01
   139.00 deg.: X-S =     0.074893 mb/sr,
+                                         /R =   1.2967E-01
   140.00 deg.: X-S =     0.070262 mb/sr,
+                                         /R =   1.2323E-01
   141.00 deg.: X-S =     0.067469 mb/sr,
+                                         /R =   1.1982E-01
   142.00 deg.: X-S =     0.066462 mb/sr,
+                                         /R =   1.1948E-01
   143.00 deg.: X-S =     0.067184 mb/sr,
+                                         /R =   1.2222E-01
   144.00 deg.: X-S =     0.069577 mb/sr,
+                                         /R =   1.2804E-01
   145.00 deg.: X-S =     0.073583 mb/sr,
+                                         /R =   1.3693E-01
   146.00 deg.: X-S =     0.079139 mb/sr,
+                                         /R =   1.4888E-01
   147.00 deg.: X-S =     0.086184 mb/sr,
+                                         /R =   1.6384E-01
   148.00 deg.: X-S =     0.094652 mb/sr,
+                                         /R =   1.8178E-01
   149.00 deg.: X-S =     0.104473 mb/sr,
+                                         /R =   2.0262E-01
   150.00 deg.: X-S =     0.115577 mb/sr,
+                                         /R =   2.2630E-01
   151.00 deg.: X-S =     0.127887 mb/sr,
+                                         /R =   2.5272E-01
   152.00 deg.: X-S =     0.141323 mb/sr,
+                                         /R =   2.8176E-01
   153.00 deg.: X-S =     0.155798 mb/sr,
+                                         /R =   3.1328E-01
   154.00 deg.: X-S =     0.171222 mb/sr,
+                                         /R =   3.4714E-01
   155.00 deg.: X-S =     0.187498 mb/sr,
+                                         /R =   3.8315E-01
   156.00 deg.: X-S =     0.204524 mb/sr,
+                                         /R =   4.2112E-01
   157.00 deg.: X-S =     0.222192 mb/sr,
+                                         /R =   4.6083E-01
   158.00 deg.: X-S =     0.240391 mb/sr,
+                                         /R =   5.0205E-01
   159.00 deg.: X-S =     0.259002 mb/sr,
+                                         /R =   5.4452E-01
   160.00 deg.: X-S =     0.277904 mb/sr,
+                                         /R =   5.8796E-01
   161.00 deg.: X-S =     0.296972 mb/sr,
+                                         /R =   6.3208E-01
   162.00 deg.: X-S =     0.316079 mb/sr,
+                                         /R =   6.7658E-01
   163.00 deg.: X-S =     0.335096 mb/sr,
+                                         /R =   7.2115E-01
   164.00 deg.: X-S =     0.353892 mb/sr,
+                                         /R =   7.6547E-01
   165.00 deg.: X-S =     0.372337 mb/sr,
+                                         /R =   8.0920E-01
   166.00 deg.: X-S =     0.390304 mb/sr,
+                                         /R =   8.5202E-01
   167.00 deg.: X-S =     0.407665 mb/sr,
+                                         /R =   8.9360E-01
   168.00 deg.: X-S =     0.424298 mb/sr,
+                                         /R =   9.3363E-01
   169.00 deg.: X-S =     0.440084 mb/sr,
+                                         /R =   9.7177E-01
   170.00 deg.: X-S =     0.454911 mb/sr,
+                                         /R =   1.0077E+00
   171.00 deg.: X-S =     0.468671 mb/sr,
+                                         /R =   1.0412E+00
   172.00 deg.: X-S =     0.481266 mb/sr,
+                                         /R =   1.0720E+00
   173.00 deg.: X-S =     0.492605 mb/sr,
+                                         /R =   1.0998E+00
   174.00 deg.: X-S =     0.502604 mb/sr,
+                                         /R =   1.1243E+00
   175.00 deg.: X-S =     0.511191 mb/sr,
+                                         /R =   1.1454E+00
   176.00 deg.: X-S =     0.518305 mb/sr,
+                                         /R =   1.1630E+00
   177.00 deg.: X-S =     0.523892 mb/sr,
+                                         /R =   1.1768E+00
   178.00 deg.: X-S =     0.527912 mb/sr,
+                                         /R =   1.1867E+00
   179.00 deg.: X-S =     0.530336 mb/sr,
+                                         /R =   1.1927E+00
   179.99 deg.: X-S =     0.531146 mb/sr,
+                                         /R =   1.1947E+00
                                           Integrated********** mb, over [   0.000, 180.000] at    35.0000 MeV 

 CROSS SECTIONS FOR OUTGOING d2       & Ca 39    in state #   1 with spins & parities 1.0  + &  1.5  +;  0


 CROSS SECTIONS FOR OUTGOING d2       & Ca 39    in state #   2 with spins & parities 1.0  + &  2.5  +;  0


 CROSS SECTIONS FOR OUTGOING d2       & Ca 39    in state #   3 with spins & parities 1.0  + &  0.5  +;  0

 Finished all xsecs @    11.0580750    

  The following files have been created:
   3:local copy of User input.            6:standard output.                   
   7:elastic  S-matrix elements.         12:transfer kernels.                  
  13:total cross sections/state.         16:tables of cross sections.          
  35:Astrophysics S-factors  / Ecm.      38:cross sections for each J/pi.      
  39:cross sections for each Ecm.        40:all cross sectns. for each Elab.   
  45:scat phase shift as E functions.    46:bs wave functions & ANC ratios.    
  56:Fusion for each Jtotal.             75:S-factors for lab energies.        
 200:.                                  201:Separate cross sections.           

 PARAMETERS : MAXQRN   MFNL   MLOC  LMAX1 MCLIST
    ALLOWED :     31    400     23     40      6
    REQUIRED:     31     33     23     25      4


 ACCURACY ANALYSIS at    35.000 MeV :

  Elastic h*k = 0.063 so OK       compared with 0.200

   Real(S-el) > 0.01 first at J =       0.5
   Real(S-el) > 0.10 first at J =       0.5
   Real(S-el) > 0.50 first at J =       5.5
   Real(S-el) > 0.90 first at J =       7.5
   Real(S-el) > 0.99 first at J =       9.5
   R-turn =    16.66 fm    at J =      20.5

 Forward-angle excitation cut off below   2.905 deg by max JT =      20.5
                              and below   1.611 deg by max R.


 1: Recommended RNL: non-local width >  10.00 cf:  16.00 fm: OK      
    Recommended CENTRE: centration   ~  -1.50 cf:  -1.10 fm


 2: Recommended RNL: non-local width >   7.00 cf:  16.00 fm: OK      
    Recommended CENTRE: centration   ~  -1.00 cf:  -1.10 fm


 3: Recommended RNL: non-local width >   5.70 cf:  16.00 fm: OK      
    Recommended CENTRE: centration   ~  -1.05 cf:  -1.10 fm

 Total CPU  0 time =      11.06 seconds
